#
# There is insufficient memory for the Java Runtime Environment to continue.
# Native memory allocation (malloc) failed to allocate 32784 bytes for Chunk::new
# Possible reasons:
#   The system is out of physical RAM or swap space
#   The process is running with CompressedOops enabled, and the Java Heap may be blocking the growth of the native heap
# Possible solutions:
#   Reduce memory load on the system
#   Increase physical memory or swap space
#   Check if swap backing store is full
#   Decrease Java heap size (-Xmx/-Xms)
#   Decrease number of Java threads
#   Decrease Java thread stack sizes (-Xss)
#   Set larger code cache with -XX:ReservedCodeCacheSize=
#   JVM is running with Unscaled Compressed Oops mode in which the Java heap is
#     placed in the first 4GB address space. The Java Heap base address is the
#     maximum limit for the native heap growth. Please use -XX:HeapBaseMinAddress
#     to set the Java Heap base and to place the Java Heap above 4GB virtual address.
# This output file may be truncated or incomplete.
#
#  Out of Memory Error (allocation.cpp:389), pid=15776, tid=0x0000000000003a40
#
# JRE version: Java(TM) SE Runtime Environment (8.0_291-b10) (build 1.8.0_291-b10)
# Java VM: Java HotSpot(TM) 64-Bit Server VM (25.291-b10 mixed mode windows-amd64 compressed oops)
# Failed to write core dump. Minidumps are not enabled by default on client versions of Windows
#

---------------  T H R E A D  ---------------

Current thread (0x00000191c2c2c000):  JavaThread "C2 CompilerThread2" daemon [_thread_in_native, id=14912, stack(0x0000002849e00000,0x0000002849f00000)]

Stack: [0x0000002849e00000,0x0000002849f00000]
Native frames: (J=compiled Java code, j=interpreted, Vv=VM code, C=native code)
V  [jvm.dll+0x32ea19]
V  [jvm.dll+0x275462]
V  [jvm.dll+0x27610d]
V  [jvm.dll+0x26cb45]
V  [jvm.dll+0xd524c]
V  [jvm.dll+0xd5a4c]
V  [jvm.dll+0xd559d]
V  [jvm.dll+0x4c619f]
V  [jvm.dll+0x4695cc]
V  [jvm.dll+0x46a153]
V  [jvm.dll+0x466548]
V  [jvm.dll+0x46bdd3]
V  [jvm.dll+0x4cf68a]
V  [jvm.dll+0x4cecdb]
V  [jvm.dll+0x4ccfbf]
V  [jvm.dll+0x42cb30]
V  [jvm.dll+0x45198e]
V  [jvm.dll+0x4d708c]
V  [jvm.dll+0x4cf63c]
V  [jvm.dll+0x4cecdb]
V  [jvm.dll+0x4ccfbf]
V  [jvm.dll+0x42cb30]
V  [jvm.dll+0x45198e]
V  [jvm.dll+0x4d708c]
V  [jvm.dll+0x4cf63c]
V  [jvm.dll+0x4cecdb]
V  [jvm.dll+0x4ccfbf]
V  [jvm.dll+0x42cb30]
V  [jvm.dll+0x45198e]
V  [jvm.dll+0x4d708c]
V  [jvm.dll+0x4cf63c]
V  [jvm.dll+0x4cecdb]
V  [jvm.dll+0x4ccfbf]
V  [jvm.dll+0x42cb30]
V  [jvm.dll+0x45198e]
V  [jvm.dll+0x4d708c]
V  [jvm.dll+0x4cf63c]
V  [jvm.dll+0x4cecdb]
V  [jvm.dll+0x4ccfbf]
V  [jvm.dll+0x42cb30]
V  [jvm.dll+0x43f865]
V  [jvm.dll+0x42aa57]
V  [jvm.dll+0xabeeb]
V  [jvm.dll+0xaa54b]
V  [jvm.dll+0x23db02]
V  [jvm.dll+0x29210c]
C  [ucrtbase.dll+0x21bb2]
C  [KERNEL32.DLL+0x17034]
C  [ntdll.dll+0x52651]


Current CompileTask:
C2:   5820 1339  s    4       java.lang.reflect.Field::declaredAnnotations (59 bytes)


---------------  P R O C E S S  ---------------

Java Threads: ( => current thread )
  0x00000191c2c31800 JavaThread "Service Thread" daemon [_thread_blocked, id=16184, stack(0x000000284a000000,0x000000284a100000)]
  0x00000191c2c2f000 JavaThread "C1 CompilerThread3" daemon [_thread_blocked, id=16288, stack(0x0000002849f00000,0x000000284a000000)]
=>0x00000191c2c2c000 JavaThread "C2 CompilerThread2" daemon [_thread_in_native, id=14912, stack(0x0000002849e00000,0x0000002849f00000)]
  0x00000191c2c27000 JavaThread "C2 CompilerThread1" daemon [_thread_blocked, id=15636, stack(0x0000002849d00000,0x0000002849e00000)]
  0x00000191c2bc7000 JavaThread "C2 CompilerThread0" daemon [_thread_blocked, id=13628, stack(0x0000002849c00000,0x0000002849d00000)]
  0x00000191c2bc6000 JavaThread "Attach Listener" daemon [_thread_blocked, id=13584, stack(0x0000002849b00000,0x0000002849c00000)]
  0x00000191c2bc3000 JavaThread "Signal Dispatcher" daemon [_thread_blocked, id=13872, stack(0x0000002849a00000,0x0000002849b00000)]
  0x00000191c1f9d000 JavaThread "Finalizer" daemon [_thread_blocked, id=16356, stack(0x0000002849800000,0x0000002849900000)]
  0x00000191c2b9a000 JavaThread "Reference Handler" daemon [_thread_blocked, id=16348, stack(0x0000002849700000,0x0000002849800000)]
  0x00000191abef6000 JavaThread "main" [_thread_in_native_trans, id=14536, stack(0x0000002848d00000,0x0000002848e00000)]

Other Threads:
  0x00000191c2b73000 VMThread [stack: 0x0000002849600000,0x0000002849700000] [id=14896]
  0x00000191c2c43800 WatcherThread [stack: 0x000000284a100000,0x000000284a200000] [id=15044]

VM state:not at safepoint (normal execution)

VM Mutex/Monitor currently owned by a thread: None

heap address: 0x0000000083200000, size: 1998 MB, Compressed Oops mode: 32-bit
Narrow klass base: 0x0000000000000000, Narrow klass shift: 3
Compressed class space size: 1073741824 Address: 0x0000000100000000

Heap:
 PSYoungGen      total 37888K, used 19710K [0x00000000d6600000, 0x00000000d9000000, 0x0000000100000000)
  eden space 32768K, 44% used [0x00000000d6600000,0x00000000d74425f8,0x00000000d8600000)
  from space 5120K, 99% used [0x00000000d8b00000,0x00000000d8ffd5f0,0x00000000d9000000)
  to   space 5120K, 0% used [0x00000000d8600000,0x00000000d8600000,0x00000000d8b00000)
 ParOldGen       total 86016K, used 1968K [0x0000000083200000, 0x0000000088600000, 0x00000000d6600000)
  object space 86016K, 2% used [0x0000000083200000,0x00000000833ec388,0x0000000088600000)
 Metaspace       used 13262K, capacity 13454K, committed 13568K, reserved 1060864K
  class space    used 1654K, capacity 1746K, committed 1792K, reserved 1048576K

Card table byte_map: [0x00000191bcdb0000,0x00000191bd1a0000] byte_map_base: 0x00000191bc997000

Marking Bits: (ParMarkBitMap*) 0x0000000061687fe0
 Begin Bits: [0x00000191bd440000, 0x00000191bf378000)
 End Bits:   [0x00000191bf378000, 0x00000191c12b0000)

Polling page: 0x00000191ac140000

CodeCache: size=245760Kb used=4853Kb max_used=4853Kb free=240906Kb
 bounds [0x00000191ad9f0000, 0x00000191adec0000, 0x00000191bc9f0000]
 total_blobs=1699 nmethods=1365 adapters=245
 compilation: disabled (not enough contiguous free space left)

Compilation events (10 events):
Event: 5.580 Thread 0x00000191c2c2f000 nmethod 1335 0x00000191ade9f950 code [0x00000191ade9fac0, 0x00000191ade9fdb8]
Event: 5.582 Thread 0x00000191c2c2f000 1336       3       java.lang.reflect.Field::getGenericType (20 bytes)
Event: 5.583 Thread 0x00000191c2c2f000 nmethod 1336 0x00000191ade9fed0 code [0x00000191adea0120, 0x00000191adea0eb0]
Event: 5.585 Thread 0x00000191c2c2f000 1337       3       org.eclipse.sisu.inject.InjectorBindings::isAssignableFrom (28 bytes)
Event: 5.586 Thread 0x00000191c2c2f000 nmethod 1337 0x00000191adea1a50 code [0x00000191adea1c00, 0x00000191adea21b0]
Event: 5.586 Thread 0x00000191c2c2f000 1338       3       org.eclipse.sisu.inject.Implementations::find (13 bytes)
Event: 5.586 Thread 0x00000191c2c2f000 nmethod 1338 0x00000191adea23d0 code [0x00000191adea2540, 0x00000191adea2830]
Event: 5.587 Thread 0x00000191c2c2c000 1339  s    4       java.lang.reflect.Field::declaredAnnotations (59 bytes)
Event: 5.588 Thread 0x00000191c2c2f000 1340       3       org.eclipse.sisu.inject.TypeArguments::isAssignableFrom (158 bytes)
Event: 5.590 Thread 0x00000191c2c2f000 nmethod 1340 0x00000191adea2910 code [0x00000191adea2cc0, 0x00000191adea51d0]

GC Heap History (4 events):
Event: 3.057 GC heap before
{Heap before GC invocations=1 (full 0):
 PSYoungGen      total 37888K, used 32768K [0x00000000d6600000, 0x00000000d9000000, 0x0000000100000000)
  eden space 32768K, 100% used [0x00000000d6600000,0x00000000d8600000,0x00000000d8600000)
  from space 5120K, 0% used [0x00000000d8b00000,0x00000000d8b00000,0x00000000d9000000)
  to   space 5120K, 0% used [0x00000000d8600000,0x00000000d8600000,0x00000000d8b00000)
 ParOldGen       total 86016K, used 0K [0x0000000083200000, 0x0000000088600000, 0x00000000d6600000)
  object space 86016K, 0% used [0x0000000083200000,0x0000000083200000,0x0000000088600000)
 Metaspace       used 8316K, capacity 8460K, committed 8576K, reserved 1056768K
  class space    used 1004K, capacity 1080K, committed 1152K, reserved 1048576K
Event: 3.087 GC heap after
Heap after GC invocations=1 (full 0):
 PSYoungGen      total 37888K, used 5119K [0x00000000d6600000, 0x00000000d9000000, 0x0000000100000000)
  eden space 32768K, 0% used [0x00000000d6600000,0x00000000d6600000,0x00000000d8600000)
  from space 5120K, 99% used [0x00000000d8600000,0x00000000d8afff50,0x00000000d8b00000)
  to   space 5120K, 0% used [0x00000000d8b00000,0x00000000d8b00000,0x00000000d9000000)
 ParOldGen       total 86016K, used 221K [0x0000000083200000, 0x0000000088600000, 0x00000000d6600000)
  object space 86016K, 0% used [0x0000000083200000,0x00000000832374e8,0x0000000088600000)
 Metaspace       used 8316K, capacity 8460K, committed 8576K, reserved 1056768K
  class space    used 1004K, capacity 1080K, committed 1152K, reserved 1048576K
}
Event: 5.133 GC heap before
{Heap before GC invocations=2 (full 0):
 PSYoungGen      total 37888K, used 37887K [0x00000000d6600000, 0x00000000d9000000, 0x0000000100000000)
  eden space 32768K, 100% used [0x00000000d6600000,0x00000000d8600000,0x00000000d8600000)
  from space 5120K, 99% used [0x00000000d8600000,0x00000000d8afff50,0x00000000d8b00000)
  to   space 5120K, 0% used [0x00000000d8b00000,0x00000000d8b00000,0x00000000d9000000)
 ParOldGen       total 86016K, used 221K [0x0000000083200000, 0x0000000088600000, 0x00000000d6600000)
  object space 86016K, 0% used [0x0000000083200000,0x00000000832374e8,0x0000000088600000)
 Metaspace       used 11605K, capacity 11820K, committed 12032K, reserved 1060864K
  class space    used 1435K, capacity 1511K, committed 1536K, reserved 1048576K
Event: 5.146 GC heap after
Heap after GC invocations=2 (full 0):
 PSYoungGen      total 37888K, used 5109K [0x00000000d6600000, 0x00000000d9000000, 0x0000000100000000)
  eden space 32768K, 0% used [0x00000000d6600000,0x00000000d6600000,0x00000000d8600000)
  from space 5120K, 99% used [0x00000000d8b00000,0x00000000d8ffd5f0,0x00000000d9000000)
  to   space 5120K, 0% used [0x00000000d8600000,0x00000000d8600000,0x00000000d8b00000)
 ParOldGen       total 86016K, used 1968K [0x0000000083200000, 0x0000000088600000, 0x00000000d6600000)
  object space 86016K, 2% used [0x0000000083200000,0x00000000833ec388,0x0000000088600000)
 Metaspace       used 11605K, capacity 11820K, committed 12032K, reserved 1060864K
  class space    used 1435K, capacity 1511K, committed 1536K, reserved 1048576K
}

Deoptimization events (6 events):
Event: 2.040 Thread 0x00000191abef6000 Uncommon trap: reason=unstable_if action=reinterpret pc=0x00000191adb73f98 method=java.lang.String.indexOf([CII[CIII)I @ 3
Event: 2.569 Thread 0x00000191abef6000 Uncommon trap: reason=unstable_if action=reinterpret pc=0x00000191adbc0a64 method=org.codehaus.plexus.util.xml.pull.MXParser.more()C @ 8
Event: 2.798 Thread 0x00000191abef6000 Uncommon trap: reason=unstable_if action=reinterpret pc=0x00000191adcbf474 method=org.codehaus.plexus.util.xml.pull.MXParser.nextImpl()I @ 241
Event: 2.979 Thread 0x00000191abef6000 Uncommon trap: reason=unstable_if action=reinterpret pc=0x00000191adc731c0 method=java.util.HashMap.getNode(ILjava/lang/Object;)Ljava/util/HashMap$Node; @ 129
Event: 2.980 Thread 0x00000191abef6000 Uncommon trap: reason=unstable_if action=reinterpret pc=0x00000191adc64a78 method=java.util.HashMap.getNode(ILjava/lang/Object;)Ljava/util/HashMap$Node; @ 129
Event: 3.045 Thread 0x00000191abef6000 Uncommon trap: reason=range_check action=make_not_entrant pc=0x00000191add116a0 method=sun.reflect.generics.parser.SignatureParser.current()C @ 34

Classes redefined (0 events):
No events

Internal exceptions (10 events):
Event: 1.371 Thread 0x00000191abef6000 Exception <a 'java/security/PrivilegedActionException'> (0x00000000d6a869d8) thrown at [C:\jenkins\workspace\8-2-build-windows-amd64-cygwin\jdk8u291\1294\hotspot\src\share\vm\prims\jvm.cpp, line 1523]
Event: 2.528 Thread 0x00000191abef6000 Exception <a 'java/lang/ArrayIndexOutOfBoundsException'> (0x00000000d79a3f68) thrown at [C:\jenkins\workspace\8-2-build-windows-amd64-cygwin\jdk8u291\1294\hotspot\src\share\vm\runtime\sharedRuntime.cpp, line 609]
Event: 2.532 Thread 0x00000191abef6000 Exception <a 'java/lang/ArrayIndexOutOfBoundsException'> (0x00000000d79c1970) thrown at [C:\jenkins\workspace\8-2-build-windows-amd64-cygwin\jdk8u291\1294\hotspot\src\share\vm\runtime\sharedRuntime.cpp, line 609]
Event: 2.546 Thread 0x00000191abef6000 Exception <a 'java/lang/ArrayIndexOutOfBoundsException'> (0x00000000d7a060f8) thrown at [C:\jenkins\workspace\8-2-build-windows-amd64-cygwin\jdk8u291\1294\hotspot\src\share\vm\runtime\sharedRuntime.cpp, line 609]
Event: 2.806 Thread 0x00000191abef6000 Exception <a 'java/lang/ArrayIndexOutOfBoundsException'> (0x00000000d8271b70) thrown at [C:\jenkins\workspace\8-2-build-windows-amd64-cygwin\jdk8u291\1294\hotspot\src\share\vm\runtime\sharedRuntime.cpp, line 609]
Event: 2.807 Thread 0x00000191abef6000 Exception <a 'java/lang/ArrayIndexOutOfBoundsException'> (0x00000000d8273748) thrown at [C:\jenkins\workspace\8-2-build-windows-amd64-cygwin\jdk8u291\1294\hotspot\src\share\vm\runtime\sharedRuntime.cpp, line 609]
Event: 3.045 Thread 0x00000191abef6000 Exception <a 'java/lang/ArrayIndexOutOfBoundsException': 66> (0x00000000d85a4560) thrown at [C:\jenkins\workspace\8-2-build-windows-amd64-cygwin\jdk8u291\1294\hotspot\src\share\vm\interpreter\interpreterRuntime.cpp, line 371]
Event: 5.534 Thread 0x00000191abef6000 Exception <a 'java/lang/NoClassDefFoundError': com/google/inject/servlet/ServletModuleTargetVisitor> (0x00000000d6eec9b0) thrown at [C:\jenkins\workspace\8-2-build-windows-amd64-cygwin\jdk8u291\1294\hotspot\src\share\vm\classfile\systemDictionary.cpp, lin
Event: 5.534 Thread 0x00000191abef6000 Exception <a 'java/lang/NoClassDefFoundError'> (0x00000000d6eec9b0) thrown at [C:\jenkins\workspace\8-2-build-windows-amd64-cygwin\jdk8u291\1294\hotspot\src\share\vm\prims\jvm.cpp, line 1527]
Event: 5.534 Thread 0x00000191abef6000 Exception <a 'java/lang/NoClassDefFoundError': javax/annotation/Priority> (0x00000000d6ef1a20) thrown at [C:\jenkins\workspace\8-2-build-windows-amd64-cygwin\jdk8u291\1294\hotspot\src\share\vm\classfile\systemDictionary.cpp, line 201]

Events (10 events):
Event: 5.587 loading class org/apache/maven/project/ProjectBuildingHelper
Event: 5.587 loading class org/apache/maven/project/ProjectBuildingHelper done
Event: 5.587 loading class org/apache/maven/model/building/ModelProcessor
Event: 5.587 loading class org/apache/maven/model/building/ModelProcessor done
Event: 5.587 loading class org/apache/maven/model/building/ModelBuilder
Event: 5.587 loading class org/apache/maven/model/building/ModelBuilder done
Event: 5.590 loading class org/apache/maven/model/merge/ModelMerger$Remapping
Event: 5.590 loading class org/apache/maven/model/merge/ModelMerger$Remapping done
Event: 5.590 loading class org/apache/maven/model/merge/ModelMerger$KeyComputer
Event: 5.590 loading class org/apache/maven/model/merge/ModelMerger$KeyComputer done


Dynamic libraries:
0x00007ff696500000 - 0x00007ff696547000 	C:\Program Files\Java\jdk1.8.0_291\bin\java.exe
0x00007ffc72c30000 - 0x00007ffc72e25000 	C:\WINDOWS\SYSTEM32\ntdll.dll
0x00007ffc71fc0000 - 0x00007ffc7207d000 	C:\WINDOWS\System32\KERNEL32.DLL
0x00007ffc704c0000 - 0x00007ffc7078d000 	C:\WINDOWS\System32\KERNELBASE.dll
0x00007ffc71860000 - 0x00007ffc7190e000 	C:\WINDOWS\System32\ADVAPI32.dll
0x00007ffc72080000 - 0x00007ffc7211e000 	C:\WINDOWS\System32\msvcrt.dll
0x00007ffc726b0000 - 0x00007ffc7274c000 	C:\WINDOWS\System32\sechost.dll
0x00007ffc715a0000 - 0x00007ffc716c5000 	C:\WINDOWS\System32\RPCRT4.dll
0x00007ffc71e20000 - 0x00007ffc71fc0000 	C:\WINDOWS\System32\USER32.dll
0x00007ffc70490000 - 0x00007ffc704b2000 	C:\WINDOWS\System32\win32u.dll
0x00007ffc724d0000 - 0x00007ffc724fa000 	C:\WINDOWS\System32\GDI32.dll
0x00007ffc70980000 - 0x00007ffc70a8b000 	C:\WINDOWS\System32\gdi32full.dll
0x00007ffc70a90000 - 0x00007ffc70b2d000 	C:\WINDOWS\System32\msvcp_win.dll
0x00007ffc70b80000 - 0x00007ffc70c80000 	C:\WINDOWS\System32\ucrtbase.dll
0x00007ffc57ca0000 - 0x00007ffc57f3a000 	C:\WINDOWS\WinSxS\amd64_microsoft.windows.common-controls_6595b64144ccf1df_6.0.19041.1110_none_60b5254171f9507e\COMCTL32.dll
0x00007ffc71df0000 - 0x00007ffc71e20000 	C:\WINDOWS\System32\IMM32.DLL
0x00007ffc67de0000 - 0x00007ffc67df5000 	C:\Program Files\Java\jdk1.8.0_291\jre\bin\vcruntime140.dll
0x00007ffc2bbc0000 - 0x00007ffc2bc5b000 	C:\Program Files\Java\jdk1.8.0_291\jre\bin\msvcp140.dll
0x0000000060ea0000 - 0x0000000061700000 	C:\Program Files\Java\jdk1.8.0_291\jre\bin\server\jvm.dll
0x00007ffc71590000 - 0x00007ffc71598000 	C:\WINDOWS\System32\PSAPI.DLL
0x00007ffc67dd0000 - 0x00007ffc67dd9000 	C:\WINDOWS\SYSTEM32\WSOCK32.dll
0x00007ffc72120000 - 0x00007ffc7218b000 	C:\WINDOWS\System32\WS2_32.dll
0x00007ffc652b0000 - 0x00007ffc652d7000 	C:\WINDOWS\SYSTEM32\WINMM.dll
0x00007ffc62330000 - 0x00007ffc6233a000 	C:\WINDOWS\SYSTEM32\VERSION.dll
0x00007ffc6e240000 - 0x00007ffc6e252000 	C:\WINDOWS\SYSTEM32\kernel.appcore.dll
0x00007ffc67d80000 - 0x00007ffc67d90000 	C:\Program Files\Java\jdk1.8.0_291\jre\bin\verify.dll
0x00007ffc67d50000 - 0x00007ffc67d7b000 	C:\Program Files\Java\jdk1.8.0_291\jre\bin\java.dll
0x00007ffc67d30000 - 0x00007ffc67d48000 	C:\Program Files\Java\jdk1.8.0_291\jre\bin\zip.dll
0x00007ffc70c80000 - 0x00007ffc713c4000 	C:\WINDOWS\System32\SHELL32.dll
0x00007ffc6e440000 - 0x00007ffc6ebd4000 	C:\WINDOWS\SYSTEM32\windows.storage.dll
0x00007ffc72750000 - 0x00007ffc72aa4000 	C:\WINDOWS\System32\combase.dll
0x00007ffc6fda0000 - 0x00007ffc6fdcc000 	C:\WINDOWS\SYSTEM32\Wldp.dll
0x00007ffc71750000 - 0x00007ffc717fd000 	C:\WINDOWS\System32\SHCORE.dll
0x00007ffc71d90000 - 0x00007ffc71de5000 	C:\WINDOWS\System32\shlwapi.dll
0x00007ffc70280000 - 0x00007ffc7029f000 	C:\WINDOWS\SYSTEM32\profapi.dll
0x00007ffc67320000 - 0x00007ffc6732a000 	C:\Program Files\NetBeans-12.4\netbeans\java\maven\lib\jansi-native\windows64\jansi.dll
0x00007ffc631f0000 - 0x00007ffc633d4000 	C:\WINDOWS\SYSTEM32\dbghelp.dll
0x00007ffc70790000 - 0x00007ffc70812000 	C:\WINDOWS\System32\bcryptPrimitives.dll

VM Arguments:
jvm_args: -Dclassworlds.conf=C:\Program Files\NetBeans-12.4\netbeans\java\maven\bin\..\bin\m2.conf -Dmaven.home=C:\Program Files\NetBeans-12.4\netbeans\java\maven\bin\.. -Dlibrary.jansi.path=C:\Program Files\NetBeans-12.4\netbeans\java\maven\bin\..\lib\jansi-native -Dmaven.multiModuleProjectDirectory=D:\FPT-AptechSem4\3.IASF\Java_IASF_Baitap\login.upload 
java_command: org.codehaus.plexus.classworlds.launcher.Launcher -Dspring-boot.run.jvmArguments=-noverify -XX:TieredStopAtLevel=1 -Dspring-boot.run.mainClass=vn.aptech.login.LoginApplication -Dexec.vmArgs= -Dexec.appArgs= -Dmaven.ext.class.path=C:\Program Files\NetBeans-12.4\netbeans\java\maven-nblib\netbeans-eventspy.jar -Dfile.encoding=UTF-8 spring-boot:run
java_class_path (initial): C:\Program Files\NetBeans-12.4\netbeans\java\maven\bin\..\boot\plexus-classworlds-2.6.0.jar
Launcher Type: SUN_STANDARD

Environment Variables:
JAVA_HOME=C:\Program Files\Java\jdk1.8.0_291
PATH=C:\Program Files (x86)\Common Files\Oracle\Java\javapath;C:\WINDOWS\system32;C:\WINDOWS;C:\WINDOWS\System32\Wbem;C:\WINDOWS\System32\WindowsPowerShell\v1.0\;C:\WINDOWS\System32\OpenSSH\;C:\Program Files\Microsoft SQL Server\Client SDK\ODBC\170\Tools\Binn\;C:\Program Files (x86)\Microsoft SQL Server\150\Tools\Binn\;C:\Program Files\Microsoft SQL Server\150\Tools\Binn\;C:\Program Files\Microsoft SQL Server\150\DTS\Binn\;C:\Program Files (x86)\Microsoft SQL Server\150\DTS\Binn\;C:\Program Files\Azure Data Studio\bin;D:\PHP_FPT\php;C:\Program Files\dotnet\;C:\Program Files\Microsoft SQL Server\130\Tools\Binn\;D:\PHP_FPT_xampp\php;C:\ProgramData\ComposerSetup\bin;C:\Program Files\nodejs\;C:\Users\Thanh Sang\AppData\Local\Microsoft\WindowsApps;C:\Users\Thanh Sang\AppData\Local\Programs\Microsoft VS Code\bin;C:\Program Files\Azure Data Studio\bin;C:\Program Files\Java\jdk-16\bin;C:\Users\Thanh Sang\AppData\Local\GitHubDesktop\bin;C:\Users\Thanh Sang\.dotnet\tools;C:\Users\Thanh Sang\AppData\Roaming\Composer\vendor\bin;C:\Users\Thanh Sang\AppData\Roaming\npm
USERNAME=Thanh Sang
OS=Windows_NT
PROCESSOR_IDENTIFIER=Intel64 Family 6 Model 60 Stepping 3, GenuineIntel



---------------  S Y S T E M  ---------------

OS: Windows 10.0 , 64 bit Build 19041 (10.0.19041.1706)

CPU:total 8 (initial active 8) (4 cores per cpu, 2 threads per core) family 6 model 60 stepping 3, cmov, cx8, fxsr, mmx, sse, sse2, sse3, ssse3, sse4.1, sse4.2, popcnt, avx, avx2, aes, clmul, erms, lzcnt, ht, tsc, tscinvbit, bmi1, bmi2

Memory: 4k page, physical 8182124k(875516k free), swap 14530184k(795964k free)

vm_info: Java HotSpot(TM) 64-Bit Server VM (25.291-b10) for windows-amd64 JRE (1.8.0_291-b10), built on Apr  9 2021 00:02:00 by "java_re" with MS VC++ 15.9 (VS2017)

time: Thu May 12 18:24:19 2022
timezone: SE Asia Standard Time
elapsed time: 5.827656 seconds (0d 0h 0m 5s)

