#
# There is insufficient memory for the Java Runtime Environment to continue.
# Native memory allocation (malloc) failed to allocate 32744 bytes for ChunkPool::allocate
# Possible reasons:
#   The system is out of physical RAM or swap space
#   The process is running with CompressedOops enabled, and the Java Heap may be blocking the growth of the native heap
# Possible solutions:
#   Reduce memory load on the system
#   Increase physical memory or swap space
#   Check if swap backing store is full
#   Decrease Java heap size (-Xmx/-Xms)
#   Decrease number of Java threads
#   Decrease Java thread stack sizes (-Xss)
#   Set larger code cache with -XX:ReservedCodeCacheSize=
#   JVM is running with Unscaled Compressed Oops mode in which the Java heap is
#     placed in the first 4GB address space. The Java Heap base address is the
#     maximum limit for the native heap growth. Please use -XX:HeapBaseMinAddress
#     to set the Java Heap base and to place the Java Heap above 4GB virtual address.
# This output file may be truncated or incomplete.
#
#  Out of Memory Error (allocation.cpp:272), pid=17372, tid=0x00000000000023b8
#
# JRE version: Java(TM) SE Runtime Environment (8.0_291-b10) (build 1.8.0_291-b10)
# Java VM: Java HotSpot(TM) 64-Bit Server VM (25.291-b10 mixed mode windows-amd64 compressed oops)
# Failed to write core dump. Minidumps are not enabled by default on client versions of Windows
#

---------------  T H R E A D  ---------------

Current thread (0x000001dd2f5aa800):  JavaThread "C2 CompilerThread1" daemon [_thread_in_native, id=9144, stack(0x000000dc6ef00000,0x000000dc6f000000)]

Stack: [0x000000dc6ef00000,0x000000dc6f000000]
Native frames: (J=compiled Java code, j=interpreted, Vv=VM code, C=native code)
V  [jvm.dll+0x32ea19]


Current CompileTask:
C2:   6652 1546       4       java.net.URLClassLoader$1::run (5 bytes)


---------------  P R O C E S S  ---------------

Java Threads: ( => current thread )
  0x000001dd2f5ba800 JavaThread "Service Thread" daemon [_thread_blocked, id=15284, stack(0x000000dc6f200000,0x000000dc6f300000)]
  0x000001dd2f5b4000 JavaThread "C1 CompilerThread3" daemon [_thread_in_native, id=13280, stack(0x000000dc6f100000,0x000000dc6f200000)]
  0x000001dd2f5ad000 JavaThread "C2 CompilerThread2" daemon [_thread_in_native, id=12132, stack(0x000000dc6f000000,0x000000dc6f100000)]
=>0x000001dd2f5aa800 JavaThread "C2 CompilerThread1" daemon [_thread_in_native, id=9144, stack(0x000000dc6ef00000,0x000000dc6f000000)]
  0x000001dd2f554000 JavaThread "C2 CompilerThread0" daemon [_thread_in_native, id=11604, stack(0x000000dc6ee00000,0x000000dc6ef00000)]
  0x000001dd2f553000 JavaThread "Attach Listener" daemon [_thread_blocked, id=11460, stack(0x000000dc6ed00000,0x000000dc6ee00000)]
  0x000001dd2f550000 JavaThread "Signal Dispatcher" daemon [_thread_blocked, id=8460, stack(0x000000dc6ec00000,0x000000dc6ed00000)]
  0x000001dd2f530800 JavaThread "Finalizer" daemon [_thread_blocked, id=16632, stack(0x000000dc6eb00000,0x000000dc6ec00000)]
  0x000001dd2f529000 JavaThread "Reference Handler" daemon [_thread_blocked, id=15804, stack(0x000000dc6ea00000,0x000000dc6eb00000)]
  0x000001dd18a04800 JavaThread "main" [_thread_in_vm, id=14700, stack(0x000000dc6e000000,0x000000dc6e100000)]

Other Threads:
  0x000001dd2f503000 VMThread [stack: 0x000000dc6e900000,0x000000dc6ea00000] [id=12212]
  0x000001dd2f5cd800 WatcherThread [stack: 0x000000dc6f300000,0x000000dc6f400000] [id=15188]

VM state:not at safepoint (normal execution)

VM Mutex/Monitor currently owned by a thread: None

heap address: 0x0000000083200000, size: 1998 MB, Compressed Oops mode: 32-bit
Narrow klass base: 0x0000000000000000, Narrow klass shift: 3
Compressed class space size: 1073741824 Address: 0x0000000100000000

Heap:
 PSYoungGen      total 37888K, used 33414K [0x00000000d6600000, 0x00000000db000000, 0x0000000100000000)
  eden space 32768K, 86% used [0x00000000d6600000,0x00000000d81a9738,0x00000000d8600000)
  from space 5120K, 99% used [0x00000000d8b00000,0x00000000d8ff8470,0x00000000d9000000)
  to   space 5120K, 0% used [0x00000000d8600000,0x00000000d8600000,0x00000000d8b00000)
 ParOldGen       total 86016K, used 1532K [0x0000000083200000, 0x0000000088600000, 0x00000000d6600000)
  object space 86016K, 1% used [0x0000000083200000,0x000000008337f2c0,0x0000000088600000)
 Metaspace       used 14883K, capacity 15162K, committed 15488K, reserved 1062912K
  class space    used 1824K, capacity 1909K, committed 1920K, reserved 1048576K

Card table byte_map: [0x000001dd29840000,0x000001dd29c30000] byte_map_base: 0x000001dd29427000

Marking Bits: (ParMarkBitMap*) 0x0000000061687fe0
 Begin Bits: [0x000001dd29ed0000, 0x000001dd2be08000)
 End Bits:   [0x000001dd2be08000, 0x000001dd2dd40000)

Polling page: 0x000001dd18b70000

CodeCache: size=245760Kb used=5834Kb max_used=5834Kb free=239925Kb
 bounds [0x000001dd1a480000, 0x000001dd1aa40000, 0x000001dd29480000]
 total_blobs=2096 nmethods=1738 adapters=270
 compilation: enabled

Compilation events (10 events):
Event: 6.630 Thread 0x000001dd2f5b4000 1737       3       java.util.LinkedHashMap$LinkedEntrySet::iterator (12 bytes)
Event: 6.630 Thread 0x000001dd2f5b4000 nmethod 1737 0x000001dd1aa2e490 code [0x000001dd1aa2e600, 0x000001dd1aa2e918]
Event: 6.630 Thread 0x000001dd2f5b4000 1738       3       java.util.LinkedHashMap$LinkedEntryIterator::<init> (11 bytes)
Event: 6.630 Thread 0x000001dd2f5b4000 nmethod 1738 0x000001dd1aa35810 code [0x000001dd1aa35980, 0x000001dd1aa35bf8]
Event: 6.632 Thread 0x000001dd2f5b4000 1742       3       org.apache.maven.model.Plugin::setGroupId (6 bytes)
Event: 6.632 Thread 0x000001dd2f5b4000 nmethod 1742 0x000001dd1aa354d0 code [0x000001dd1aa35620, 0x000001dd1aa35798]
Event: 6.632 Thread 0x000001dd2f5b4000 1743       3       org.codehaus.plexus.util.xml.Xpp3Dom::<init> (21 bytes)
Event: 6.633 Thread 0x000001dd2f5b4000 nmethod 1743 0x000001dd1aa34d90 code [0x000001dd1aa34f20, 0x000001dd1aa352f8]
Event: 6.633 Thread 0x000001dd2f5b4000 1744       3       org.codehaus.plexus.util.xml.pull.MXParser::isEmptyElementTag (25 bytes)
Event: 6.633 Thread 0x000001dd2f5b4000 nmethod 1744 0x000001dd1aa34890 code [0x000001dd1aa34a00, 0x000001dd1aa34c90]

GC Heap History (4 events):
Event: 2.647 GC heap before
{Heap before GC invocations=1 (full 0):
 PSYoungGen      total 37888K, used 32768K [0x00000000d6600000, 0x00000000d9000000, 0x0000000100000000)
  eden space 32768K, 100% used [0x00000000d6600000,0x00000000d8600000,0x00000000d8600000)
  from space 5120K, 0% used [0x00000000d8b00000,0x00000000d8b00000,0x00000000d9000000)
  to   space 5120K, 0% used [0x00000000d8600000,0x00000000d8600000,0x00000000d8b00000)
 ParOldGen       total 86016K, used 0K [0x0000000083200000, 0x0000000088600000, 0x00000000d6600000)
  object space 86016K, 0% used [0x0000000083200000,0x0000000083200000,0x0000000088600000)
 Metaspace       used 8154K, capacity 8300K, committed 8576K, reserved 1056768K
  class space    used 985K, capacity 1048K, committed 1152K, reserved 1048576K
Event: 2.687 GC heap after
Heap after GC invocations=1 (full 0):
 PSYoungGen      total 37888K, used 5103K [0x00000000d6600000, 0x00000000d9000000, 0x0000000100000000)
  eden space 32768K, 0% used [0x00000000d6600000,0x00000000d6600000,0x00000000d8600000)
  from space 5120K, 99% used [0x00000000d8600000,0x00000000d8afbc10,0x00000000d8b00000)
  to   space 5120K, 0% used [0x00000000d8b00000,0x00000000d8b00000,0x00000000d9000000)
 ParOldGen       total 86016K, used 16K [0x0000000083200000, 0x0000000088600000, 0x00000000d6600000)
  object space 86016K, 0% used [0x0000000083200000,0x0000000083204000,0x0000000088600000)
 Metaspace       used 8154K, capacity 8300K, committed 8576K, reserved 1056768K
  class space    used 985K, capacity 1048K, committed 1152K, reserved 1048576K
}
Event: 4.516 GC heap before
{Heap before GC invocations=2 (full 0):
 PSYoungGen      total 37888K, used 37871K [0x00000000d6600000, 0x00000000d9000000, 0x0000000100000000)
  eden space 32768K, 100% used [0x00000000d6600000,0x00000000d8600000,0x00000000d8600000)
  from space 5120K, 99% used [0x00000000d8600000,0x00000000d8afbc10,0x00000000d8b00000)
  to   space 5120K, 0% used [0x00000000d8b00000,0x00000000d8b00000,0x00000000d9000000)
 ParOldGen       total 86016K, used 16K [0x0000000083200000, 0x0000000088600000, 0x00000000d6600000)
  object space 86016K, 0% used [0x0000000083200000,0x0000000083204000,0x0000000088600000)
 Metaspace       used 11336K, capacity 11468K, committed 11776K, reserved 1058816K
  class space    used 1396K, capacity 1479K, committed 1536K, reserved 1048576K
Event: 4.672 GC heap after
Heap after GC invocations=2 (full 0):
 PSYoungGen      total 37888K, used 5089K [0x00000000d6600000, 0x00000000db000000, 0x0000000100000000)
  eden space 32768K, 0% used [0x00000000d6600000,0x00000000d6600000,0x00000000d8600000)
  from space 5120K, 99% used [0x00000000d8b00000,0x00000000d8ff8470,0x00000000d9000000)
  to   space 5120K, 0% used [0x00000000d8600000,0x00000000d8600000,0x00000000d8b00000)
 ParOldGen       total 86016K, used 1532K [0x0000000083200000, 0x0000000088600000, 0x00000000d6600000)
  object space 86016K, 1% used [0x0000000083200000,0x000000008337f2c0,0x0000000088600000)
 Metaspace       used 11336K, capacity 11468K, committed 11776K, reserved 1058816K
  class space    used 1396K, capacity 1479K, committed 1536K, reserved 1048576K
}

Deoptimization events (10 events):
Event: 6.356 Thread 0x000001dd18a04800 Uncommon trap: reason=bimorphic action=maybe_recompile pc=0x000001dd1a9b2f7c method=java.util.regex.Pattern$CharProperty.match(Ljava/util/regex/Matcher;ILjava/lang/CharSequence;)Z @ 37
Event: 6.356 Thread 0x000001dd18a04800 Uncommon trap: reason=bimorphic action=maybe_recompile pc=0x000001dd1a9b2f7c method=java.util.regex.Pattern$CharProperty.match(Ljava/util/regex/Matcher;ILjava/lang/CharSequence;)Z @ 37
Event: 6.512 Thread 0x000001dd18a04800 Uncommon trap: reason=unstable_if action=reinterpret pc=0x000001dd1a8a88d8 method=java.lang.String.substring(I)Ljava/lang/String; @ 35
Event: 6.579 Thread 0x000001dd18a04800 Uncommon trap: reason=class_check action=maybe_recompile pc=0x000001dd1a9fca48 method=java.util.regex.Pattern$7.isSatisfiedBy(I)Z @ 16
Event: 6.579 Thread 0x000001dd18a04800 Uncommon trap: reason=class_check action=maybe_recompile pc=0x000001dd1a9fca48 method=java.util.regex.Pattern$7.isSatisfiedBy(I)Z @ 16
Event: 6.579 Thread 0x000001dd18a04800 Uncommon trap: reason=class_check action=maybe_recompile pc=0x000001dd1a9fca48 method=java.util.regex.Pattern$7.isSatisfiedBy(I)Z @ 16
Event: 6.579 Thread 0x000001dd18a04800 Uncommon trap: reason=class_check action=maybe_recompile pc=0x000001dd1a9fca48 method=java.util.regex.Pattern$7.isSatisfiedBy(I)Z @ 16
Event: 6.586 Thread 0x000001dd18a04800 Uncommon trap: reason=unstable_if action=reinterpret pc=0x000001dd1a9d0124 method=org.codehaus.plexus.util.xml.pull.MXParser.nextImpl()I @ 1161
Event: 6.587 Thread 0x000001dd18a04800 Uncommon trap: reason=unstable_if action=reinterpret pc=0x000001dd1a7177b8 method=sun.nio.cs.UTF_8$Decoder.decodeArrayLoop(Ljava/nio/ByteBuffer;Ljava/nio/CharBuffer;)Ljava/nio/charset/CoderResult; @ 84
Event: 6.627 Thread 0x000001dd18a04800 Uncommon trap: reason=null_check action=make_not_entrant pc=0x000001dd1aa37464 method=org.apache.maven.model.io.xpp3.MavenXpp3ReaderEx.checkFieldWithDuplicate(Lorg/codehaus/plexus/util/xml/pull/XmlPullParser;Ljava/lang/String;Ljava/lang/String;Ljava/util/

Classes redefined (0 events):
No events

Internal exceptions (10 events):
Event: 5.536 Thread 0x000001dd18a04800 Exception <a 'java/lang/NoClassDefFoundError': javax/annotation/Priority> (0x00000000d712cfa8) thrown at [C:\jenkins\workspace\8-2-build-windows-amd64-cygwin\jdk8u291\1294\hotspot\src\share\vm\classfile\systemDictionary.cpp, line 201]
Event: 6.232 Thread 0x000001dd18a04800 Exception <a 'java/lang/NullPointerException'> (0x00000000d787c9c8) thrown at [C:\jenkins\workspace\8-2-build-windows-amd64-cygwin\jdk8u291\1294\hotspot\src\share\vm\interpreter\linkResolver.cpp, line 1185]
Event: 6.232 Thread 0x000001dd18a04800 Exception <a 'java/lang/NullPointerException'> (0x00000000d787cbe0) thrown at [C:\jenkins\workspace\8-2-build-windows-amd64-cygwin\jdk8u291\1294\hotspot\src\share\vm\interpreter\linkResolver.cpp, line 1185]
Event: 6.232 Thread 0x000001dd18a04800 Exception <a 'java/lang/NullPointerException'> (0x00000000d787cdf8) thrown at [C:\jenkins\workspace\8-2-build-windows-amd64-cygwin\jdk8u291\1294\hotspot\src\share\vm\interpreter\linkResolver.cpp, line 1185]
Event: 6.233 Thread 0x000001dd18a04800 Exception <a 'java/lang/NullPointerException'> (0x00000000d78853f8) thrown at [C:\jenkins\workspace\8-2-build-windows-amd64-cygwin\jdk8u291\1294\hotspot\src\share\vm\interpreter\linkResolver.cpp, line 1185]
Event: 6.233 Thread 0x000001dd18a04800 Exception <a 'java/lang/NullPointerException'> (0x00000000d7885610) thrown at [C:\jenkins\workspace\8-2-build-windows-amd64-cygwin\jdk8u291\1294\hotspot\src\share\vm\interpreter\linkResolver.cpp, line 1185]
Event: 6.233 Thread 0x000001dd18a04800 Exception <a 'java/lang/NullPointerException'> (0x00000000d7885828) thrown at [C:\jenkins\workspace\8-2-build-windows-amd64-cygwin\jdk8u291\1294\hotspot\src\share\vm\interpreter\linkResolver.cpp, line 1185]
Event: 6.291 Thread 0x000001dd18a04800 Implicit null exception at 0x000001dd1a6f7216 to 0x000001dd1a6f75bd
Event: 6.291 Thread 0x000001dd18a04800 Implicit null exception at 0x000001dd1a692b16 to 0x000001dd1a692eb5
Event: 6.627 Thread 0x000001dd18a04800 Implicit null exception at 0x000001dd1aa36150 to 0x000001dd1aa3744d

Events (10 events):
Event: 6.586 Thread 0x000001dd18a04800 DEOPT PACKING pc=0x000001dd1a9d0124 sp=0x000000dc6e0fde40
Event: 6.586 Thread 0x000001dd18a04800 DEOPT UNPACKING pc=0x000001dd1a4c5843 sp=0x000000dc6e0fdd98 mode 2
Event: 6.587 Thread 0x000001dd18a04800 Uncommon trap: trap_request=0xffffff65 fr.pc=0x000001dd1a7177b8
Event: 6.587 Thread 0x000001dd18a04800 DEOPT PACKING pc=0x000001dd1a7177b8 sp=0x000000dc6e0fd930
Event: 6.587 Thread 0x000001dd18a04800 DEOPT UNPACKING pc=0x000001dd1a4c5843 sp=0x000000dc6e0fd878 mode 2
Event: 6.626 loading class org/apache/maven/model/Notifier
Event: 6.626 loading class org/apache/maven/model/Notifier done
Event: 6.627 Thread 0x000001dd18a04800 Uncommon trap: trap_request=0xfffffff4 fr.pc=0x000001dd1aa37464
Event: 6.627 Thread 0x000001dd18a04800 DEOPT PACKING pc=0x000001dd1aa37464 sp=0x000000dc6e0fdca0
Event: 6.627 Thread 0x000001dd18a04800 DEOPT UNPACKING pc=0x000001dd1a4c5843 sp=0x000000dc6e0fdc80 mode 2


Dynamic libraries:
0x00007ff696500000 - 0x00007ff696547000 	C:\Program Files\Java\jdk1.8.0_291\bin\java.exe
0x00007ffc72c30000 - 0x00007ffc72e25000 	C:\WINDOWS\SYSTEM32\ntdll.dll
0x00007ffc71fc0000 - 0x00007ffc7207d000 	C:\WINDOWS\System32\KERNEL32.DLL
0x00007ffc704c0000 - 0x00007ffc7078d000 	C:\WINDOWS\System32\KERNELBASE.dll
0x00007ffc71860000 - 0x00007ffc7190e000 	C:\WINDOWS\System32\ADVAPI32.dll
0x00007ffc72080000 - 0x00007ffc7211e000 	C:\WINDOWS\System32\msvcrt.dll
0x00007ffc726b0000 - 0x00007ffc7274c000 	C:\WINDOWS\System32\sechost.dll
0x00007ffc715a0000 - 0x00007ffc716c5000 	C:\WINDOWS\System32\RPCRT4.dll
0x00007ffc71e20000 - 0x00007ffc71fc0000 	C:\WINDOWS\System32\USER32.dll
0x00007ffc70490000 - 0x00007ffc704b2000 	C:\WINDOWS\System32\win32u.dll
0x00007ffc724d0000 - 0x00007ffc724fa000 	C:\WINDOWS\System32\GDI32.dll
0x00007ffc70980000 - 0x00007ffc70a8b000 	C:\WINDOWS\System32\gdi32full.dll
0x00007ffc70a90000 - 0x00007ffc70b2d000 	C:\WINDOWS\System32\msvcp_win.dll
0x00007ffc70b80000 - 0x00007ffc70c80000 	C:\WINDOWS\System32\ucrtbase.dll
0x00007ffc57ca0000 - 0x00007ffc57f3a000 	C:\WINDOWS\WinSxS\amd64_microsoft.windows.common-controls_6595b64144ccf1df_6.0.19041.1110_none_60b5254171f9507e\COMCTL32.dll
0x00007ffc71df0000 - 0x00007ffc71e20000 	C:\WINDOWS\System32\IMM32.DLL
0x00007ffc67de0000 - 0x00007ffc67df5000 	C:\Program Files\Java\jdk1.8.0_291\jre\bin\vcruntime140.dll
0x00007ffc2bbc0000 - 0x00007ffc2bc5b000 	C:\Program Files\Java\jdk1.8.0_291\jre\bin\msvcp140.dll
0x0000000060ea0000 - 0x0000000061700000 	C:\Program Files\Java\jdk1.8.0_291\jre\bin\server\jvm.dll
0x00007ffc71590000 - 0x00007ffc71598000 	C:\WINDOWS\System32\PSAPI.DLL
0x00007ffc652b0000 - 0x00007ffc652d7000 	C:\WINDOWS\SYSTEM32\WINMM.dll
0x00007ffc67dd0000 - 0x00007ffc67dd9000 	C:\WINDOWS\SYSTEM32\WSOCK32.dll
0x00007ffc72120000 - 0x00007ffc7218b000 	C:\WINDOWS\System32\WS2_32.dll
0x00007ffc62330000 - 0x00007ffc6233a000 	C:\WINDOWS\SYSTEM32\VERSION.dll
0x00007ffc6e240000 - 0x00007ffc6e252000 	C:\WINDOWS\SYSTEM32\kernel.appcore.dll
0x00007ffc67d80000 - 0x00007ffc67d90000 	C:\Program Files\Java\jdk1.8.0_291\jre\bin\verify.dll
0x00007ffc67d50000 - 0x00007ffc67d7b000 	C:\Program Files\Java\jdk1.8.0_291\jre\bin\java.dll
0x00007ffc67d30000 - 0x00007ffc67d48000 	C:\Program Files\Java\jdk1.8.0_291\jre\bin\zip.dll
0x00007ffc70c80000 - 0x00007ffc713c4000 	C:\WINDOWS\System32\SHELL32.dll
0x00007ffc6e440000 - 0x00007ffc6ebd4000 	C:\WINDOWS\SYSTEM32\windows.storage.dll
0x00007ffc72750000 - 0x00007ffc72aa4000 	C:\WINDOWS\System32\combase.dll
0x00007ffc6fda0000 - 0x00007ffc6fdcc000 	C:\WINDOWS\SYSTEM32\Wldp.dll
0x00007ffc71750000 - 0x00007ffc717fd000 	C:\WINDOWS\System32\SHCORE.dll
0x00007ffc71d90000 - 0x00007ffc71de5000 	C:\WINDOWS\System32\shlwapi.dll
0x00007ffc70280000 - 0x00007ffc7029f000 	C:\WINDOWS\SYSTEM32\profapi.dll
0x00007ffc67320000 - 0x00007ffc6732a000 	C:\Program Files\NetBeans-12.4\netbeans\java\maven\lib\jansi-native\windows64\jansi.dll
0x00007ffc67cf0000 - 0x00007ffc67d0c000 	C:\Program Files\Java\jdk1.8.0_291\jre\bin\net.dll
0x00007ffc6fb00000 - 0x00007ffc6fb6a000 	C:\WINDOWS\system32\mswsock.dll
0x00007ffc67cd0000 - 0x00007ffc67ce3000 	C:\Program Files\Java\jdk1.8.0_291\jre\bin\nio.dll

VM Arguments:
jvm_args: -Dclassworlds.conf=C:\Program Files\NetBeans-12.4\netbeans\java\maven\bin\..\bin\m2.conf -Dmaven.home=C:\Program Files\NetBeans-12.4\netbeans\java\maven\bin\.. -Dlibrary.jansi.path=C:\Program Files\NetBeans-12.4\netbeans\java\maven\bin\..\lib\jansi-native -Dmaven.multiModuleProjectDirectory=D:\FPT-AptechSem4\3.IASF\Java_IASF_Baitap\login.upload 
java_command: org.codehaus.plexus.classworlds.launcher.Launcher -Dspring-boot.run.jvmArguments=-noverify -XX:TieredStopAtLevel=1 -Dspring-boot.run.mainClass=vn.aptech.login.LoginApplication -Dexec.vmArgs= -Dexec.appArgs= -Dmaven.ext.class.path=C:\Program Files\NetBeans-12.4\netbeans\java\maven-nblib\netbeans-eventspy.jar -Dfile.encoding=UTF-8 spring-boot:run
java_class_path (initial): C:\Program Files\NetBeans-12.4\netbeans\java\maven\bin\..\boot\plexus-classworlds-2.6.0.jar
Launcher Type: SUN_STANDARD

Environment Variables:
JAVA_HOME=C:\Program Files\Java\jdk1.8.0_291
PATH=C:\Program Files (x86)\Common Files\Oracle\Java\javapath;C:\WINDOWS\system32;C:\WINDOWS;C:\WINDOWS\System32\Wbem;C:\WINDOWS\System32\WindowsPowerShell\v1.0\;C:\WINDOWS\System32\OpenSSH\;C:\Program Files\Microsoft SQL Server\Client SDK\ODBC\170\Tools\Binn\;C:\Program Files (x86)\Microsoft SQL Server\150\Tools\Binn\;C:\Program Files\Microsoft SQL Server\150\Tools\Binn\;C:\Program Files\Microsoft SQL Server\150\DTS\Binn\;C:\Program Files (x86)\Microsoft SQL Server\150\DTS\Binn\;C:\Program Files\Azure Data Studio\bin;D:\PHP_FPT\php;C:\Program Files\dotnet\;C:\Program Files\Microsoft SQL Server\130\Tools\Binn\;D:\PHP_FPT_xampp\php;C:\ProgramData\ComposerSetup\bin;C:\Program Files\nodejs\;C:\Users\Thanh Sang\AppData\Local\Microsoft\WindowsApps;C:\Users\Thanh Sang\AppData\Local\Programs\Microsoft VS Code\bin;C:\Program Files\Azure Data Studio\bin;C:\Program Files\Java\jdk-16\bin;C:\Users\Thanh Sang\AppData\Local\GitHubDesktop\bin;C:\Users\Thanh Sang\.dotnet\tools;C:\Users\Thanh Sang\AppData\Roaming\Composer\vendor\bin;C:\Users\Thanh Sang\AppData\Roaming\npm
USERNAME=Thanh Sang
OS=Windows_NT
PROCESSOR_IDENTIFIER=Intel64 Family 6 Model 60 Stepping 3, GenuineIntel



---------------  S Y S T E M  ---------------

OS: Windows 10.0 , 64 bit Build 19041 (10.0.19041.1706)

CPU:total 8 (initial active 8) (4 cores per cpu, 2 threads per core) family 6 model 60 stepping 3, cmov, cx8, fxsr, mmx, sse, sse2, sse3, ssse3, sse4.1, sse4.2, popcnt, avx, avx2, aes, clmul, erms, lzcnt, ht, tsc, tscinvbit, bmi1, bmi2

Memory: 4k page, physical 8182124k(598836k free), swap 14530184k(5128k free)

vm_info: Java HotSpot(TM) 64-Bit Server VM (25.291-b10) for windows-amd64 JRE (1.8.0_291-b10), built on Apr  9 2021 00:02:00 by "java_re" with MS VC++ 15.9 (VS2017)

time: Thu May 12 18:24:19 2022
timezone: SE Asia Standard Time
elapsed time: 6.657886 seconds (0d 0h 0m 6s)

