#
# There is insufficient memory for the Java Runtime Environment to continue.
# Native memory allocation (malloc) failed to allocate 2055552 bytes for Chunk::new
# Possible reasons:
#   The system is out of physical RAM or swap space
#   The process is running with CompressedOops enabled, and the Java Heap may be blocking the growth of the native heap
# Possible solutions:
#   Reduce memory load on the system
#   Increase physical memory or swap space
#   Check if swap backing store is full
#   Decrease Java heap size (-Xmx/-Xms)
#   Decrease number of Java threads
#   Decrease Java thread stack sizes (-Xss)
#   Set larger code cache with -XX:ReservedCodeCacheSize=
#   JVM is running with Unscaled Compressed Oops mode in which the Java heap is
#     placed in the first 4GB address space. The Java Heap base address is the
#     maximum limit for the native heap growth. Please use -XX:HeapBaseMinAddress
#     to set the Java Heap base and to place the Java Heap above 4GB virtual address.
# This output file may be truncated or incomplete.
#
#  Out of Memory Error (allocation.cpp:389), pid=12236, tid=0x0000000000002588
#
# JRE version: Java(TM) SE Runtime Environment (8.0_291-b10) (build 1.8.0_291-b10)
# Java VM: Java HotSpot(TM) 64-Bit Server VM (25.291-b10 mixed mode windows-amd64 compressed oops)
# Failed to write core dump. Minidumps are not enabled by default on client versions of Windows
#

---------------  T H R E A D  ---------------

Current thread (0x000002024a3e7000):  JavaThread "C2 CompilerThread1" daemon [_thread_in_native, id=9608, stack(0x0000009028700000,0x0000009028800000)]

Stack: [0x0000009028700000,0x0000009028800000]
Native frames: (J=compiled Java code, j=interpreted, Vv=VM code, C=native code)
V  [jvm.dll+0x32ea19]
V  [jvm.dll+0x275462]
V  [jvm.dll+0x27610d]
V  [jvm.dll+0x26cb45]
V  [jvm.dll+0xd524c]
V  [jvm.dll+0xd5a4c]
V  [jvm.dll+0x46fd95]
V  [jvm.dll+0x437a08]
V  [jvm.dll+0x440855]
V  [jvm.dll+0x43fc15]
V  [jvm.dll+0x42aa57]
V  [jvm.dll+0xabeeb]
V  [jvm.dll+0xaa54b]
V  [jvm.dll+0x23db02]
V  [jvm.dll+0x29210c]
C  [ucrtbase.dll+0x21bb2]
C  [KERNEL32.DLL+0x17034]
C  [ntdll.dll+0x52651]


Current CompileTask:
C2:  27396 1488       4       java.net.URLClassLoader$1::run (5 bytes)


---------------  P R O C E S S  ---------------

Java Threads: ( => current thread )
  0x000002024a3f9800 JavaThread "Service Thread" daemon [_thread_blocked, id=6404, stack(0x0000009028a00000,0x0000009028b00000)]
  0x000002024a3eb000 JavaThread "C1 CompilerThread3" daemon [_thread_blocked, id=8016, stack(0x0000009028900000,0x0000009028a00000)]
  0x000002024a3e8000 JavaThread "C2 CompilerThread2" daemon [_thread_in_native, id=7360, stack(0x0000009028800000,0x0000009028900000)]
=>0x000002024a3e7000 JavaThread "C2 CompilerThread1" daemon [_thread_in_native, id=9608, stack(0x0000009028700000,0x0000009028800000)]
  0x000002024a393800 JavaThread "C2 CompilerThread0" daemon [_thread_in_native, id=7232, stack(0x0000009028600000,0x0000009028700000)]
  0x000002024a392800 JavaThread "Attach Listener" daemon [_thread_blocked, id=11684, stack(0x0000009028500000,0x0000009028600000)]
  0x000002024a391800 JavaThread "Signal Dispatcher" daemon [_thread_blocked, id=9444, stack(0x0000009028400000,0x0000009028500000)]
  0x000002024a364000 JavaThread "Finalizer" daemon [_thread_blocked, id=8896, stack(0x0000009028300000,0x0000009028400000)]
  0x000002024a363000 JavaThread "Reference Handler" daemon [_thread_blocked, id=9556, stack(0x0000009028200000,0x0000009028300000)]
  0x0000020234225800 JavaThread "main" [_thread_in_native, id=12260, stack(0x0000009027800000,0x0000009027900000)]

Other Threads:
  0x000002024a355800 VMThread [stack: 0x0000009028100000,0x0000009028200000] [id=8472]
  0x000002024a40c000 WatcherThread [stack: 0x0000009028b00000,0x0000009028c00000] [id=10176]

VM state:not at safepoint (normal execution)

VM Mutex/Monitor currently owned by a thread: None

heap address: 0x0000000083200000, size: 1998 MB, Compressed Oops mode: 32-bit
Narrow klass base: 0x0000000000000000, Narrow klass shift: 3
Compressed class space size: 1073741824 Address: 0x0000000100000000

Heap:
 PSYoungGen      total 37888K, used 25399K [0x00000000d6600000, 0x00000000dba00000, 0x0000000100000000)
  eden space 32768K, 61% used [0x00000000d6600000,0x00000000d79d1e98,0x00000000d8600000)
  from space 5120K, 99% used [0x00000000d8600000,0x00000000d8afc010,0x00000000d8b00000)
  to   space 10240K, 0% used [0x00000000db000000,0x00000000db000000,0x00000000dba00000)
 ParOldGen       total 86016K, used 11049K [0x0000000083200000, 0x0000000088600000, 0x00000000d6600000)
  object space 86016K, 12% used [0x0000000083200000,0x0000000083cca700,0x0000000088600000)
 Metaspace       used 16913K, capacity 17248K, committed 17536K, reserved 1064960K
  class space    used 1969K, capacity 2059K, committed 2176K, reserved 1048576K

Card table byte_map: [0x0000020245000000,0x00000202453f0000] byte_map_base: 0x0000020244be7000

Marking Bits: (ParMarkBitMap*) 0x0000000061687fe0
 Begin Bits: [0x0000020245690000, 0x00000202475c8000)
 End Bits:   [0x00000202475c8000, 0x0000020249500000)

Polling page: 0x0000020234420000

CodeCache: size=245760Kb used=10337Kb max_used=10337Kb free=235422Kb
 bounds [0x0000020235c40000, 0x0000020236670000, 0x0000020244c40000]
 total_blobs=3336 nmethods=2969 adapters=279
 compilation: enabled

Compilation events (10 events):
Event: 17.565 Thread 0x000002024a3e8000 nmethod 1829 0x00000202362c5f10 code [0x00000202362c6060, 0x00000202362c6138]
Event: 17.565 Thread 0x000002024a3e8000 1880       4       java.lang.String::contains (20 bytes)
Event: 17.566 Thread 0x000002024a3e8000 nmethod 1880 0x00000202362c7610 code [0x00000202362c7760, 0x00000202362c7938]
Event: 17.566 Thread 0x000002024a3e8000 1699       4       java.lang.String::isEmpty (14 bytes)
Event: 17.566 Thread 0x000002024a3e8000 nmethod 1699 0x0000020236201a90 code [0x0000020236201bc0, 0x0000020236201c38]
Event: 17.566 Thread 0x000002024a3e8000 1828       4       org.codehaus.plexus.util.xml.pull.MXParser::isS (30 bytes)
Event: 17.567 Thread 0x000002024a3e8000 nmethod 1828 0x00000202362a2250 code [0x00000202362a2380, 0x00000202362a23f8]
Event: 17.567 Thread 0x000002024a3e8000 1883       4       java.lang.Character::toLowerCase (6 bytes)
Event: 17.568 Thread 0x000002024a3e8000 nmethod 1883 0x00000202362c72d0 code [0x00000202362c7400, 0x00000202362c74d8]
Event: 17.584 Thread 0x000002024a393800 nmethod 1856 0x00000202362cced0 code [0x00000202362cd120, 0x00000202362cf0a8]

GC Heap History (6 events):
Event: 10.081 GC heap before
{Heap before GC invocations=1 (full 0):
 PSYoungGen      total 37888K, used 32768K [0x00000000d6600000, 0x00000000d9000000, 0x0000000100000000)
  eden space 32768K, 100% used [0x00000000d6600000,0x00000000d8600000,0x00000000d8600000)
  from space 5120K, 0% used [0x00000000d8b00000,0x00000000d8b00000,0x00000000d9000000)
  to   space 5120K, 0% used [0x00000000d8600000,0x00000000d8600000,0x00000000d8b00000)
 ParOldGen       total 86016K, used 0K [0x0000000083200000, 0x0000000088600000, 0x00000000d6600000)
  object space 86016K, 0% used [0x0000000083200000,0x0000000083200000,0x0000000088600000)
 Metaspace       used 8230K, capacity 8400K, committed 8576K, reserved 1056768K
  class space    used 996K, capacity 1080K, committed 1152K, reserved 1048576K
Event: 10.089 GC heap after
Heap after GC invocations=1 (full 0):
 PSYoungGen      total 37888K, used 5110K [0x00000000d6600000, 0x00000000d9000000, 0x0000000100000000)
  eden space 32768K, 0% used [0x00000000d6600000,0x00000000d6600000,0x00000000d8600000)
  from space 5120K, 99% used [0x00000000d8600000,0x00000000d8afdac8,0x00000000d8b00000)
  to   space 5120K, 0% used [0x00000000d8b00000,0x00000000d8b00000,0x00000000d9000000)
 ParOldGen       total 86016K, used 170K [0x0000000083200000, 0x0000000088600000, 0x00000000d6600000)
  object space 86016K, 0% used [0x0000000083200000,0x000000008322abf0,0x0000000088600000)
 Metaspace       used 8230K, capacity 8400K, committed 8576K, reserved 1056768K
  class space    used 996K, capacity 1080K, committed 1152K, reserved 1048576K
}
Event: 16.620 GC heap before
{Heap before GC invocations=2 (full 0):
 PSYoungGen      total 37888K, used 37878K [0x00000000d6600000, 0x00000000d9000000, 0x0000000100000000)
  eden space 32768K, 100% used [0x00000000d6600000,0x00000000d8600000,0x00000000d8600000)
  from space 5120K, 99% used [0x00000000d8600000,0x00000000d8afdac8,0x00000000d8b00000)
  to   space 5120K, 0% used [0x00000000d8b00000,0x00000000d8b00000,0x00000000d9000000)
 ParOldGen       total 86016K, used 170K [0x0000000083200000, 0x0000000088600000, 0x00000000d6600000)
  object space 86016K, 0% used [0x0000000083200000,0x000000008322abf0,0x0000000088600000)
 Metaspace       used 11454K, capacity 11632K, committed 11776K, reserved 1058816K
  class space    used 1418K, capacity 1511K, committed 1536K, reserved 1048576K
Event: 16.627 GC heap after
Heap after GC invocations=2 (full 0):
 PSYoungGen      total 37888K, used 5094K [0x00000000d6600000, 0x00000000d9000000, 0x0000000100000000)
  eden space 32768K, 0% used [0x00000000d6600000,0x00000000d6600000,0x00000000d8600000)
  from space 5120K, 99% used [0x00000000d8b00000,0x00000000d8ff9a58,0x00000000d9000000)
  to   space 5120K, 0% used [0x00000000d8600000,0x00000000d8600000,0x00000000d8b00000)
 ParOldGen       total 86016K, used 1770K [0x0000000083200000, 0x0000000088600000, 0x00000000d6600000)
  object space 86016K, 2% used [0x0000000083200000,0x00000000833bab88,0x0000000088600000)
 Metaspace       used 11454K, capacity 11632K, committed 11776K, reserved 1058816K
  class space    used 1418K, capacity 1511K, committed 1536K, reserved 1048576K
}
Event: 17.456 GC heap before
{Heap before GC invocations=3 (full 0):
 PSYoungGen      total 37888K, used 37862K [0x00000000d6600000, 0x00000000d9000000, 0x0000000100000000)
  eden space 32768K, 100% used [0x00000000d6600000,0x00000000d8600000,0x00000000d8600000)
  from space 5120K, 99% used [0x00000000d8b00000,0x00000000d8ff9a58,0x00000000d9000000)
  to   space 5120K, 0% used [0x00000000d8600000,0x00000000d8600000,0x00000000d8b00000)
 ParOldGen       total 86016K, used 1770K [0x0000000083200000, 0x0000000088600000, 0x00000000d6600000)
  object space 86016K, 2% used [0x0000000083200000,0x00000000833bab88,0x0000000088600000)
 Metaspace       used 14964K, capacity 15248K, committed 15488K, reserved 1062912K
  class space    used 1826K, capacity 1912K, committed 1920K, reserved 1048576K
Event: 17.495 GC heap after
Heap after GC invocations=3 (full 0):
 PSYoungGen      total 37888K, used 5120K [0x00000000d6600000, 0x00000000d9000000, 0x0000000100000000)
  eden space 32768K, 0% used [0x00000000d6600000,0x00000000d6600000,0x00000000d8600000)
  from space 5120K, 100% used [0x00000000d8600000,0x00000000d8b00000,0x00000000d8b00000)
  to   space 5120K, 0% used [0x00000000d8b00000,0x00000000d8b00000,0x00000000d9000000)
 ParOldGen       total 86016K, used 4473K [0x0000000083200000, 0x0000000088600000, 0x00000000d6600000)
  object space 86016K, 5% used [0x0000000083200000,0x000000008365e418,0x0000000088600000)
 Metaspace       used 14964K, capacity 15248K, committed 15488K, reserved 1062912K
  class space    used 1826K, capacity 1912K, committed 1920K, reserved 1048576K
}

Deoptimization events (10 events):
Event: 17.249 Thread 0x0000020234225800 Uncommon trap: reason=unstable_if action=reinterpret pc=0x000002023606e118 method=java.lang.String.substring(I)Ljava/lang/String; @ 35
Event: 17.289 Thread 0x0000020234225800 Uncommon trap: reason=unstable_if action=reinterpret pc=0x000002023618059c method=org.codehaus.plexus.util.xml.pull.MXParser.nextImpl()I @ 1161
Event: 17.289 Thread 0x0000020234225800 Uncommon trap: reason=unstable_if action=reinterpret pc=0x0000020235ef0ff8 method=sun.nio.cs.UTF_8$Decoder.decodeArrayLoop(Ljava/nio/ByteBuffer;Ljava/nio/CharBuffer;)Ljava/nio/charset/CoderResult; @ 84
Event: 17.311 Thread 0x0000020234225800 Uncommon trap: reason=unstable_if action=reinterpret pc=0x00000202361c6880 method=java.lang.String.trim()Ljava/lang/String; @ 63
Event: 17.321 Thread 0x0000020234225800 Uncommon trap: reason=unstable_if action=reinterpret pc=0x0000020236191734 method=java.lang.String.regionMatches(ZILjava/lang/String;II)Z @ 25
Event: 17.328 Thread 0x0000020234225800 Uncommon trap: reason=null_check action=make_not_entrant pc=0x00000202361f4ee4 method=org.apache.maven.model.io.xpp3.MavenXpp3ReaderEx.checkFieldWithDuplicate(Lorg/codehaus/plexus/util/xml/pull/XmlPullParser;Ljava/lang/String;Ljava/lang/String;Ljava/util/
Event: 17.340 Thread 0x0000020234225800 Uncommon trap: reason=unstable_if action=reinterpret pc=0x000002023620cfe0 method=org.codehaus.plexus.util.xml.pull.MXParser.nextImpl()I @ 879
Event: 17.440 Thread 0x0000020234225800 Uncommon trap: reason=unstable_if action=reinterpret pc=0x0000020236230afc method=org.codehaus.plexus.util.xml.pull.MXParser.nextImpl()I @ 972
Event: 17.451 Thread 0x0000020234225800 Uncommon trap: reason=unstable_if action=reinterpret pc=0x0000020235ed1f04 method=sun.nio.cs.UTF_8$Decoder.decode([BII[C)I @ 30
Event: 17.527 Thread 0x0000020234225800 Uncommon trap: reason=unstable_if action=reinterpret pc=0x000002023627d504 method=org.apache.maven.model.validation.DefaultModelValidator.isValidIdCharacter(C)Z @ 51

Classes redefined (0 events):
No events

Internal exceptions (10 events):
Event: 16.850 Thread 0x0000020234225800 Exception <a 'java/lang/NoClassDefFoundError': javax/annotation/Priority> (0x00000000d703b7a8) thrown at [C:\jenkins\workspace\8-2-build-windows-amd64-cygwin\jdk8u291\1294\hotspot\src\share\vm\classfile\systemDictionary.cpp, line 201]
Event: 17.000 Thread 0x0000020234225800 Exception <a 'java/lang/NullPointerException'> (0x00000000d778b880) thrown at [C:\jenkins\workspace\8-2-build-windows-amd64-cygwin\jdk8u291\1294\hotspot\src\share\vm\interpreter\linkResolver.cpp, line 1185]
Event: 17.000 Thread 0x0000020234225800 Exception <a 'java/lang/NullPointerException'> (0x00000000d778ba98) thrown at [C:\jenkins\workspace\8-2-build-windows-amd64-cygwin\jdk8u291\1294\hotspot\src\share\vm\interpreter\linkResolver.cpp, line 1185]
Event: 17.001 Thread 0x0000020234225800 Exception <a 'java/lang/NullPointerException'> (0x00000000d778bcb0) thrown at [C:\jenkins\workspace\8-2-build-windows-amd64-cygwin\jdk8u291\1294\hotspot\src\share\vm\interpreter\linkResolver.cpp, line 1185]
Event: 17.001 Thread 0x0000020234225800 Exception <a 'java/lang/NullPointerException'> (0x00000000d77942b0) thrown at [C:\jenkins\workspace\8-2-build-windows-amd64-cygwin\jdk8u291\1294\hotspot\src\share\vm\interpreter\linkResolver.cpp, line 1185]
Event: 17.001 Thread 0x0000020234225800 Exception <a 'java/lang/NullPointerException'> (0x00000000d77944c8) thrown at [C:\jenkins\workspace\8-2-build-windows-amd64-cygwin\jdk8u291\1294\hotspot\src\share\vm\interpreter\linkResolver.cpp, line 1185]
Event: 17.001 Thread 0x0000020234225800 Exception <a 'java/lang/NullPointerException'> (0x00000000d77946e0) thrown at [C:\jenkins\workspace\8-2-build-windows-amd64-cygwin\jdk8u291\1294\hotspot\src\share\vm\interpreter\linkResolver.cpp, line 1185]
Event: 17.052 Thread 0x0000020234225800 Implicit null exception at 0x0000020235eb3a56 to 0x0000020235eb3dfd
Event: 17.052 Thread 0x0000020234225800 Implicit null exception at 0x0000020235e50ad6 to 0x0000020235e50e75
Event: 17.328 Thread 0x0000020234225800 Implicit null exception at 0x00000202361f3bd0 to 0x00000202361f4ecd

Events (10 events):
Event: 17.552 loading class org/apache/maven/graph/DefaultProjectDependencyGraph done
Event: 17.553 loading class org/apache/maven/project/ProjectSorter
Event: 17.553 loading class org/apache/maven/project/ProjectSorter done
Event: 17.554 loading class org/codehaus/plexus/util/dag/DAG
Event: 17.554 loading class org/codehaus/plexus/util/dag/DAG done
Event: 17.555 loading class org/codehaus/plexus/util/dag/Vertex
Event: 17.555 loading class org/codehaus/plexus/util/dag/Vertex done
Event: 17.556 loading class org/codehaus/plexus/util/dag/TopologicalSorter
Event: 17.556 loading class org/codehaus/plexus/util/dag/TopologicalSorter done
Event: 17.556 loading class java/util/LinkedList$ListItr


Dynamic libraries:
0x00007ff696500000 - 0x00007ff696547000 	C:\Program Files\Java\jdk1.8.0_291\bin\java.exe
0x00007ffc72c30000 - 0x00007ffc72e25000 	C:\WINDOWS\SYSTEM32\ntdll.dll
0x00007ffc71fc0000 - 0x00007ffc7207d000 	C:\WINDOWS\System32\KERNEL32.DLL
0x00007ffc704c0000 - 0x00007ffc7078d000 	C:\WINDOWS\System32\KERNELBASE.dll
0x00007ffc71860000 - 0x00007ffc7190e000 	C:\WINDOWS\System32\ADVAPI32.dll
0x00007ffc72080000 - 0x00007ffc7211e000 	C:\WINDOWS\System32\msvcrt.dll
0x00007ffc726b0000 - 0x00007ffc7274c000 	C:\WINDOWS\System32\sechost.dll
0x00007ffc715a0000 - 0x00007ffc716c5000 	C:\WINDOWS\System32\RPCRT4.dll
0x00007ffc71e20000 - 0x00007ffc71fc0000 	C:\WINDOWS\System32\USER32.dll
0x00007ffc70490000 - 0x00007ffc704b2000 	C:\WINDOWS\System32\win32u.dll
0x00007ffc724d0000 - 0x00007ffc724fa000 	C:\WINDOWS\System32\GDI32.dll
0x00007ffc70980000 - 0x00007ffc70a8b000 	C:\WINDOWS\System32\gdi32full.dll
0x00007ffc70a90000 - 0x00007ffc70b2d000 	C:\WINDOWS\System32\msvcp_win.dll
0x00007ffc70b80000 - 0x00007ffc70c80000 	C:\WINDOWS\System32\ucrtbase.dll
0x00007ffc57ca0000 - 0x00007ffc57f3a000 	C:\WINDOWS\WinSxS\amd64_microsoft.windows.common-controls_6595b64144ccf1df_6.0.19041.1110_none_60b5254171f9507e\COMCTL32.dll
0x00007ffc71df0000 - 0x00007ffc71e20000 	C:\WINDOWS\System32\IMM32.DLL
0x00007ffc67de0000 - 0x00007ffc67df5000 	C:\Program Files\Java\jdk1.8.0_291\jre\bin\vcruntime140.dll
0x00007ffc2bbc0000 - 0x00007ffc2bc5b000 	C:\Program Files\Java\jdk1.8.0_291\jre\bin\msvcp140.dll
0x0000000060ea0000 - 0x0000000061700000 	C:\Program Files\Java\jdk1.8.0_291\jre\bin\server\jvm.dll
0x00007ffc71590000 - 0x00007ffc71598000 	C:\WINDOWS\System32\PSAPI.DLL
0x00007ffc67dd0000 - 0x00007ffc67dd9000 	C:\WINDOWS\SYSTEM32\WSOCK32.dll
0x00007ffc72120000 - 0x00007ffc7218b000 	C:\WINDOWS\System32\WS2_32.dll
0x00007ffc652b0000 - 0x00007ffc652d7000 	C:\WINDOWS\SYSTEM32\WINMM.dll
0x00007ffc62330000 - 0x00007ffc6233a000 	C:\WINDOWS\SYSTEM32\VERSION.dll
0x00007ffc6e240000 - 0x00007ffc6e252000 	C:\WINDOWS\SYSTEM32\kernel.appcore.dll
0x00007ffc67d80000 - 0x00007ffc67d90000 	C:\Program Files\Java\jdk1.8.0_291\jre\bin\verify.dll
0x00007ffc67d50000 - 0x00007ffc67d7b000 	C:\Program Files\Java\jdk1.8.0_291\jre\bin\java.dll
0x00007ffc67d30000 - 0x00007ffc67d48000 	C:\Program Files\Java\jdk1.8.0_291\jre\bin\zip.dll
0x00007ffc70c80000 - 0x00007ffc713c4000 	C:\WINDOWS\System32\SHELL32.dll
0x00007ffc6e440000 - 0x00007ffc6ebd4000 	C:\WINDOWS\SYSTEM32\windows.storage.dll
0x00007ffc72750000 - 0x00007ffc72aa4000 	C:\WINDOWS\System32\combase.dll
0x00007ffc6fda0000 - 0x00007ffc6fdcc000 	C:\WINDOWS\SYSTEM32\Wldp.dll
0x00007ffc71750000 - 0x00007ffc717fd000 	C:\WINDOWS\System32\SHCORE.dll
0x00007ffc71d90000 - 0x00007ffc71de5000 	C:\WINDOWS\System32\shlwapi.dll
0x00007ffc70280000 - 0x00007ffc7029f000 	C:\WINDOWS\SYSTEM32\profapi.dll
0x00007ffc67320000 - 0x00007ffc6732a000 	C:\Program Files\NetBeans-12.4\netbeans\java\maven\lib\jansi-native\windows64\jansi.dll
0x00007ffc67cf0000 - 0x00007ffc67d0c000 	C:\Program Files\Java\jdk1.8.0_291\jre\bin\net.dll
0x00007ffc6fb00000 - 0x00007ffc6fb6a000 	C:\WINDOWS\system32\mswsock.dll
0x00007ffc67cd0000 - 0x00007ffc67ce3000 	C:\Program Files\Java\jdk1.8.0_291\jre\bin\nio.dll
0x00007ffc631f0000 - 0x00007ffc633d4000 	C:\WINDOWS\SYSTEM32\dbghelp.dll
0x00007ffc70790000 - 0x00007ffc70812000 	C:\WINDOWS\System32\bcryptPrimitives.dll

VM Arguments:
jvm_args: -Dclassworlds.conf=C:\Program Files\NetBeans-12.4\netbeans\java\maven\bin\..\bin\m2.conf -Dmaven.home=C:\Program Files\NetBeans-12.4\netbeans\java\maven\bin\.. -Dlibrary.jansi.path=C:\Program Files\NetBeans-12.4\netbeans\java\maven\bin\..\lib\jansi-native -Dmaven.multiModuleProjectDirectory=D:\FPT-AptechSem4\3.IASF\Java_IASF_Baitap\login.upload 
java_command: org.codehaus.plexus.classworlds.launcher.Launcher -Dspring-boot.run.jvmArguments=-noverify -XX:TieredStopAtLevel=1 -Dspring-boot.run.mainClass=vn.aptech.login.LoginApplication -Dexec.vmArgs= -Dexec.appArgs= -Dmaven.ext.class.path=C:\Program Files\NetBeans-12.4\netbeans\java\maven-nblib\netbeans-eventspy.jar -Dfile.encoding=UTF-8 spring-boot:run
java_class_path (initial): C:\Program Files\NetBeans-12.4\netbeans\java\maven\bin\..\boot\plexus-classworlds-2.6.0.jar
Launcher Type: SUN_STANDARD

Environment Variables:
JAVA_HOME=C:\Program Files\Java\jdk1.8.0_291
PATH=C:\Program Files (x86)\Common Files\Oracle\Java\javapath;C:\WINDOWS\system32;C:\WINDOWS;C:\WINDOWS\System32\Wbem;C:\WINDOWS\System32\WindowsPowerShell\v1.0\;C:\WINDOWS\System32\OpenSSH\;C:\Program Files\Microsoft SQL Server\Client SDK\ODBC\170\Tools\Binn\;C:\Program Files (x86)\Microsoft SQL Server\150\Tools\Binn\;C:\Program Files\Microsoft SQL Server\150\Tools\Binn\;C:\Program Files\Microsoft SQL Server\150\DTS\Binn\;C:\Program Files (x86)\Microsoft SQL Server\150\DTS\Binn\;C:\Program Files\Azure Data Studio\bin;D:\PHP_FPT\php;C:\Program Files\dotnet\;C:\Program Files\Microsoft SQL Server\130\Tools\Binn\;D:\PHP_FPT_xampp\php;C:\ProgramData\ComposerSetup\bin;C:\Program Files\nodejs\;C:\Users\Thanh Sang\AppData\Local\Microsoft\WindowsApps;C:\Users\Thanh Sang\AppData\Local\Programs\Microsoft VS Code\bin;C:\Program Files\Azure Data Studio\bin;C:\Program Files\Java\jdk-16\bin;C:\Users\Thanh Sang\AppData\Local\GitHubDesktop\bin;C:\Users\Thanh Sang\.dotnet\tools;C:\Users\Thanh Sang\AppData\Roaming\Composer\vendor\bin;C:\Users\Thanh Sang\AppData\Roaming\npm
USERNAME=Thanh Sang
OS=Windows_NT
PROCESSOR_IDENTIFIER=Intel64 Family 6 Model 60 Stepping 3, GenuineIntel



---------------  S Y S T E M  ---------------

OS: Windows 10.0 , 64 bit Build 19041 (10.0.19041.1706)

CPU:total 8 (initial active 8) (4 cores per cpu, 2 threads per core) family 6 model 60 stepping 3, cmov, cx8, fxsr, mmx, sse, sse2, sse3, ssse3, sse4.1, sse4.2, popcnt, avx, avx2, aes, clmul, erms, lzcnt, ht, tsc, tscinvbit, bmi1, bmi2

Memory: 4k page, physical 8182124k(196664k free), swap 14316000k(59736k free)

vm_info: Java HotSpot(TM) 64-Bit Server VM (25.291-b10) for windows-amd64 JRE (1.8.0_291-b10), built on Apr  9 2021 00:02:00 by "java_re" with MS VC++ 15.9 (VS2017)

time: Thu May 12 18:22:29 2022
timezone: SE Asia Standard Time
elapsed time: 27.445397 seconds (0d 0h 0m 27s)

