#
# There is insufficient memory for the Java Runtime Environment to continue.
# Native memory allocation (malloc) failed to allocate 91856 bytes for Chunk::new
# Possible reasons:
#   The system is out of physical RAM or swap space
#   The process is running with CompressedOops enabled, and the Java Heap may be blocking the growth of the native heap
# Possible solutions:
#   Reduce memory load on the system
#   Increase physical memory or swap space
#   Check if swap backing store is full
#   Decrease Java heap size (-Xmx/-Xms)
#   Decrease number of Java threads
#   Decrease Java thread stack sizes (-Xss)
#   Set larger code cache with -XX:ReservedCodeCacheSize=
#   JVM is running with Unscaled Compressed Oops mode in which the Java heap is
#     placed in the first 4GB address space. The Java Heap base address is the
#     maximum limit for the native heap growth. Please use -XX:HeapBaseMinAddress
#     to set the Java Heap base and to place the Java Heap above 4GB virtual address.
# This output file may be truncated or incomplete.
#
#  Out of Memory Error (allocation.cpp:389), pid=17380, tid=0x0000000000004114
#
# JRE version: Java(TM) SE Runtime Environment (8.0_291-b10) (build 1.8.0_291-b10)
# Java VM: Java HotSpot(TM) 64-Bit Server VM (25.291-b10 mixed mode windows-amd64 compressed oops)
# Failed to write core dump. Minidumps are not enabled by default on client versions of Windows
#

---------------  T H R E A D  ---------------

Current thread (0x00000231cf5a3800):  JavaThread "C2 CompilerThread0" daemon [_thread_in_native, id=16660, stack(0x000000a004b00000,0x000000a004c00000)]

Stack: [0x000000a004b00000,0x000000a004c00000]
Native frames: (J=compiled Java code, j=interpreted, Vv=VM code, C=native code)
V  [jvm.dll+0x32ea19]
V  [jvm.dll+0x275462]
V  [jvm.dll+0x27610d]
V  [jvm.dll+0x26cb45]
V  [jvm.dll+0xd524c]
V  [jvm.dll+0xd5a4c]
V  [jvm.dll+0x46fd43]
V  [jvm.dll+0x43756e]
V  [jvm.dll+0x440855]
V  [jvm.dll+0x43fc15]
V  [jvm.dll+0x42aa57]
V  [jvm.dll+0xabeeb]
V  [jvm.dll+0xaa54b]
V  [jvm.dll+0x23db02]
V  [jvm.dll+0x29210c]
C  [ucrtbase.dll+0x21bb2]
C  [KERNEL32.DLL+0x17034]
C  [ntdll.dll+0x52651]


Current CompileTask:
C2:   3115  651       4       sun.misc.URLClassPath::getResource (83 bytes)


---------------  P R O C E S S  ---------------

Java Threads: ( => current thread )
  0x00000231cf60c800 JavaThread "Service Thread" daemon [_thread_blocked, id=10692, stack(0x000000a004f00000,0x000000a005000000)]
  0x00000231cf605800 JavaThread "C1 CompilerThread3" daemon [_thread_blocked, id=14980, stack(0x000000a004e00000,0x000000a004f00000)]
  0x00000231cf5fa800 JavaThread "C2 CompilerThread2" daemon [_thread_blocked, id=16672, stack(0x000000a004d00000,0x000000a004e00000)]
  0x00000231cf5fa000 JavaThread "C2 CompilerThread1" daemon [_thread_blocked, id=15200, stack(0x000000a004c00000,0x000000a004d00000)]
=>0x00000231cf5a3800 JavaThread "C2 CompilerThread0" daemon [_thread_in_native, id=16660, stack(0x000000a004b00000,0x000000a004c00000)]
  0x00000231cf5a2800 JavaThread "Attach Listener" daemon [_thread_blocked, id=14764, stack(0x000000a004a00000,0x000000a004b00000)]
  0x00000231cf59f800 JavaThread "Signal Dispatcher" daemon [_thread_blocked, id=11356, stack(0x000000a004900000,0x000000a004a00000)]
  0x00000231ce989000 JavaThread "Finalizer" daemon [_thread_blocked, id=13436, stack(0x000000a004800000,0x000000a004900000)]
  0x00000231ce988800 JavaThread "Reference Handler" daemon [_thread_blocked, id=356, stack(0x000000a004700000,0x000000a004800000)]
  0x00000231b89b6800 JavaThread "main" [_thread_blocked, id=16528, stack(0x000000a003d00000,0x000000a003e00000)]

Other Threads:
  0x00000231cf552800 VMThread [stack: 0x000000a004600000,0x000000a004700000] [id=8856]
  0x00000231cf61f000 WatcherThread [stack: 0x000000a005000000,0x000000a005100000] [id=16644]

VM state:at safepoint (normal execution)

VM Mutex/Monitor currently owned by a thread:  ([mutex/lock_event])
[0x00000231b89a7fe0] Threads_lock - owner thread: 0x00000231cf552800
[0x00000231b89b1ae0] Heap_lock - owner thread: 0x00000231cf5fa000

heap address: 0x0000000083200000, size: 1998 MB, Compressed Oops mode: 32-bit
Narrow klass base: 0x0000000000000000, Narrow klass shift: 3
Compressed class space size: 1073741824 Address: 0x0000000100000000

Heap:
 PSYoungGen      total 37888K, used 32768K [0x00000000d6600000, 0x00000000d9000000, 0x0000000100000000)
  eden space 32768K, 100% used [0x00000000d6600000,0x00000000d8600000,0x00000000d8600000)
  from space 5120K, 0% used [0x00000000d8b00000,0x00000000d8b00000,0x00000000d9000000)
  to   space 5120K, 0% used [0x00000000d8600000,0x00000000d8600000,0x00000000d8b00000)
 ParOldGen       total 86016K, used 0K [0x0000000083200000, 0x0000000088600000, 0x00000000d6600000)
  object space 86016K, 0% used [0x0000000083200000,0x0000000083200000,0x0000000088600000)
 Metaspace       used 8302K, capacity 8464K, committed 8576K, reserved 1056768K
  class space    used 1004K, capacity 1080K, committed 1152K, reserved 1048576K

Card table byte_map: [0x00000231c9770000,0x00000231c9b60000] byte_map_base: 0x00000231c9357000

Marking Bits: (ParMarkBitMap*) 0x0000000061687fe0
 Begin Bits: [0x00000231c9e00000, 0x00000231cbd38000)
 End Bits:   [0x00000231cbd38000, 0x00000231cdc70000)

Polling page: 0x00000231b8bb0000

CodeCache: size=245760Kb used=3219Kb max_used=3224Kb free=242541Kb
 bounds [0x00000231ba3b0000, 0x00000231ba6e0000, 0x00000231c93b0000]
 total_blobs=1039 nmethods=735 adapters=217
 compilation: enabled

Compilation events (10 events):
Event: 3.027 Thread 0x00000231cf605800 nmethod 696 0x00000231ba6bc890 code [0x00000231ba6bc9e0, 0x00000231ba6bcaf8]
Event: 3.027 Thread 0x00000231cf605800  697       1       com.google.common.cache.LocalCache$StrongValueReference::get (5 bytes)
Event: 3.027 Thread 0x00000231cf605800 nmethod 697 0x00000231ba6bcb50 code [0x00000231ba6bcca0, 0x00000231ba6bcdb8]
Event: 3.027 Thread 0x00000231cf605800  698       3       java.lang.Class::copyMethods (36 bytes)
Event: 3.028 Thread 0x00000231cf605800 nmethod 698 0x00000231ba6bce10 code [0x00000231ba6bd000, 0x00000231ba6bda00]
Event: 3.028 Thread 0x00000231cf605800  702       3       com.google.inject.TypeLiteral::resolveType (309 bytes)
Event: 3.030 Thread 0x00000231cf605800 nmethod 702 0x00000231ba6bdf10 code [0x00000231ba6be240, 0x00000231ba6bfc30]
Event: 3.030 Thread 0x00000231cf605800  700       3       com.google.inject.TypeLiteral::equals (30 bytes)
Event: 3.031 Thread 0x00000231cf605800 nmethod 700 0x00000231ba6c0490 code [0x00000231ba6c0600, 0x00000231ba6c0a10]
Event: 3.031 Thread 0x00000231cf605800  701       3       com.google.inject.internal.MoreTypes::equals (286 bytes)

GC Heap History (0 events):
No events

Deoptimization events (3 events):
Event: 1.849 Thread 0x00000231b89b6800 Uncommon trap: reason=unstable_if action=reinterpret pc=0x00000231ba52e490 method=java.lang.String.indexOf([CII[CIII)I @ 3
Event: 2.618 Thread 0x00000231b89b6800 Uncommon trap: reason=unstable_if action=reinterpret pc=0x00000231ba5817a4 method=org.codehaus.plexus.util.xml.pull.MXParser.more()C @ 8
Event: 2.837 Thread 0x00000231b89b6800 Uncommon trap: reason=unstable_if action=reinterpret pc=0x00000231ba679bcc method=org.codehaus.plexus.util.xml.pull.MXParser.nextImpl()I @ 200

Classes redefined (0 events):
No events

Internal exceptions (10 events):
Event: 0.227 Thread 0x00000231b89b6800 Exception <a 'java/lang/NoSuchMethodError': Method sun.misc.Unsafe.prefetchRead(Ljava/lang/Object;J)V name or signature does not match> (0x00000000d6607fa8) thrown at [C:\jenkins\workspace\8-2-build-windows-amd64-cygwin\jdk8u291\1294\hotspot\src\share\vm\
Event: 1.321 Thread 0x00000231b89b6800 Exception <a 'java/security/PrivilegedActionException'> (0x00000000d6a82528) thrown at [C:\jenkins\workspace\8-2-build-windows-amd64-cygwin\jdk8u291\1294\hotspot\src\share\vm\prims\jvm.cpp, line 1523]
Event: 1.321 Thread 0x00000231b89b6800 Exception <a 'java/security/PrivilegedActionException'> (0x00000000d6a82738) thrown at [C:\jenkins\workspace\8-2-build-windows-amd64-cygwin\jdk8u291\1294\hotspot\src\share\vm\prims\jvm.cpp, line 1523]
Event: 1.322 Thread 0x00000231b89b6800 Exception <a 'java/security/PrivilegedActionException'> (0x00000000d6a86830) thrown at [C:\jenkins\workspace\8-2-build-windows-amd64-cygwin\jdk8u291\1294\hotspot\src\share\vm\prims\jvm.cpp, line 1523]
Event: 1.322 Thread 0x00000231b89b6800 Exception <a 'java/security/PrivilegedActionException'> (0x00000000d6a86a40) thrown at [C:\jenkins\workspace\8-2-build-windows-amd64-cygwin\jdk8u291\1294\hotspot\src\share\vm\prims\jvm.cpp, line 1523]
Event: 2.559 Thread 0x00000231b89b6800 Exception <a 'java/lang/ArrayIndexOutOfBoundsException'> (0x00000000d79a3fd0) thrown at [C:\jenkins\workspace\8-2-build-windows-amd64-cygwin\jdk8u291\1294\hotspot\src\share\vm\runtime\sharedRuntime.cpp, line 609]
Event: 2.564 Thread 0x00000231b89b6800 Exception <a 'java/lang/ArrayIndexOutOfBoundsException'> (0x00000000d79c19d8) thrown at [C:\jenkins\workspace\8-2-build-windows-amd64-cygwin\jdk8u291\1294\hotspot\src\share\vm\runtime\sharedRuntime.cpp, line 609]
Event: 2.603 Thread 0x00000231b89b6800 Exception <a 'java/lang/ArrayIndexOutOfBoundsException'> (0x00000000d7a06060) thrown at [C:\jenkins\workspace\8-2-build-windows-amd64-cygwin\jdk8u291\1294\hotspot\src\share\vm\runtime\sharedRuntime.cpp, line 609]
Event: 2.984 Thread 0x00000231b89b6800 Exception <a 'java/lang/ArrayIndexOutOfBoundsException'> (0x00000000d8299ff8) thrown at [C:\jenkins\workspace\8-2-build-windows-amd64-cygwin\jdk8u291\1294\hotspot\src\share\vm\runtime\sharedRuntime.cpp, line 609]
Event: 2.989 Thread 0x00000231b89b6800 Exception <a 'java/lang/ArrayIndexOutOfBoundsException'> (0x00000000d829bb88) thrown at [C:\jenkins\workspace\8-2-build-windows-amd64-cygwin\jdk8u291\1294\hotspot\src\share\vm\runtime\sharedRuntime.cpp, line 609]

Events (10 events):
Event: 3.029 loading class org/eclipse/sisu/plexus/PlexusXmlBeanModule$PlexusXmlBeanSource
Event: 3.029 loading class org/eclipse/sisu/plexus/PlexusXmlBeanModule$PlexusXmlBeanSource done
Event: 3.030 loading class org/eclipse/sisu/plexus/PlexusTypeVisitor
Event: 3.030 loading class org/eclipse/sisu/plexus/PlexusTypeVisitor done
Event: 3.031 loading class org/eclipse/sisu/space/ClassVisitor
Event: 3.031 loading class org/eclipse/sisu/space/ClassVisitor done
Event: 3.031 loading class org/eclipse/sisu/space/AnnotationVisitor
Event: 3.031 loading class org/eclipse/sisu/space/AnnotationVisitor done
Event: 3.032 loading class org/eclipse/sisu/plexus/PlexusTypeVisitor$ComponentAnnotationVisitor
Event: 3.032 loading class org/eclipse/sisu/plexus/PlexusTypeVisitor$ComponentAnnotationVisitor done


Dynamic libraries:
0x00007ff696500000 - 0x00007ff696547000 	C:\Program Files\Java\jdk1.8.0_291\bin\java.exe
0x00007ffc72c30000 - 0x00007ffc72e25000 	C:\WINDOWS\SYSTEM32\ntdll.dll
0x00007ffc71fc0000 - 0x00007ffc7207d000 	C:\WINDOWS\System32\KERNEL32.DLL
0x00007ffc704c0000 - 0x00007ffc7078d000 	C:\WINDOWS\System32\KERNELBASE.dll
0x00007ffc71860000 - 0x00007ffc7190e000 	C:\WINDOWS\System32\ADVAPI32.dll
0x00007ffc72080000 - 0x00007ffc7211e000 	C:\WINDOWS\System32\msvcrt.dll
0x00007ffc726b0000 - 0x00007ffc7274c000 	C:\WINDOWS\System32\sechost.dll
0x00007ffc715a0000 - 0x00007ffc716c5000 	C:\WINDOWS\System32\RPCRT4.dll
0x00007ffc71e20000 - 0x00007ffc71fc0000 	C:\WINDOWS\System32\USER32.dll
0x00007ffc70490000 - 0x00007ffc704b2000 	C:\WINDOWS\System32\win32u.dll
0x00007ffc724d0000 - 0x00007ffc724fa000 	C:\WINDOWS\System32\GDI32.dll
0x00007ffc70980000 - 0x00007ffc70a8b000 	C:\WINDOWS\System32\gdi32full.dll
0x00007ffc70a90000 - 0x00007ffc70b2d000 	C:\WINDOWS\System32\msvcp_win.dll
0x00007ffc70b80000 - 0x00007ffc70c80000 	C:\WINDOWS\System32\ucrtbase.dll
0x00007ffc57ca0000 - 0x00007ffc57f3a000 	C:\WINDOWS\WinSxS\amd64_microsoft.windows.common-controls_6595b64144ccf1df_6.0.19041.1110_none_60b5254171f9507e\COMCTL32.dll
0x00007ffc71df0000 - 0x00007ffc71e20000 	C:\WINDOWS\System32\IMM32.DLL
0x00007ffc67de0000 - 0x00007ffc67df5000 	C:\Program Files\Java\jdk1.8.0_291\jre\bin\vcruntime140.dll
0x00007ffc2bbc0000 - 0x00007ffc2bc5b000 	C:\Program Files\Java\jdk1.8.0_291\jre\bin\msvcp140.dll
0x0000000060ea0000 - 0x0000000061700000 	C:\Program Files\Java\jdk1.8.0_291\jre\bin\server\jvm.dll
0x00007ffc71590000 - 0x00007ffc71598000 	C:\WINDOWS\System32\PSAPI.DLL
0x00007ffc67dd0000 - 0x00007ffc67dd9000 	C:\WINDOWS\SYSTEM32\WSOCK32.dll
0x00007ffc652b0000 - 0x00007ffc652d7000 	C:\WINDOWS\SYSTEM32\WINMM.dll
0x00007ffc62330000 - 0x00007ffc6233a000 	C:\WINDOWS\SYSTEM32\VERSION.dll
0x00007ffc72120000 - 0x00007ffc7218b000 	C:\WINDOWS\System32\WS2_32.dll
0x00007ffc6e240000 - 0x00007ffc6e252000 	C:\WINDOWS\SYSTEM32\kernel.appcore.dll
0x00007ffc67d80000 - 0x00007ffc67d90000 	C:\Program Files\Java\jdk1.8.0_291\jre\bin\verify.dll
0x00007ffc67d50000 - 0x00007ffc67d7b000 	C:\Program Files\Java\jdk1.8.0_291\jre\bin\java.dll
0x00007ffc67d30000 - 0x00007ffc67d48000 	C:\Program Files\Java\jdk1.8.0_291\jre\bin\zip.dll
0x00007ffc70c80000 - 0x00007ffc713c4000 	C:\WINDOWS\System32\SHELL32.dll
0x00007ffc6e440000 - 0x00007ffc6ebd4000 	C:\WINDOWS\SYSTEM32\windows.storage.dll
0x00007ffc72750000 - 0x00007ffc72aa4000 	C:\WINDOWS\System32\combase.dll
0x00007ffc6fda0000 - 0x00007ffc6fdcc000 	C:\WINDOWS\SYSTEM32\Wldp.dll
0x00007ffc71750000 - 0x00007ffc717fd000 	C:\WINDOWS\System32\SHCORE.dll
0x00007ffc71d90000 - 0x00007ffc71de5000 	C:\WINDOWS\System32\shlwapi.dll
0x00007ffc70280000 - 0x00007ffc7029f000 	C:\WINDOWS\SYSTEM32\profapi.dll
0x00007ffc67320000 - 0x00007ffc6732a000 	C:\Program Files\NetBeans-12.4\netbeans\java\maven\lib\jansi-native\windows64\jansi.dll
0x00007ffc631f0000 - 0x00007ffc633d4000 	C:\WINDOWS\SYSTEM32\dbghelp.dll
0x00007ffc70790000 - 0x00007ffc70812000 	C:\WINDOWS\System32\bcryptPrimitives.dll

VM Arguments:
jvm_args: -Dclassworlds.conf=C:\Program Files\NetBeans-12.4\netbeans\java\maven\bin\..\bin\m2.conf -Dmaven.home=C:\Program Files\NetBeans-12.4\netbeans\java\maven\bin\.. -Dlibrary.jansi.path=C:\Program Files\NetBeans-12.4\netbeans\java\maven\bin\..\lib\jansi-native -Dmaven.multiModuleProjectDirectory=D:\FPT-AptechSem4\3.IASF\Java_IASF_Baitap\login.upload 
java_command: org.codehaus.plexus.classworlds.launcher.Launcher -Dspring-boot.run.jvmArguments=-noverify -XX:TieredStopAtLevel=1 -Dspring-boot.run.mainClass=vn.aptech.login.LoginApplication -Dexec.vmArgs= -Dexec.appArgs= -Dmaven.ext.class.path=C:\Program Files\NetBeans-12.4\netbeans\java\maven-nblib\netbeans-eventspy.jar -Dfile.encoding=UTF-8 spring-boot:run
java_class_path (initial): C:\Program Files\NetBeans-12.4\netbeans\java\maven\bin\..\boot\plexus-classworlds-2.6.0.jar
Launcher Type: SUN_STANDARD

Environment Variables:
JAVA_HOME=C:\Program Files\Java\jdk1.8.0_291
PATH=C:\Program Files (x86)\Common Files\Oracle\Java\javapath;C:\WINDOWS\system32;C:\WINDOWS;C:\WINDOWS\System32\Wbem;C:\WINDOWS\System32\WindowsPowerShell\v1.0\;C:\WINDOWS\System32\OpenSSH\;C:\Program Files\Microsoft SQL Server\Client SDK\ODBC\170\Tools\Binn\;C:\Program Files (x86)\Microsoft SQL Server\150\Tools\Binn\;C:\Program Files\Microsoft SQL Server\150\Tools\Binn\;C:\Program Files\Microsoft SQL Server\150\DTS\Binn\;C:\Program Files (x86)\Microsoft SQL Server\150\DTS\Binn\;C:\Program Files\Azure Data Studio\bin;D:\PHP_FPT\php;C:\Program Files\dotnet\;C:\Program Files\Microsoft SQL Server\130\Tools\Binn\;D:\PHP_FPT_xampp\php;C:\ProgramData\ComposerSetup\bin;C:\Program Files\nodejs\;C:\Users\Thanh Sang\AppData\Local\Microsoft\WindowsApps;C:\Users\Thanh Sang\AppData\Local\Programs\Microsoft VS Code\bin;C:\Program Files\Azure Data Studio\bin;C:\Program Files\Java\jdk-16\bin;C:\Users\Thanh Sang\AppData\Local\GitHubDesktop\bin;C:\Users\Thanh Sang\.dotnet\tools;C:\Users\Thanh Sang\AppData\Roaming\Composer\vendor\bin;C:\Users\Thanh Sang\AppData\Roaming\npm
USERNAME=Thanh Sang
OS=Windows_NT
PROCESSOR_IDENTIFIER=Intel64 Family 6 Model 60 Stepping 3, GenuineIntel



---------------  S Y S T E M  ---------------

OS: Windows 10.0 , 64 bit Build 19041 (10.0.19041.1706)

CPU:total 8 (initial active 8) (4 cores per cpu, 2 threads per core) family 6 model 60 stepping 3, cmov, cx8, fxsr, mmx, sse, sse2, sse3, ssse3, sse4.1, sse4.2, popcnt, avx, avx2, aes, clmul, erms, lzcnt, ht, tsc, tscinvbit, bmi1, bmi2

Memory: 4k page, physical 8182124k(755976k free), swap 14530184k(5444k free)

vm_info: Java HotSpot(TM) 64-Bit Server VM (25.291-b10) for windows-amd64 JRE (1.8.0_291-b10), built on Apr  9 2021 00:02:00 by "java_re" with MS VC++ 15.9 (VS2017)

time: Thu May 12 18:24:16 2022
timezone: SE Asia Standard Time
elapsed time: 3.120034 seconds (0d 0h 0m 3s)

