#
# There is insufficient memory for the Java Runtime Environment to continue.
# Native memory allocation (malloc) failed to allocate 32744 bytes for ChunkPool::allocate
# Possible reasons:
#   The system is out of physical RAM or swap space
#   The process is running with CompressedOops enabled, and the Java Heap may be blocking the growth of the native heap
# Possible solutions:
#   Reduce memory load on the system
#   Increase physical memory or swap space
#   Check if swap backing store is full
#   Decrease Java heap size (-Xmx/-Xms)
#   Decrease number of Java threads
#   Decrease Java thread stack sizes (-Xss)
#   Set larger code cache with -XX:ReservedCodeCacheSize=
#   JVM is running with Unscaled Compressed Oops mode in which the Java heap is
#     placed in the first 4GB address space. The Java Heap base address is the
#     maximum limit for the native heap growth. Please use -XX:HeapBaseMinAddress
#     to set the Java Heap base and to place the Java Heap above 4GB virtual address.
# This output file may be truncated or incomplete.
#
#  Out of Memory Error (allocation.cpp:272), pid=2752, tid=0x0000000000002e50
#
# JRE version: Java(TM) SE Runtime Environment (8.0_291-b10) (build 1.8.0_291-b10)
# Java VM: Java HotSpot(TM) 64-Bit Server VM (25.291-b10 mixed mode windows-amd64 compressed oops)
# Failed to write core dump. Minidumps are not enabled by default on client versions of Windows
#

---------------  T H R E A D  ---------------

Current thread (0x000001c4bdbcd800):  JavaThread "C1 CompilerThread3" daemon [_thread_in_native, id=11856, stack(0x000000500f500000,0x000000500f600000)]

Stack: [0x000000500f500000,0x000000500f600000]
Native frames: (J=compiled Java code, j=interpreted, Vv=VM code, C=native code)
V  [jvm.dll+0x32ea19]


Current CompileTask:
C1:  72542 3054       1       sun.misc.ProxyGenerator$ProxyMethod::generateMethod (733 bytes)


---------------  P R O C E S S  ---------------

Java Threads: ( => current thread )
  0x000001c4bffe7800 JavaThread "container-0" [_thread_blocked, id=12264, stack(0x000000500fe00000,0x000000500ff00000)]
  0x000001c4c14a5800 JavaThread "Catalina-utility-2" [_thread_blocked, id=12248, stack(0x000000500fd00000,0x000000500fe00000)]
  0x000001c4c14a5000 JavaThread "Catalina-utility-1" [_thread_blocked, id=11088, stack(0x000000500fc00000,0x000000500fd00000)]
  0x000001c4c00cc000 JavaThread "restartedMain" [_thread_in_vm, id=12132, stack(0x000000500f900000,0x000000500fa00000)]
  0x000001c4c00c7000 JavaThread "Thread-0" [_thread_blocked, id=12128, stack(0x000000500f800000,0x000000500f900000)]
  0x000001c4bdbd2000 JavaThread "Service Thread" daemon [_thread_blocked, id=11864, stack(0x000000500f600000,0x000000500f700000)]
=>0x000001c4bdbcd800 JavaThread "C1 CompilerThread3" daemon [_thread_in_native, id=11856, stack(0x000000500f500000,0x000000500f600000)]
  0x000001c4bdbcc800 JavaThread "C2 CompilerThread2" daemon [_thread_blocked, id=11848, stack(0x000000500f400000,0x000000500f500000)]
  0x000001c4bdbc9800 JavaThread "C2 CompilerThread1" daemon [_thread_blocked, id=11824, stack(0x000000500f300000,0x000000500f400000)]
  0x000001c4bdb74000 JavaThread "C2 CompilerThread0" daemon [_thread_blocked, id=11788, stack(0x000000500f200000,0x000000500f300000)]
  0x000001c4bdb73000 JavaThread "Attach Listener" daemon [_thread_blocked, id=11784, stack(0x000000500f100000,0x000000500f200000)]
  0x000001c4bdb6d000 JavaThread "Signal Dispatcher" daemon [_thread_blocked, id=11780, stack(0x000000500f000000,0x000000500f100000)]
  0x000001c4bdb42000 JavaThread "Finalizer" daemon [_thread_blocked, id=11680, stack(0x000000500ef00000,0x000000500f000000)]
  0x000001c4bdb40800 JavaThread "Reference Handler" daemon [_thread_blocked, id=11676, stack(0x000000500ee00000,0x000000500ef00000)]
  0x000001c4a7b6f800 JavaThread "main" [_thread_blocked, id=11332, stack(0x000000500e300000,0x000000500e400000)]

Other Threads:
  0x000001c4bdb16800 VMThread [stack: 0x000000500ed00000,0x000000500ee00000] [id=11624]
  0x000001c4bdbd4000 WatcherThread [stack: 0x000000500f700000,0x000000500f800000] [id=11868]

VM state:not at safepoint (normal execution)

VM Mutex/Monitor currently owned by a thread: None

heap address: 0x0000000083200000, size: 1998 MB, Compressed Oops mode: 32-bit
Narrow klass base: 0x0000000000000000, Narrow klass shift: 3
Compressed class space size: 1073741824 Address: 0x0000000100000000

Heap:
 PSYoungGen      total 136192K, used 13992K [0x00000000d6600000, 0x00000000e5500000, 0x0000000100000000)
  eden space 123904K, 11% used [0x00000000d6600000,0x00000000d73aa100,0x00000000ddf00000)
  from space 12288K, 0% used [0x00000000ddf00000,0x00000000ddf00000,0x00000000deb00000)
  to   space 11776K, 0% used [0x00000000e4980000,0x00000000e4980000,0x00000000e5500000)
 ParOldGen       total 61440K, used 12320K [0x0000000083200000, 0x0000000086e00000, 0x00000000d6600000)
  object space 61440K, 20% used [0x0000000083200000,0x0000000083e083d0,0x0000000086e00000)
 Metaspace       used 27635K, capacity 29670K, committed 29696K, reserved 1077248K
  class space    used 3736K, capacity 4090K, committed 4096K, reserved 1048576K

Card table byte_map: [0x000001c4b8800000,0x000001c4b8bf0000] byte_map_base: 0x000001c4b83e7000

Marking Bits: (ParMarkBitMap*) 0x0000000061687fe0
 Begin Bits: [0x000001c4b8e90000, 0x000001c4badc8000)
 End Bits:   [0x000001c4badc8000, 0x000001c4bcd00000)

Polling page: 0x000001c4a7ae0000

CodeCache: size=245760Kb used=6140Kb max_used=6140Kb free=239619Kb
 bounds [0x000001c4a9440000, 0x000001c4a9a40000, 0x000001c4b8440000]
 total_blobs=3425 nmethods=3025 adapters=312
 compilation: enabled

Compilation events (10 events):
Event: 72.367 Thread 0x000001c4bdbcd800 nmethod 3049 0x000001c4a9a3a250 code [0x000001c4a9a3a3c0, 0x000001c4a9a3a6a0]
Event: 72.368 Thread 0x000001c4bdbcd800 3050       1       org.springframework.core.convert.TypeDescriptor::equals (113 bytes)
Event: 72.371 Thread 0x000001c4bdbcd800 nmethod 3050 0x000001c4a9a3a810 code [0x000001c4a9a3abc0, 0x000001c4a9a3bcb0]
Event: 72.371 Thread 0x000001c4bdbcd800 3051       1       org.springframework.core.MethodParameter::getParameterType (48 bytes)
Event: 72.372 Thread 0x000001c4bdbcd800 nmethod 3051 0x000001c4a9a3ce90 code [0x000001c4a9a3d020, 0x000001c4a9a3d280]
Event: 72.373 Thread 0x000001c4bdbcd800 3052       1       java.util.LinkedHashSet::<init> (10 bytes)
Event: 72.373 Thread 0x000001c4bdbcd800 nmethod 3052 0x000001c4a9a3d3d0 code [0x000001c4a9a3d560, 0x000001c4a9a3d750]
Event: 72.525 Thread 0x000001c4bdbcd800 3053       1       sun.misc.ProxyGenerator::checkReturnTypes (295 bytes)
Event: 72.526 Thread 0x000001c4bdbcd800 nmethod 3053 0x000001c4a9a3d850 code [0x000001c4a9a3dba0, 0x000001c4a9a3e8d0]
Event: 72.526 Thread 0x000001c4bdbcd800 3054       1       sun.misc.ProxyGenerator$ProxyMethod::generateMethod (733 bytes)

GC Heap History (10 events):
Event: 13.154 GC heap before
{Heap before GC invocations=5 (full 0):
 PSYoungGen      total 136192K, used 61672K [0x00000000d6600000, 0x00000000df000000, 0x0000000100000000)
  eden space 131072K, 43% used [0x00000000d6600000,0x00000000d9d3b9f8,0x00000000de600000)
  from space 5120K, 99% used [0x00000000deb00000,0x00000000deffe9b0,0x00000000df000000)
  to   space 5120K, 0% used [0x00000000de600000,0x00000000de600000,0x00000000deb00000)
 ParOldGen       total 86016K, used 7414K [0x0000000083200000, 0x0000000088600000, 0x00000000d6600000)
  object space 86016K, 8% used [0x0000000083200000,0x000000008393d820,0x0000000088600000)
 Metaspace       used 20132K, capacity 21254K, committed 21296K, reserved 1067008K
  class space    used 2702K, capacity 2923K, committed 2944K, reserved 1048576K
Event: 13.253 GC heap after
Heap after GC invocations=5 (full 0):
 PSYoungGen      total 136192K, used 5114K [0x00000000d6600000, 0x00000000df000000, 0x0000000100000000)
  eden space 131072K, 0% used [0x00000000d6600000,0x00000000d6600000,0x00000000de600000)
  from space 5120K, 99% used [0x00000000de600000,0x00000000deafe9b0,0x00000000deb00000)
  to   space 5120K, 0% used [0x00000000deb00000,0x00000000deb00000,0x00000000df000000)
 ParOldGen       total 86016K, used 11968K [0x0000000083200000, 0x0000000088600000, 0x00000000d6600000)
  object space 86016K, 13% used [0x0000000083200000,0x0000000083db0028,0x0000000088600000)
 Metaspace       used 20132K, capacity 21254K, committed 21296K, reserved 1067008K
  class space    used 2702K, capacity 2923K, committed 2944K, reserved 1048576K
}
Event: 13.253 GC heap before
{Heap before GC invocations=6 (full 1):
 PSYoungGen      total 136192K, used 5114K [0x00000000d6600000, 0x00000000df000000, 0x0000000100000000)
  eden space 131072K, 0% used [0x00000000d6600000,0x00000000d6600000,0x00000000de600000)
  from space 5120K, 99% used [0x00000000de600000,0x00000000deafe9b0,0x00000000deb00000)
  to   space 5120K, 0% used [0x00000000deb00000,0x00000000deb00000,0x00000000df000000)
 ParOldGen       total 86016K, used 11968K [0x0000000083200000, 0x0000000088600000, 0x00000000d6600000)
  object space 86016K, 13% used [0x0000000083200000,0x0000000083db0028,0x0000000088600000)
 Metaspace       used 20132K, capacity 21254K, committed 21296K, reserved 1067008K
  class space    used 2702K, capacity 2923K, committed 2944K, reserved 1048576K
Event: 13.363 GC heap after
Heap after GC invocations=6 (full 1):
 PSYoungGen      total 136192K, used 0K [0x00000000d6600000, 0x00000000df000000, 0x0000000100000000)
  eden space 131072K, 0% used [0x00000000d6600000,0x00000000d6600000,0x00000000de600000)
  from space 5120K, 0% used [0x00000000de600000,0x00000000de600000,0x00000000deb00000)
  to   space 5120K, 0% used [0x00000000deb00000,0x00000000deb00000,0x00000000df000000)
 ParOldGen       total 53760K, used 9956K [0x0000000083200000, 0x0000000086680000, 0x00000000d6600000)
  object space 53760K, 18% used [0x0000000083200000,0x0000000083bb9138,0x0000000086680000)
 Metaspace       used 20132K, capacity 21254K, committed 21296K, reserved 1067008K
  class space    used 2702K, capacity 2923K, committed 2944K, reserved 1048576K
}
Event: 63.139 GC heap before
{Heap before GC invocations=7 (full 1):
 PSYoungGen      total 136192K, used 131072K [0x00000000d6600000, 0x00000000df000000, 0x0000000100000000)
  eden space 131072K, 100% used [0x00000000d6600000,0x00000000de600000,0x00000000de600000)
  from space 5120K, 0% used [0x00000000de600000,0x00000000de600000,0x00000000deb00000)
  to   space 5120K, 0% used [0x00000000deb00000,0x00000000deb00000,0x00000000df000000)
 ParOldGen       total 53760K, used 9956K [0x0000000083200000, 0x0000000086680000, 0x00000000d6600000)
  object space 53760K, 18% used [0x0000000083200000,0x0000000083bb9138,0x0000000086680000)
 Metaspace       used 26054K, capacity 27952K, committed 28288K, reserved 1073152K
  class space    used 3521K, capacity 3863K, committed 3968K, reserved 1048576K
Event: 63.197 GC heap after
Heap after GC invocations=7 (full 1):
 PSYoungGen      total 129024K, used 5110K [0x00000000d6600000, 0x00000000e6800000, 0x0000000100000000)
  eden space 123904K, 0% used [0x00000000d6600000,0x00000000d6600000,0x00000000ddf00000)
  from space 5120K, 99% used [0x00000000deb00000,0x00000000deffda30,0x00000000df000000)
  to   space 12288K, 0% used [0x00000000ddf00000,0x00000000ddf00000,0x00000000deb00000)
 ParOldGen       total 53760K, used 12951K [0x0000000083200000, 0x0000000086680000, 0x00000000d6600000)
  object space 53760K, 24% used [0x0000000083200000,0x0000000083ea5e88,0x0000000086680000)
 Metaspace       used 26054K, capacity 27952K, committed 28288K, reserved 1073152K
  class space    used 3521K, capacity 3863K, committed 3968K, reserved 1048576K
}
Event: 70.918 GC heap before
{Heap before GC invocations=8 (full 1):
 PSYoungGen      total 129024K, used 20412K [0x00000000d6600000, 0x00000000e6800000, 0x0000000100000000)
  eden space 123904K, 12% used [0x00000000d6600000,0x00000000d74f1698,0x00000000ddf00000)
  from space 5120K, 99% used [0x00000000deb00000,0x00000000deffda30,0x00000000df000000)
  to   space 12288K, 0% used [0x00000000ddf00000,0x00000000ddf00000,0x00000000deb00000)
 ParOldGen       total 53760K, used 12951K [0x0000000083200000, 0x0000000086680000, 0x00000000d6600000)
  object space 53760K, 24% used [0x0000000083200000,0x0000000083ea5e88,0x0000000086680000)
 Metaspace       used 27059K, capacity 29076K, committed 29184K, reserved 1079296K
  class space    used 3657K, capacity 4035K, committed 4096K, reserved 1048576K
Event: 70.933 GC heap after
Heap after GC invocations=8 (full 1):
 PSYoungGen      total 136192K, used 6042K [0x00000000d6600000, 0x00000000e5500000, 0x0000000100000000)
  eden space 123904K, 0% used [0x00000000d6600000,0x00000000d6600000,0x00000000ddf00000)
  from space 12288K, 49% used [0x00000000ddf00000,0x00000000de4e6820,0x00000000deb00000)
  to   space 11776K, 0% used [0x00000000e4980000,0x00000000e4980000,0x00000000e5500000)
 ParOldGen       total 53760K, used 12959K [0x0000000083200000, 0x0000000086680000, 0x00000000d6600000)
  object space 53760K, 24% used [0x0000000083200000,0x0000000083ea7e88,0x0000000086680000)
 Metaspace       used 27059K, capacity 29076K, committed 29184K, reserved 1079296K
  class space    used 3657K, capacity 4035K, committed 4096K, reserved 1048576K
}
Event: 70.933 GC heap before
{Heap before GC invocations=9 (full 2):
 PSYoungGen      total 136192K, used 6042K [0x00000000d6600000, 0x00000000e5500000, 0x0000000100000000)
  eden space 123904K, 0% used [0x00000000d6600000,0x00000000d6600000,0x00000000ddf00000)
  from space 12288K, 49% used [0x00000000ddf00000,0x00000000de4e6820,0x00000000deb00000)
  to   space 11776K, 0% used [0x00000000e4980000,0x00000000e4980000,0x00000000e5500000)
 ParOldGen       total 53760K, used 12959K [0x0000000083200000, 0x0000000086680000, 0x00000000d6600000)
  object space 53760K, 24% used [0x0000000083200000,0x0000000083ea7e88,0x0000000086680000)
 Metaspace       used 27059K, capacity 29076K, committed 29184K, reserved 1079296K
  class space    used 3657K, capacity 4035K, committed 4096K, reserved 1048576K
Event: 71.056 GC heap after
Heap after GC invocations=9 (full 2):
 PSYoungGen      total 136192K, used 0K [0x00000000d6600000, 0x00000000e5500000, 0x0000000100000000)
  eden space 123904K, 0% used [0x00000000d6600000,0x00000000d6600000,0x00000000ddf00000)
  from space 12288K, 0% used [0x00000000ddf00000,0x00000000ddf00000,0x00000000deb00000)
  to   space 11776K, 0% used [0x00000000e4980000,0x00000000e4980000,0x00000000e5500000)
 ParOldGen       total 61440K, used 12320K [0x0000000083200000, 0x0000000086e00000, 0x00000000d6600000)
  object space 61440K, 20% used [0x0000000083200000,0x0000000083e083d0,0x0000000086e00000)
 Metaspace       used 27059K, capacity 29076K, committed 29184K, reserved 1077248K
  class space    used 3657K, capacity 4035K, committed 4096K, reserved 1048576K
}

Deoptimization events (0 events):
No events

Classes redefined (0 events):
No events

Internal exceptions (10 events):
Event: 72.137 Thread 0x000001c4c00cc000 Exception <a 'java/lang/ArrayIndexOutOfBoundsException'> (0x00000000d6b389c0) thrown at [C:\jenkins\workspace\8-2-build-windows-amd64-cygwin\jdk8u291\1294\hotspot\src\share\vm\runtime\sharedRuntime.cpp, line 609]
Event: 72.139 Thread 0x000001c4c00cc000 Exception <a 'java/lang/ArrayIndexOutOfBoundsException'> (0x00000000d6b8abc0) thrown at [C:\jenkins\workspace\8-2-build-windows-amd64-cygwin\jdk8u291\1294\hotspot\src\share\vm\runtime\sharedRuntime.cpp, line 609]
Event: 72.141 Thread 0x000001c4c00cc000 Exception <a 'java/lang/ArrayIndexOutOfBoundsException'> (0x00000000d6bba7e8) thrown at [C:\jenkins\workspace\8-2-build-windows-amd64-cygwin\jdk8u291\1294\hotspot\src\share\vm\runtime\sharedRuntime.cpp, line 609]
Event: 72.339 Thread 0x000001c4c00cc000 Exception <a 'java/lang/ArrayIndexOutOfBoundsException'> (0x00000000d70fb980) thrown at [C:\jenkins\workspace\8-2-build-windows-amd64-cygwin\jdk8u291\1294\hotspot\src\share\vm\runtime\sharedRuntime.cpp, line 609]
Event: 72.340 Thread 0x000001c4c00cc000 Exception <a 'java/lang/ArrayIndexOutOfBoundsException'> (0x00000000d7119c08) thrown at [C:\jenkins\workspace\8-2-build-windows-amd64-cygwin\jdk8u291\1294\hotspot\src\share\vm\runtime\sharedRuntime.cpp, line 609]
Event: 72.358 Thread 0x000001c4c00cc000 Exception <a 'java/lang/ArrayIndexOutOfBoundsException'> (0x00000000d718ecc0) thrown at [C:\jenkins\workspace\8-2-build-windows-amd64-cygwin\jdk8u291\1294\hotspot\src\share\vm\runtime\sharedRuntime.cpp, line 609]
Event: 72.362 Thread 0x000001c4c00cc000 Exception <a 'java/lang/ArrayIndexOutOfBoundsException'> (0x00000000d71c5c90) thrown at [C:\jenkins\workspace\8-2-build-windows-amd64-cygwin\jdk8u291\1294\hotspot\src\share\vm\runtime\sharedRuntime.cpp, line 609]
Event: 72.363 Thread 0x000001c4c00cc000 Exception <a 'java/lang/ArrayIndexOutOfBoundsException'> (0x00000000d71ded60) thrown at [C:\jenkins\workspace\8-2-build-windows-amd64-cygwin\jdk8u291\1294\hotspot\src\share\vm\runtime\sharedRuntime.cpp, line 609]
Event: 72.526 Thread 0x000001c4c00cc000 Exception <a 'java/lang/ArrayIndexOutOfBoundsException'> (0x00000000d7256790) thrown at [C:\jenkins\workspace\8-2-build-windows-amd64-cygwin\jdk8u291\1294\hotspot\src\share\vm\runtime\sharedRuntime.cpp, line 609]
Event: 72.527 Thread 0x000001c4c00cc000 Exception <a 'java/lang/ArrayIndexOutOfBoundsException'> (0x00000000d7258158) thrown at [C:\jenkins\workspace\8-2-build-windows-amd64-cygwin\jdk8u291\1294\hotspot\src\share\vm\runtime\sharedRuntime.cpp, line 609]

Events (10 events):
Event: 72.370 loading class org/springframework/boot/autoconfigure/orm/jpa/HibernateDefaultDdlAutoProvider
Event: 72.370 loading class org/springframework/boot/autoconfigure/orm/jpa/HibernateDefaultDdlAutoProvider done
Event: 72.371 loading class org/springframework/boot/jdbc/metadata/CompositeDataSourcePoolMetadataProvider
Event: 72.371 loading class org/springframework/boot/jdbc/metadata/CompositeDataSourcePoolMetadataProvider done
Event: 72.373 loading class org/springframework/boot/jdbc/metadata/DataSourcePoolMetadataProvider
Event: 72.373 loading class org/springframework/boot/jdbc/metadata/DataSourcePoolMetadataProvider done
Event: 72.374 loading class java/lang/invoke/LambdaForm$Hidden
Event: 72.524 loading class java/lang/invoke/LambdaForm$Hidden done
Event: 72.529 loading class org/hibernate/resource/beans/container/spi/BeanContainer
Event: 72.529 loading class org/hibernate/resource/beans/container/spi/BeanContainer done


Dynamic libraries:
0x00007ff7fd060000 - 0x00007ff7fd0a7000 	C:\Program Files\Java\jdk1.8.0_291\jre\bin\java.exe
0x00007ffc72c30000 - 0x00007ffc72e25000 	C:\WINDOWS\SYSTEM32\ntdll.dll
0x00007ffc71fc0000 - 0x00007ffc7207d000 	C:\WINDOWS\System32\KERNEL32.DLL
0x00007ffc704c0000 - 0x00007ffc7078d000 	C:\WINDOWS\System32\KERNELBASE.dll
0x00007ffc71860000 - 0x00007ffc7190e000 	C:\WINDOWS\System32\ADVAPI32.dll
0x00007ffc72080000 - 0x00007ffc7211e000 	C:\WINDOWS\System32\msvcrt.dll
0x00007ffc726b0000 - 0x00007ffc7274c000 	C:\WINDOWS\System32\sechost.dll
0x00007ffc715a0000 - 0x00007ffc716c5000 	C:\WINDOWS\System32\RPCRT4.dll
0x00007ffc71e20000 - 0x00007ffc71fc0000 	C:\WINDOWS\System32\USER32.dll
0x00007ffc70490000 - 0x00007ffc704b2000 	C:\WINDOWS\System32\win32u.dll
0x00007ffc724d0000 - 0x00007ffc724fa000 	C:\WINDOWS\System32\GDI32.dll
0x00007ffc70980000 - 0x00007ffc70a8b000 	C:\WINDOWS\System32\gdi32full.dll
0x00007ffc70a90000 - 0x00007ffc70b2d000 	C:\WINDOWS\System32\msvcp_win.dll
0x00007ffc70b80000 - 0x00007ffc70c80000 	C:\WINDOWS\System32\ucrtbase.dll
0x00007ffc57ca0000 - 0x00007ffc57f3a000 	C:\WINDOWS\WinSxS\amd64_microsoft.windows.common-controls_6595b64144ccf1df_6.0.19041.1110_none_60b5254171f9507e\COMCTL32.dll
0x00007ffc71df0000 - 0x00007ffc71e20000 	C:\WINDOWS\System32\IMM32.DLL
0x00007ffc67de0000 - 0x00007ffc67df5000 	C:\Program Files\Java\jdk1.8.0_291\jre\bin\vcruntime140.dll
0x00007ffc2bbc0000 - 0x00007ffc2bc5b000 	C:\Program Files\Java\jdk1.8.0_291\jre\bin\msvcp140.dll
0x0000000060ea0000 - 0x0000000061700000 	C:\Program Files\Java\jdk1.8.0_291\jre\bin\server\jvm.dll
0x00007ffc71590000 - 0x00007ffc71598000 	C:\WINDOWS\System32\PSAPI.DLL
0x00007ffc67dd0000 - 0x00007ffc67dd9000 	C:\WINDOWS\SYSTEM32\WSOCK32.dll
0x00007ffc72120000 - 0x00007ffc7218b000 	C:\WINDOWS\System32\WS2_32.dll
0x00007ffc652b0000 - 0x00007ffc652d7000 	C:\WINDOWS\SYSTEM32\WINMM.dll
0x00007ffc62330000 - 0x00007ffc6233a000 	C:\WINDOWS\SYSTEM32\VERSION.dll
0x00007ffc6e240000 - 0x00007ffc6e252000 	C:\WINDOWS\SYSTEM32\kernel.appcore.dll
0x00007ffc67d80000 - 0x00007ffc67d90000 	C:\Program Files\Java\jdk1.8.0_291\jre\bin\verify.dll
0x00007ffc67d50000 - 0x00007ffc67d7b000 	C:\Program Files\Java\jdk1.8.0_291\jre\bin\java.dll
0x00007ffc67d30000 - 0x00007ffc67d48000 	C:\Program Files\Java\jdk1.8.0_291\jre\bin\zip.dll
0x00007ffc70c80000 - 0x00007ffc713c4000 	C:\WINDOWS\System32\SHELL32.dll
0x00007ffc6e440000 - 0x00007ffc6ebd4000 	C:\WINDOWS\SYSTEM32\windows.storage.dll
0x00007ffc72750000 - 0x00007ffc72aa4000 	C:\WINDOWS\System32\combase.dll
0x00007ffc6fda0000 - 0x00007ffc6fdcc000 	C:\WINDOWS\SYSTEM32\Wldp.dll
0x00007ffc71750000 - 0x00007ffc717fd000 	C:\WINDOWS\System32\SHCORE.dll
0x00007ffc71d90000 - 0x00007ffc71de5000 	C:\WINDOWS\System32\shlwapi.dll
0x00007ffc70280000 - 0x00007ffc7029f000 	C:\WINDOWS\SYSTEM32\profapi.dll
0x00007ffc67cc0000 - 0x00007ffc67ccd000 	C:\Program Files\Java\jdk1.8.0_291\jre\bin\management.dll
0x00007ffc67cf0000 - 0x00007ffc67d0c000 	C:\Program Files\Java\jdk1.8.0_291\jre\bin\net.dll
0x00007ffc6fb00000 - 0x00007ffc6fb6a000 	C:\WINDOWS\system32\mswsock.dll
0x00007ffc4e3b0000 - 0x00007ffc4e3c7000 	C:\WINDOWS\system32\napinsp.dll
0x00007ffc32100000 - 0x00007ffc3211b000 	C:\WINDOWS\system32\pnrpnsp.dll
0x00007ffc694c0000 - 0x00007ffc694d5000 	C:\WINDOWS\system32\wshbth.dll
0x00007ffc6aaa0000 - 0x00007ffc6aabd000 	C:\WINDOWS\system32\NLAapi.dll
0x00007ffc6f7a0000 - 0x00007ffc6f7db000 	C:\WINDOWS\SYSTEM32\IPHLPAPI.DLL
0x00007ffc6f840000 - 0x00007ffc6f90b000 	C:\WINDOWS\SYSTEM32\DNSAPI.dll
0x00007ffc71580000 - 0x00007ffc71588000 	C:\WINDOWS\System32\NSI.dll
0x00007ffc320e0000 - 0x00007ffc320f2000 	C:\WINDOWS\System32\winrnr.dll
0x00007ffc67570000 - 0x00007ffc6757a000 	C:\Windows\System32\rasadhlp.dll
0x00007ffc67e70000 - 0x00007ffc67ef0000 	C:\WINDOWS\System32\fwpuclnt.dll
0x00007ffc70340000 - 0x00007ffc70367000 	C:\WINDOWS\System32\bcrypt.dll
0x00007ffc67cd0000 - 0x00007ffc67ce3000 	C:\Program Files\Java\jdk1.8.0_291\jre\bin\nio.dll
0x00007ffc6fd00000 - 0x00007ffc6fd18000 	C:\WINDOWS\SYSTEM32\CRYPTSP.dll
0x00007ffc6f3a0000 - 0x00007ffc6f3d4000 	C:\WINDOWS\system32\rsaenh.dll
0x00007ffc70240000 - 0x00007ffc7026e000 	C:\WINDOWS\SYSTEM32\USERENV.dll
0x00007ffc70790000 - 0x00007ffc70812000 	C:\WINDOWS\System32\bcryptprimitives.dll
0x00007ffc6fcf0000 - 0x00007ffc6fcfc000 	C:\WINDOWS\SYSTEM32\CRYPTBASE.dll
0x00007ffc684a0000 - 0x00007ffc684b7000 	C:\WINDOWS\SYSTEM32\dhcpcsvc6.DLL
0x00007ffc68810000 - 0x00007ffc6882d000 	C:\WINDOWS\SYSTEM32\dhcpcsvc.DLL
0x00007ffc672c0000 - 0x00007ffc672e4000 	C:\Program Files\Java\jdk1.8.0_291\jre\bin\sunec.dll
0x00007ffc672b0000 - 0x00007ffc672bd000 	C:\Program Files\Java\jdk1.8.0_291\jre\bin\sunmscapi.dll
0x00007ffc70820000 - 0x00007ffc70976000 	C:\WINDOWS\System32\CRYPT32.dll
0x00007ffc6fe10000 - 0x00007ffc6fe37000 	C:\WINDOWS\SYSTEM32\ncrypt.dll
0x00007ffc6fdd0000 - 0x00007ffc6fe0b000 	C:\WINDOWS\SYSTEM32\NTASN1.dll

VM Arguments:
jvm_args: -Xverify:none -XX:TieredStopAtLevel=1 -Xverify:none -XX:TieredStopAtLevel=1 
java_command: vn.aptech.login.LoginApplication
java_class_path (initial): D:\FPT-AptechSem4\3.IASF\Java_IASF_Baitap\login.upload\target\classes;C:\Users\Thanh Sang\.m2\repository\org\aspectj\aspectjweaver\1.9.7\aspectjweaver-1.9.7.jar;C:\Users\Thanh Sang\.m2\repository\com\zaxxer\HikariCP\4.0.3\HikariCP-4.0.3.jar;C:\Users\Thanh Sang\.m2\repository\org\springframework\spring-jdbc\5.3.19\spring-jdbc-5.3.19.jar;C:\Users\Thanh Sang\.m2\repository\jakarta\transaction\jakarta.transaction-api\1.3.3\jakarta.transaction-api-1.3.3.jar;C:\Users\Thanh Sang\.m2\repository\jakarta\persistence\jakarta.persistence-api\2.2.3\jakarta.persistence-api-2.2.3.jar;C:\Users\Thanh Sang\.m2\repository\org\hibernate\hibernate-core\5.6.8.Final\hibernate-core-5.6.8.Final.jar;C:\Users\Thanh Sang\.m2\repository\org\jboss\logging\jboss-logging\3.4.3.Final\jboss-logging-3.4.3.Final.jar;C:\Users\Thanh Sang\.m2\repository\net\bytebuddy\byte-buddy\1.11.22\byte-buddy-1.11.22.jar;C:\Users\Thanh Sang\.m2\repository\antlr\antlr\2.7.7\antlr-2.7.7.jar;C:\Users\Thanh Sang\.m2\repository\org\jboss\jandex\2.4.2.Final\jandex-2.4.2.Final.jar;C:\Users\Thanh Sang\.m2\repository\com\fasterxml\classmate\1.5.1\classmate-1.5.1.jar;C:\Users\Thanh Sang\.m2\repository\org\hibernate\common\hibernate-commons-annotations\5.1.2.Final\hibernate-commons-annotations-5.1.2.Final.jar;C:\Users\Thanh Sang\.m2\repository\org\glassfish\jaxb\jaxb-runtime\2.3.6\jaxb-runtime-2.3.6.jar;C:\Users\Thanh Sang\.m2\repository\org\glassfish\jaxb\txw2\2.3.6\txw2-2.3.6.jar;C:\Users\Thanh Sang\.m2\repository\com\sun\istack\istack-commons-runtime\3.0.12\istack-commons-runtime-3.0.12.jar;C:\Users\Thanh Sang\.m2\repository\com\sun\activation\jakarta.activation\1.2.2\jakarta.activation-1.2.2.jar;C:\Users\Thanh Sang\.m2\repository\org\springframework\data\spring-data-jpa\2.6.4\spring-data-jpa-2.6.4.jar;C:\Users\Thanh Sang\.m2\repository\org\springframework\data\spring-data-commons\2.6.4\spring-data-commons-2.6.4.jar;C:\Users\Thanh Sang\.m2\repository\org\springframework\spring-orm\5.3.19\spring-o
Launcher Type: SUN_STANDARD

Environment Variables:
JAVA_HOME=C:\Program Files\Java\jdk1.8.0_291
PATH=C:\Program Files (x86)\Common Files\Oracle\Java\javapath;C:\WINDOWS\system32;C:\WINDOWS;C:\WINDOWS\System32\Wbem;C:\WINDOWS\System32\WindowsPowerShell\v1.0\;C:\WINDOWS\System32\OpenSSH\;C:\Program Files\Microsoft SQL Server\Client SDK\ODBC\170\Tools\Binn\;C:\Program Files (x86)\Microsoft SQL Server\150\Tools\Binn\;C:\Program Files\Microsoft SQL Server\150\Tools\Binn\;C:\Program Files\Microsoft SQL Server\150\DTS\Binn\;C:\Program Files (x86)\Microsoft SQL Server\150\DTS\Binn\;C:\Program Files\Azure Data Studio\bin;D:\PHP_FPT\php;C:\Program Files\dotnet\;C:\Program Files\Microsoft SQL Server\130\Tools\Binn\;D:\PHP_FPT_xampp\php;C:\ProgramData\ComposerSetup\bin;C:\Program Files\nodejs\;C:\Users\Thanh Sang\AppData\Local\Microsoft\WindowsApps;C:\Users\Thanh Sang\AppData\Local\Programs\Microsoft VS Code\bin;C:\Program Files\Azure Data Studio\bin;C:\Program Files\Java\jdk-16\bin;C:\Users\Thanh Sang\AppData\Local\GitHubDesktop\bin;C:\Users\Thanh Sang\.dotnet\tools;C:\Users\Thanh Sang\AppData\Roaming\Composer\vendor\bin;C:\Users\Thanh Sang\AppData\Roaming\npm
USERNAME=Thanh Sang
OS=Windows_NT
PROCESSOR_IDENTIFIER=Intel64 Family 6 Model 60 Stepping 3, GenuineIntel



---------------  S Y S T E M  ---------------

OS: Windows 10.0 , 64 bit Build 19041 (10.0.19041.1706)

CPU:total 8 (initial active 8) (4 cores per cpu, 2 threads per core) family 6 model 60 stepping 3, cmov, cx8, fxsr, mmx, sse, sse2, sse3, ssse3, sse4.1, sse4.2, popcnt, avx, avx2, aes, clmul, erms, lzcnt, ht, tsc, tscinvbit, bmi1, bmi2

Memory: 4k page, physical 8182124k(260756k free), swap 14316000k(184k free)

vm_info: Java HotSpot(TM) 64-Bit Server VM (25.291-b10) for windows-amd64 JRE (1.8.0_291-b10), built on Apr  9 2021 00:02:00 by "java_re" with MS VC++ 15.9 (VS2017)

time: Thu May 12 18:23:06 2022
timezone: SE Asia Standard Time
elapsed time: 72.552362 seconds (0d 0h 1m 12s)

