#
# There is insufficient memory for the Java Runtime Environment to continue.
# Native memory allocation (malloc) failed to allocate 32744 bytes for ChunkPool::allocate
# Possible reasons:
#   The system is out of physical RAM or swap space
#   The process is running with CompressedOops enabled, and the Java Heap may be blocking the growth of the native heap
# Possible solutions:
#   Reduce memory load on the system
#   Increase physical memory or swap space
#   Check if swap backing store is full
#   Decrease Java heap size (-Xmx/-Xms)
#   Decrease number of Java threads
#   Decrease Java thread stack sizes (-Xss)
#   Set larger code cache with -XX:ReservedCodeCacheSize=
#   JVM is running with Unscaled Compressed Oops mode in which the Java heap is
#     placed in the first 4GB address space. The Java Heap base address is the
#     maximum limit for the native heap growth. Please use -XX:HeapBaseMinAddress
#     to set the Java Heap base and to place the Java Heap above 4GB virtual address.
# This output file may be truncated or incomplete.
#
#  Out of Memory Error (allocation.cpp:272), pid=10588, tid=0x0000000000002edc
#
# JRE version: Java(TM) SE Runtime Environment (8.0_291-b10) (build 1.8.0_291-b10)
# Java VM: Java HotSpot(TM) 64-Bit Server VM (25.291-b10 mixed mode windows-amd64 compressed oops)
# Failed to write core dump. Minidumps are not enabled by default on client versions of Windows
#

---------------  T H R E A D  ---------------

Current thread (0x0000023eded6c800):  JavaThread "C1 CompilerThread3" daemon [_thread_in_native, id=11996, stack(0x000000e5f0e00000,0x000000e5f0f00000)]

Stack: [0x000000e5f0e00000,0x000000e5f0f00000]
Native frames: (J=compiled Java code, j=interpreted, Vv=VM code, C=native code)
V  [jvm.dll+0x32ea19]


Current CompileTask:
C1:  70719 3068       1       sun.misc.ProxyGenerator$ProxyMethod::generateMethod (733 bytes)


---------------  P R O C E S S  ---------------

Java Threads: ( => current thread )
  0x0000023ee0314000 JavaThread "container-0" [_thread_blocked, id=10864, stack(0x000000e5f1700000,0x000000e5f1800000)]
  0x0000023ee0313800 JavaThread "Catalina-utility-2" [_thread_blocked, id=7220, stack(0x000000e5f1600000,0x000000e5f1700000)]
  0x0000023ee2071800 JavaThread "Catalina-utility-1" [_thread_blocked, id=10972, stack(0x000000e5f1500000,0x000000e5f1600000)]
  0x0000023ee07e5000 JavaThread "restartedMain" [_thread_in_native, id=12216, stack(0x000000e5f1200000,0x000000e5f1300000)]
  0x0000023ee07e2800 JavaThread "Thread-0" [_thread_blocked, id=12208, stack(0x000000e5f1100000,0x000000e5f1200000)]
  0x0000023eded6f800 JavaThread "Service Thread" daemon [_thread_blocked, id=12008, stack(0x000000e5f0f00000,0x000000e5f1000000)]
=>0x0000023eded6c800 JavaThread "C1 CompilerThread3" daemon [_thread_in_native, id=11996, stack(0x000000e5f0e00000,0x000000e5f0f00000)]
  0x0000023eded68000 JavaThread "C2 CompilerThread2" daemon [_thread_blocked, id=11992, stack(0x000000e5f0d00000,0x000000e5f0e00000)]
  0x0000023eded17800 JavaThread "C2 CompilerThread1" daemon [_thread_blocked, id=11984, stack(0x000000e5f0c00000,0x000000e5f0d00000)]
  0x0000023eded14000 JavaThread "C2 CompilerThread0" daemon [_thread_blocked, id=11976, stack(0x000000e5f0b00000,0x000000e5f0c00000)]
  0x0000023eded13000 JavaThread "Attach Listener" daemon [_thread_blocked, id=11972, stack(0x000000e5f0a00000,0x000000e5f0b00000)]
  0x0000023eded0d000 JavaThread "Signal Dispatcher" daemon [_thread_blocked, id=11968, stack(0x000000e5f0900000,0x000000e5f0a00000)]
  0x0000023edece2000 JavaThread "Finalizer" daemon [_thread_blocked, id=11884, stack(0x000000e5f0800000,0x000000e5f0900000)]
  0x0000023edece0800 JavaThread "Reference Handler" daemon [_thread_blocked, id=11880, stack(0x000000e5f0700000,0x000000e5f0800000)]
  0x0000023ec825f800 JavaThread "main" [_thread_blocked, id=11460, stack(0x000000e5efc00000,0x000000e5efd00000)]

Other Threads:
  0x0000023edecb0800 VMThread [stack: 0x000000e5f0600000,0x000000e5f0700000] [id=11688]
  0x0000023eded7a800 WatcherThread [stack: 0x000000e5f1000000,0x000000e5f1100000] [id=12040]

VM state:not at safepoint (normal execution)

VM Mutex/Monitor currently owned by a thread: None

heap address: 0x0000000083200000, size: 1998 MB, Compressed Oops mode: 32-bit
Narrow klass base: 0x0000000000000000, Narrow klass shift: 3
Compressed class space size: 1073741824 Address: 0x0000000100000000

Heap:
 PSYoungGen      total 122880K, used 43143K [0x00000000d6600000, 0x00000000de880000, 0x0000000100000000)
  eden space 112128K, 33% used [0x00000000d6600000,0x00000000d8af0878,0x00000000dd380000)
  from space 10752K, 49% used [0x00000000dde00000,0x00000000de3316c8,0x00000000de880000)
  to   space 10752K, 0% used [0x00000000dd380000,0x00000000dd380000,0x00000000dde00000)
 ParOldGen       total 50688K, used 9909K [0x0000000083200000, 0x0000000086380000, 0x00000000d6600000)
  object space 50688K, 19% used [0x0000000083200000,0x0000000083bad740,0x0000000086380000)
 Metaspace       used 27643K, capacity 29730K, committed 29952K, reserved 1077248K
  class space    used 3738K, capacity 4090K, committed 4096K, reserved 1048576K

Card table byte_map: [0x0000023ed8ff0000,0x0000023ed93e0000] byte_map_base: 0x0000023ed8bd7000

Marking Bits: (ParMarkBitMap*) 0x0000000061687fe0
 Begin Bits: [0x0000023ed9680000, 0x0000023edb5b8000)
 End Bits:   [0x0000023edb5b8000, 0x0000023edd4f0000)

Polling page: 0x0000023ec8200000

CodeCache: size=245760Kb used=6200Kb max_used=6200Kb free=239559Kb
 bounds [0x0000023ec9c30000, 0x0000023eca240000, 0x0000023ed8c30000]
 total_blobs=3438 nmethods=3038 adapters=312
 compilation: enabled

Compilation events (10 events):
Event: 70.547 Thread 0x0000023eded6c800 nmethod 3062 0x0000023eca23b150 code [0x0000023eca23b2a0, 0x0000023eca23b3d0]
Event: 70.547 Thread 0x0000023eded6c800 3063       1       java.util.concurrent.ConcurrentHashMap$EntryIterator::next (51 bytes)
Event: 70.548 Thread 0x0000023eded6c800 nmethod 3063 0x0000023eca23b450 code [0x0000023eca23b5c0, 0x0000023eca23b8a0]
Event: 70.551 Thread 0x0000023eded6c800 3064       1       org.springframework.core.convert.TypeDescriptor::equals (113 bytes)
Event: 70.554 Thread 0x0000023eded6c800 nmethod 3064 0x0000023eca23ba10 code [0x0000023eca23bdc0, 0x0000023eca23ceb0]
Event: 70.554 Thread 0x0000023eded6c800 3065       1       org.springframework.core.MethodParameter::getParameterType (48 bytes)
Event: 70.555 Thread 0x0000023eded6c800 nmethod 3065 0x0000023eca23e090 code [0x0000023eca23e220, 0x0000023eca23e480]
Event: 70.556 Thread 0x0000023eded6c800 3066       1       java.util.LinkedHashSet::<init> (10 bytes)
Event: 70.556 Thread 0x0000023eded6c800 nmethod 3066 0x0000023eca23e5d0 code [0x0000023eca23e760, 0x0000023eca23e950]
Event: 70.712 Thread 0x0000023eded6c800 3068       1       sun.misc.ProxyGenerator$ProxyMethod::generateMethod (733 bytes)

GC Heap History (10 events):
Event: 9.666 GC heap before
{Heap before GC invocations=5 (full 0):
 PSYoungGen      total 70656K, used 70638K [0x00000000d6600000, 0x00000000db000000, 0x0000000100000000)
  eden space 65536K, 100% used [0x00000000d6600000,0x00000000da600000,0x00000000da600000)
  from space 5120K, 99% used [0x00000000dab00000,0x00000000daffba88,0x00000000db000000)
  to   space 5120K, 0% used [0x00000000da600000,0x00000000da600000,0x00000000dab00000)
 ParOldGen       total 86016K, used 3518K [0x0000000083200000, 0x0000000088600000, 0x00000000d6600000)
  object space 86016K, 4% used [0x0000000083200000,0x000000008356f9d8,0x0000000088600000)
 Metaspace       used 17575K, capacity 18476K, committed 18688K, reserved 1064960K
  class space    used 2294K, capacity 2488K, committed 2560K, reserved 1048576K
Event: 10.120 GC heap after
Heap after GC invocations=5 (full 0):
 PSYoungGen      total 70656K, used 5098K [0x00000000d6600000, 0x00000000db000000, 0x0000000100000000)
  eden space 65536K, 0% used [0x00000000d6600000,0x00000000d6600000,0x00000000da600000)
  from space 5120K, 99% used [0x00000000da600000,0x00000000daafa9a0,0x00000000dab00000)
  to   space 5120K, 0% used [0x00000000dab00000,0x00000000dab00000,0x00000000db000000)
 ParOldGen       total 86016K, used 5691K [0x0000000083200000, 0x0000000088600000, 0x00000000d6600000)
  object space 86016K, 6% used [0x0000000083200000,0x000000008378ef58,0x0000000088600000)
 Metaspace       used 17575K, capacity 18476K, committed 18688K, reserved 1064960K
  class space    used 2294K, capacity 2488K, committed 2560K, reserved 1048576K
}
Event: 12.285 GC heap before
{Heap before GC invocations=6 (full 0):
 PSYoungGen      total 70656K, used 61357K [0x00000000d6600000, 0x00000000db000000, 0x0000000100000000)
  eden space 65536K, 85% used [0x00000000d6600000,0x00000000d9cf0c18,0x00000000da600000)
  from space 5120K, 99% used [0x00000000da600000,0x00000000daafa9a0,0x00000000dab00000)
  to   space 5120K, 0% used [0x00000000dab00000,0x00000000dab00000,0x00000000db000000)
 ParOldGen       total 86016K, used 5691K [0x0000000083200000, 0x0000000088600000, 0x00000000d6600000)
  object space 86016K, 6% used [0x0000000083200000,0x000000008378ef58,0x0000000088600000)
 Metaspace       used 20102K, capacity 21250K, committed 21296K, reserved 1067008K
  class space    used 2700K, capacity 2923K, committed 2944K, reserved 1048576K
Event: 12.300 GC heap after
Heap after GC invocations=6 (full 0):
 PSYoungGen      total 64512K, used 5103K [0x00000000d6600000, 0x00000000dfc00000, 0x0000000100000000)
  eden space 59392K, 0% used [0x00000000d6600000,0x00000000d6600000,0x00000000da000000)
  from space 5120K, 99% used [0x00000000dab00000,0x00000000daffbfb8,0x00000000db000000)
  to   space 11264K, 0% used [0x00000000da000000,0x00000000da000000,0x00000000dab00000)
 ParOldGen       total 86016K, used 10148K [0x0000000083200000, 0x0000000088600000, 0x00000000d6600000)
  object space 86016K, 11% used [0x0000000083200000,0x0000000083be9130,0x0000000088600000)
 Metaspace       used 20102K, capacity 21250K, committed 21296K, reserved 1067008K
  class space    used 2700K, capacity 2923K, committed 2944K, reserved 1048576K
}
Event: 12.300 GC heap before
{Heap before GC invocations=7 (full 1):
 PSYoungGen      total 64512K, used 5103K [0x00000000d6600000, 0x00000000dfc00000, 0x0000000100000000)
  eden space 59392K, 0% used [0x00000000d6600000,0x00000000d6600000,0x00000000da000000)
  from space 5120K, 99% used [0x00000000dab00000,0x00000000daffbfb8,0x00000000db000000)
  to   space 11264K, 0% used [0x00000000da000000,0x00000000da000000,0x00000000dab00000)
 ParOldGen       total 86016K, used 10148K [0x0000000083200000, 0x0000000088600000, 0x00000000d6600000)
  object space 86016K, 11% used [0x0000000083200000,0x0000000083be9130,0x0000000088600000)
 Metaspace       used 20102K, capacity 21250K, committed 21296K, reserved 1067008K
  class space    used 2700K, capacity 2923K, committed 2944K, reserved 1048576K
Event: 12.345 GC heap after
Heap after GC invocations=7 (full 1):
 PSYoungGen      total 64512K, used 0K [0x00000000d6600000, 0x00000000dfc00000, 0x0000000100000000)
  eden space 59392K, 0% used [0x00000000d6600000,0x00000000d6600000,0x00000000da000000)
  from space 5120K, 0% used [0x00000000dab00000,0x00000000dab00000,0x00000000db000000)
  to   space 11264K, 0% used [0x00000000da000000,0x00000000da000000,0x00000000dab00000)
 ParOldGen       total 50688K, used 9893K [0x0000000083200000, 0x0000000086380000, 0x00000000d6600000)
  object space 50688K, 19% used [0x0000000083200000,0x0000000083ba9740,0x0000000086380000)
 Metaspace       used 20102K, capacity 21250K, committed 21296K, reserved 1067008K
  class space    used 2700K, capacity 2923K, committed 2944K, reserved 1048576K
}
Event: 59.414 GC heap before
{Heap before GC invocations=8 (full 1):
 PSYoungGen      total 64512K, used 59386K [0x00000000d6600000, 0x00000000dfc00000, 0x0000000100000000)
  eden space 59392K, 99% used [0x00000000d6600000,0x00000000d9ffebc8,0x00000000da000000)
  from space 5120K, 0% used [0x00000000dab00000,0x00000000dab00000,0x00000000db000000)
  to   space 11264K, 0% used [0x00000000da000000,0x00000000da000000,0x00000000dab00000)
 ParOldGen       total 50688K, used 9893K [0x0000000083200000, 0x0000000086380000, 0x00000000d6600000)
  object space 50688K, 19% used [0x0000000083200000,0x0000000083ba9740,0x0000000086380000)
 Metaspace       used 25381K, capacity 27274K, committed 27392K, reserved 1073152K
  class space    used 3455K, capacity 3792K, committed 3840K, reserved 1048576K
Event: 59.447 GC heap after
Heap after GC invocations=8 (full 1):
 PSYoungGen      total 70656K, used 6940K [0x00000000d6600000, 0x00000000de880000, 0x0000000100000000)
  eden space 59392K, 0% used [0x00000000d6600000,0x00000000d6600000,0x00000000da000000)
  from space 11264K, 61% used [0x00000000da000000,0x00000000da6c7100,0x00000000dab00000)
  to   space 10752K, 0% used [0x00000000dde00000,0x00000000dde00000,0x00000000de880000)
 ParOldGen       total 50688K, used 9901K [0x0000000083200000, 0x0000000086380000, 0x00000000d6600000)
  object space 50688K, 19% used [0x0000000083200000,0x0000000083bab740,0x0000000086380000)
 Metaspace       used 25381K, capacity 27274K, committed 27392K, reserved 1073152K
  class space    used 3455K, capacity 3792K, committed 3840K, reserved 1048576K
}
Event: 61.368 GC heap before
{Heap before GC invocations=9 (full 1):
 PSYoungGen      total 70656K, used 66284K [0x00000000d6600000, 0x00000000de880000, 0x0000000100000000)
  eden space 59392K, 99% used [0x00000000d6600000,0x00000000d9ff4068,0x00000000da000000)
  from space 11264K, 61% used [0x00000000da000000,0x00000000da6c7100,0x00000000dab00000)
  to   space 10752K, 0% used [0x00000000dde00000,0x00000000dde00000,0x00000000de880000)
 ParOldGen       total 50688K, used 9901K [0x0000000083200000, 0x0000000086380000, 0x00000000d6600000)
  object space 50688K, 19% used [0x0000000083200000,0x0000000083bab740,0x0000000086380000)
 Metaspace       used 26048K, capacity 27948K, committed 28288K, reserved 1073152K
  class space    used 3523K, capacity 3863K, committed 3968K, reserved 1048576K
Event: 61.424 GC heap after
Heap after GC invocations=9 (full 1):
 PSYoungGen      total 122880K, used 5317K [0x00000000d6600000, 0x00000000de880000, 0x0000000100000000)
  eden space 112128K, 0% used [0x00000000d6600000,0x00000000d6600000,0x00000000dd380000)
  from space 10752K, 49% used [0x00000000dde00000,0x00000000de3316c8,0x00000000de880000)
  to   space 10752K, 0% used [0x00000000dd380000,0x00000000dd380000,0x00000000dde00000)
 ParOldGen       total 50688K, used 9909K [0x0000000083200000, 0x0000000086380000, 0x00000000d6600000)
  object space 50688K, 19% used [0x0000000083200000,0x0000000083bad740,0x0000000086380000)
 Metaspace       used 26048K, capacity 27948K, committed 28288K, reserved 1073152K
  class space    used 3523K, capacity 3863K, committed 3968K, reserved 1048576K
}

Deoptimization events (0 events):
No events

Classes redefined (0 events):
No events

Internal exceptions (10 events):
Event: 70.318 Thread 0x0000023ee07e5000 Exception <a 'java/lang/ArrayIndexOutOfBoundsException'> (0x00000000d81da8f8) thrown at [C:\jenkins\workspace\8-2-build-windows-amd64-cygwin\jdk8u291\1294\hotspot\src\share\vm\runtime\sharedRuntime.cpp, line 609]
Event: 70.321 Thread 0x0000023ee07e5000 Exception <a 'java/lang/ArrayIndexOutOfBoundsException'> (0x00000000d8345360) thrown at [C:\jenkins\workspace\8-2-build-windows-amd64-cygwin\jdk8u291\1294\hotspot\src\share\vm\runtime\sharedRuntime.cpp, line 609]
Event: 70.322 Thread 0x0000023ee07e5000 Exception <a 'java/lang/ArrayIndexOutOfBoundsException'> (0x00000000d8374f88) thrown at [C:\jenkins\workspace\8-2-build-windows-amd64-cygwin\jdk8u291\1294\hotspot\src\share\vm\runtime\sharedRuntime.cpp, line 609]
Event: 70.518 Thread 0x0000023ee07e5000 Exception <a 'java/lang/ArrayIndexOutOfBoundsException'> (0x00000000d88b63a8) thrown at [C:\jenkins\workspace\8-2-build-windows-amd64-cygwin\jdk8u291\1294\hotspot\src\share\vm\runtime\sharedRuntime.cpp, line 609]
Event: 70.519 Thread 0x0000023ee07e5000 Exception <a 'java/lang/ArrayIndexOutOfBoundsException'> (0x00000000d88d4630) thrown at [C:\jenkins\workspace\8-2-build-windows-amd64-cygwin\jdk8u291\1294\hotspot\src\share\vm\runtime\sharedRuntime.cpp, line 609]
Event: 70.537 Thread 0x0000023ee07e5000 Exception <a 'java/lang/ArrayIndexOutOfBoundsException'> (0x00000000d89496d8) thrown at [C:\jenkins\workspace\8-2-build-windows-amd64-cygwin\jdk8u291\1294\hotspot\src\share\vm\runtime\sharedRuntime.cpp, line 609]
Event: 70.544 Thread 0x0000023ee07e5000 Exception <a 'java/lang/ArrayIndexOutOfBoundsException'> (0x00000000d89806a8) thrown at [C:\jenkins\workspace\8-2-build-windows-amd64-cygwin\jdk8u291\1294\hotspot\src\share\vm\runtime\sharedRuntime.cpp, line 609]
Event: 70.544 Thread 0x0000023ee07e5000 Exception <a 'java/lang/ArrayIndexOutOfBoundsException'> (0x00000000d8999760) thrown at [C:\jenkins\workspace\8-2-build-windows-amd64-cygwin\jdk8u291\1294\hotspot\src\share\vm\runtime\sharedRuntime.cpp, line 609]
Event: 70.711 Thread 0x0000023ee07e5000 Exception <a 'java/lang/ArrayIndexOutOfBoundsException'> (0x00000000d8a10f20) thrown at [C:\jenkins\workspace\8-2-build-windows-amd64-cygwin\jdk8u291\1294\hotspot\src\share\vm\runtime\sharedRuntime.cpp, line 609]
Event: 70.711 Thread 0x0000023ee07e5000 Exception <a 'java/lang/ArrayIndexOutOfBoundsException'> (0x00000000d8a128e8) thrown at [C:\jenkins\workspace\8-2-build-windows-amd64-cygwin\jdk8u291\1294\hotspot\src\share\vm\runtime\sharedRuntime.cpp, line 609]

Events (10 events):
Event: 70.552 loading class org/springframework/boot/autoconfigure/orm/jpa/HibernateDefaultDdlAutoProvider
Event: 70.552 loading class org/springframework/boot/autoconfigure/orm/jpa/HibernateDefaultDdlAutoProvider done
Event: 70.553 loading class org/springframework/boot/jdbc/metadata/CompositeDataSourcePoolMetadataProvider
Event: 70.553 loading class org/springframework/boot/jdbc/metadata/CompositeDataSourcePoolMetadataProvider done
Event: 70.556 loading class org/springframework/boot/jdbc/metadata/DataSourcePoolMetadataProvider
Event: 70.556 loading class org/springframework/boot/jdbc/metadata/DataSourcePoolMetadataProvider done
Event: 70.556 loading class java/lang/invoke/LambdaForm$Hidden
Event: 70.709 loading class java/lang/invoke/LambdaForm$Hidden done
Event: 70.712 loading class org/hibernate/resource/beans/container/spi/BeanContainer
Event: 70.712 loading class org/hibernate/resource/beans/container/spi/BeanContainer done


Dynamic libraries:
0x00007ff7fd060000 - 0x00007ff7fd0a7000 	C:\Program Files\Java\jdk1.8.0_291\jre\bin\java.exe
0x00007ffc72c30000 - 0x00007ffc72e25000 	C:\WINDOWS\SYSTEM32\ntdll.dll
0x00007ffc71fc0000 - 0x00007ffc7207d000 	C:\WINDOWS\System32\KERNEL32.DLL
0x00007ffc704c0000 - 0x00007ffc7078d000 	C:\WINDOWS\System32\KERNELBASE.dll
0x00007ffc71860000 - 0x00007ffc7190e000 	C:\WINDOWS\System32\ADVAPI32.dll
0x00007ffc72080000 - 0x00007ffc7211e000 	C:\WINDOWS\System32\msvcrt.dll
0x00007ffc726b0000 - 0x00007ffc7274c000 	C:\WINDOWS\System32\sechost.dll
0x00007ffc715a0000 - 0x00007ffc716c5000 	C:\WINDOWS\System32\RPCRT4.dll
0x00007ffc71e20000 - 0x00007ffc71fc0000 	C:\WINDOWS\System32\USER32.dll
0x00007ffc70490000 - 0x00007ffc704b2000 	C:\WINDOWS\System32\win32u.dll
0x00007ffc724d0000 - 0x00007ffc724fa000 	C:\WINDOWS\System32\GDI32.dll
0x00007ffc70980000 - 0x00007ffc70a8b000 	C:\WINDOWS\System32\gdi32full.dll
0x00007ffc70a90000 - 0x00007ffc70b2d000 	C:\WINDOWS\System32\msvcp_win.dll
0x00007ffc70b80000 - 0x00007ffc70c80000 	C:\WINDOWS\System32\ucrtbase.dll
0x00007ffc57ca0000 - 0x00007ffc57f3a000 	C:\WINDOWS\WinSxS\amd64_microsoft.windows.common-controls_6595b64144ccf1df_6.0.19041.1110_none_60b5254171f9507e\COMCTL32.dll
0x00007ffc71df0000 - 0x00007ffc71e20000 	C:\WINDOWS\System32\IMM32.DLL
0x00007ffc67de0000 - 0x00007ffc67df5000 	C:\Program Files\Java\jdk1.8.0_291\jre\bin\vcruntime140.dll
0x00007ffc2bbc0000 - 0x00007ffc2bc5b000 	C:\Program Files\Java\jdk1.8.0_291\jre\bin\msvcp140.dll
0x0000000060ea0000 - 0x0000000061700000 	C:\Program Files\Java\jdk1.8.0_291\jre\bin\server\jvm.dll
0x00007ffc71590000 - 0x00007ffc71598000 	C:\WINDOWS\System32\PSAPI.DLL
0x00007ffc67dd0000 - 0x00007ffc67dd9000 	C:\WINDOWS\SYSTEM32\WSOCK32.dll
0x00007ffc72120000 - 0x00007ffc7218b000 	C:\WINDOWS\System32\WS2_32.dll
0x00007ffc652b0000 - 0x00007ffc652d7000 	C:\WINDOWS\SYSTEM32\WINMM.dll
0x00007ffc62330000 - 0x00007ffc6233a000 	C:\WINDOWS\SYSTEM32\VERSION.dll
0x00007ffc6e240000 - 0x00007ffc6e252000 	C:\WINDOWS\SYSTEM32\kernel.appcore.dll
0x00007ffc67d80000 - 0x00007ffc67d90000 	C:\Program Files\Java\jdk1.8.0_291\jre\bin\verify.dll
0x00007ffc67d50000 - 0x00007ffc67d7b000 	C:\Program Files\Java\jdk1.8.0_291\jre\bin\java.dll
0x00007ffc67d30000 - 0x00007ffc67d48000 	C:\Program Files\Java\jdk1.8.0_291\jre\bin\zip.dll
0x00007ffc70c80000 - 0x00007ffc713c4000 	C:\WINDOWS\System32\SHELL32.dll
0x00007ffc6e440000 - 0x00007ffc6ebd4000 	C:\WINDOWS\SYSTEM32\windows.storage.dll
0x00007ffc72750000 - 0x00007ffc72aa4000 	C:\WINDOWS\System32\combase.dll
0x00007ffc6fda0000 - 0x00007ffc6fdcc000 	C:\WINDOWS\SYSTEM32\Wldp.dll
0x00007ffc71750000 - 0x00007ffc717fd000 	C:\WINDOWS\System32\SHCORE.dll
0x00007ffc71d90000 - 0x00007ffc71de5000 	C:\WINDOWS\System32\shlwapi.dll
0x00007ffc70280000 - 0x00007ffc7029f000 	C:\WINDOWS\SYSTEM32\profapi.dll
0x00007ffc67cc0000 - 0x00007ffc67ccd000 	C:\Program Files\Java\jdk1.8.0_291\jre\bin\management.dll
0x00007ffc67cf0000 - 0x00007ffc67d0c000 	C:\Program Files\Java\jdk1.8.0_291\jre\bin\net.dll
0x00007ffc6fb00000 - 0x00007ffc6fb6a000 	C:\WINDOWS\system32\mswsock.dll
0x00007ffc4e3b0000 - 0x00007ffc4e3c7000 	C:\WINDOWS\system32\napinsp.dll
0x00007ffc32100000 - 0x00007ffc3211b000 	C:\WINDOWS\system32\pnrpnsp.dll
0x00007ffc694c0000 - 0x00007ffc694d5000 	C:\WINDOWS\system32\wshbth.dll
0x00007ffc6aaa0000 - 0x00007ffc6aabd000 	C:\WINDOWS\system32\NLAapi.dll
0x00007ffc6f7a0000 - 0x00007ffc6f7db000 	C:\WINDOWS\SYSTEM32\IPHLPAPI.DLL
0x00007ffc6f840000 - 0x00007ffc6f90b000 	C:\WINDOWS\SYSTEM32\DNSAPI.dll
0x00007ffc71580000 - 0x00007ffc71588000 	C:\WINDOWS\System32\NSI.dll
0x00007ffc320e0000 - 0x00007ffc320f2000 	C:\WINDOWS\System32\winrnr.dll
0x00007ffc67570000 - 0x00007ffc6757a000 	C:\Windows\System32\rasadhlp.dll
0x00007ffc67e70000 - 0x00007ffc67ef0000 	C:\WINDOWS\System32\fwpuclnt.dll
0x00007ffc70340000 - 0x00007ffc70367000 	C:\WINDOWS\System32\bcrypt.dll
0x00007ffc67cd0000 - 0x00007ffc67ce3000 	C:\Program Files\Java\jdk1.8.0_291\jre\bin\nio.dll
0x00007ffc6fd00000 - 0x00007ffc6fd18000 	C:\WINDOWS\SYSTEM32\CRYPTSP.dll
0x00007ffc6f3a0000 - 0x00007ffc6f3d4000 	C:\WINDOWS\system32\rsaenh.dll
0x00007ffc70240000 - 0x00007ffc7026e000 	C:\WINDOWS\SYSTEM32\USERENV.dll
0x00007ffc70790000 - 0x00007ffc70812000 	C:\WINDOWS\System32\bcryptprimitives.dll
0x00007ffc6fcf0000 - 0x00007ffc6fcfc000 	C:\WINDOWS\SYSTEM32\CRYPTBASE.dll
0x00007ffc684a0000 - 0x00007ffc684b7000 	C:\WINDOWS\SYSTEM32\dhcpcsvc6.DLL
0x00007ffc68810000 - 0x00007ffc6882d000 	C:\WINDOWS\SYSTEM32\dhcpcsvc.DLL
0x00007ffc672c0000 - 0x00007ffc672e4000 	C:\Program Files\Java\jdk1.8.0_291\jre\bin\sunec.dll
0x00007ffc672b0000 - 0x00007ffc672bd000 	C:\Program Files\Java\jdk1.8.0_291\jre\bin\sunmscapi.dll
0x00007ffc70820000 - 0x00007ffc70976000 	C:\WINDOWS\System32\CRYPT32.dll
0x00007ffc6fe10000 - 0x00007ffc6fe37000 	C:\WINDOWS\SYSTEM32\ncrypt.dll
0x00007ffc6fdd0000 - 0x00007ffc6fe0b000 	C:\WINDOWS\SYSTEM32\NTASN1.dll

VM Arguments:
jvm_args: -Xverify:none -XX:TieredStopAtLevel=1 -Xverify:none -XX:TieredStopAtLevel=1 
java_command: vn.aptech.login.LoginApplication
java_class_path (initial): D:\FPT-AptechSem4\3.IASF\Java_IASF_Baitap\login.upload\target\classes;C:\Users\Thanh Sang\.m2\repository\org\aspectj\aspectjweaver\1.9.7\aspectjweaver-1.9.7.jar;C:\Users\Thanh Sang\.m2\repository\com\zaxxer\HikariCP\4.0.3\HikariCP-4.0.3.jar;C:\Users\Thanh Sang\.m2\repository\org\springframework\spring-jdbc\5.3.19\spring-jdbc-5.3.19.jar;C:\Users\Thanh Sang\.m2\repository\jakarta\transaction\jakarta.transaction-api\1.3.3\jakarta.transaction-api-1.3.3.jar;C:\Users\Thanh Sang\.m2\repository\jakarta\persistence\jakarta.persistence-api\2.2.3\jakarta.persistence-api-2.2.3.jar;C:\Users\Thanh Sang\.m2\repository\org\hibernate\hibernate-core\5.6.8.Final\hibernate-core-5.6.8.Final.jar;C:\Users\Thanh Sang\.m2\repository\org\jboss\logging\jboss-logging\3.4.3.Final\jboss-logging-3.4.3.Final.jar;C:\Users\Thanh Sang\.m2\repository\net\bytebuddy\byte-buddy\1.11.22\byte-buddy-1.11.22.jar;C:\Users\Thanh Sang\.m2\repository\antlr\antlr\2.7.7\antlr-2.7.7.jar;C:\Users\Thanh Sang\.m2\repository\org\jboss\jandex\2.4.2.Final\jandex-2.4.2.Final.jar;C:\Users\Thanh Sang\.m2\repository\com\fasterxml\classmate\1.5.1\classmate-1.5.1.jar;C:\Users\Thanh Sang\.m2\repository\org\hibernate\common\hibernate-commons-annotations\5.1.2.Final\hibernate-commons-annotations-5.1.2.Final.jar;C:\Users\Thanh Sang\.m2\repository\org\glassfish\jaxb\jaxb-runtime\2.3.6\jaxb-runtime-2.3.6.jar;C:\Users\Thanh Sang\.m2\repository\org\glassfish\jaxb\txw2\2.3.6\txw2-2.3.6.jar;C:\Users\Thanh Sang\.m2\repository\com\sun\istack\istack-commons-runtime\3.0.12\istack-commons-runtime-3.0.12.jar;C:\Users\Thanh Sang\.m2\repository\com\sun\activation\jakarta.activation\1.2.2\jakarta.activation-1.2.2.jar;C:\Users\Thanh Sang\.m2\repository\org\springframework\data\spring-data-jpa\2.6.4\spring-data-jpa-2.6.4.jar;C:\Users\Thanh Sang\.m2\repository\org\springframework\data\spring-data-commons\2.6.4\spring-data-commons-2.6.4.jar;C:\Users\Thanh Sang\.m2\repository\org\springframework\spring-orm\5.3.19\spring-o
Launcher Type: SUN_STANDARD

Environment Variables:
JAVA_HOME=C:\Program Files\Java\jdk1.8.0_291
PATH=C:\Program Files (x86)\Common Files\Oracle\Java\javapath;C:\WINDOWS\system32;C:\WINDOWS;C:\WINDOWS\System32\Wbem;C:\WINDOWS\System32\WindowsPowerShell\v1.0\;C:\WINDOWS\System32\OpenSSH\;C:\Program Files\Microsoft SQL Server\Client SDK\ODBC\170\Tools\Binn\;C:\Program Files (x86)\Microsoft SQL Server\150\Tools\Binn\;C:\Program Files\Microsoft SQL Server\150\Tools\Binn\;C:\Program Files\Microsoft SQL Server\150\DTS\Binn\;C:\Program Files (x86)\Microsoft SQL Server\150\DTS\Binn\;C:\Program Files\Azure Data Studio\bin;D:\PHP_FPT\php;C:\Program Files\dotnet\;C:\Program Files\Microsoft SQL Server\130\Tools\Binn\;D:\PHP_FPT_xampp\php;C:\ProgramData\ComposerSetup\bin;C:\Program Files\nodejs\;C:\Users\Thanh Sang\AppData\Local\Microsoft\WindowsApps;C:\Users\Thanh Sang\AppData\Local\Programs\Microsoft VS Code\bin;C:\Program Files\Azure Data Studio\bin;C:\Program Files\Java\jdk-16\bin;C:\Users\Thanh Sang\AppData\Local\GitHubDesktop\bin;C:\Users\Thanh Sang\.dotnet\tools;C:\Users\Thanh Sang\AppData\Roaming\Composer\vendor\bin;C:\Users\Thanh Sang\AppData\Roaming\npm
USERNAME=Thanh Sang
OS=Windows_NT
PROCESSOR_IDENTIFIER=Intel64 Family 6 Model 60 Stepping 3, GenuineIntel



---------------  S Y S T E M  ---------------

OS: Windows 10.0 , 64 bit Build 19041 (10.0.19041.1706)

CPU:total 8 (initial active 8) (4 cores per cpu, 2 threads per core) family 6 model 60 stepping 3, cmov, cx8, fxsr, mmx, sse, sse2, sse3, ssse3, sse4.1, sse4.2, popcnt, avx, avx2, aes, clmul, erms, lzcnt, ht, tsc, tscinvbit, bmi1, bmi2

Memory: 4k page, physical 8182124k(260772k free), swap 14316000k(184k free)

vm_info: Java HotSpot(TM) 64-Bit Server VM (25.291-b10) for windows-amd64 JRE (1.8.0_291-b10), built on Apr  9 2021 00:02:00 by "java_re" with MS VC++ 15.9 (VS2017)

time: Thu May 12 18:23:06 2022
timezone: SE Asia Standard Time
elapsed time: 70.728425 seconds (0d 0h 1m 10s)

