#
# There is insufficient memory for the Java Runtime Environment to continue.
# Native memory allocation (malloc) failed to allocate 262160 bytes for Chunk::new
# Possible reasons:
#   The system is out of physical RAM or swap space
#   The process is running with CompressedOops enabled, and the Java Heap may be blocking the growth of the native heap
# Possible solutions:
#   Reduce memory load on the system
#   Increase physical memory or swap space
#   Check if swap backing store is full
#   Decrease Java heap size (-Xmx/-Xms)
#   Decrease number of Java threads
#   Decrease Java thread stack sizes (-Xss)
#   Set larger code cache with -XX:ReservedCodeCacheSize=
#   JVM is running with Unscaled Compressed Oops mode in which the Java heap is
#     placed in the first 4GB address space. The Java Heap base address is the
#     maximum limit for the native heap growth. Please use -XX:HeapBaseMinAddress
#     to set the Java Heap base and to place the Java Heap above 4GB virtual address.
# This output file may be truncated or incomplete.
#
#  Out of Memory Error (allocation.cpp:389), pid=9740, tid=0x0000000000003594
#
# JRE version: Java(TM) SE Runtime Environment (8.0_291-b10) (build 1.8.0_291-b10)
# Java VM: Java HotSpot(TM) 64-Bit Server VM (25.291-b10 mixed mode windows-amd64 compressed oops)
# Failed to write core dump. Minidumps are not enabled by default on client versions of Windows
#

---------------  T H R E A D  ---------------

Current thread (0x00000168fe7e0000):  JavaThread "C2 CompilerThread2" daemon [_thread_in_native, id=13716, stack(0x00000012b8b00000,0x00000012b8c00000)]

Stack: [0x00000012b8b00000,0x00000012b8c00000]
Native frames: (J=compiled Java code, j=interpreted, Vv=VM code, C=native code)
V  [jvm.dll+0x32ea19]


Current CompileTask:
C2:   9349 1577       4       java.net.URLClassLoader$1::run (5 bytes)


---------------  P R O C E S S  ---------------

Java Threads: ( => current thread )
  0x00000168fe7ea000 JavaThread "Service Thread" daemon [_thread_blocked, id=13756, stack(0x00000012b8d00000,0x00000012b8e00000)]
  0x00000168fe7e7000 JavaThread "C1 CompilerThread3" daemon [_thread_blocked, id=13736, stack(0x00000012b8c00000,0x00000012b8d00000)]
=>0x00000168fe7e0000 JavaThread "C2 CompilerThread2" daemon [_thread_in_native, id=13716, stack(0x00000012b8b00000,0x00000012b8c00000)]
  0x00000168fe78a800 JavaThread "C2 CompilerThread1" daemon [_thread_blocked, id=13684, stack(0x00000012b8a00000,0x00000012b8b00000)]
  0x00000168fe785800 JavaThread "C2 CompilerThread0" daemon [_thread_in_native, id=13620, stack(0x00000012b8900000,0x00000012b8a00000)]
  0x00000168fe784000 JavaThread "Attach Listener" daemon [_thread_blocked, id=13616, stack(0x00000012b8800000,0x00000012b8900000)]
  0x00000168fe783000 JavaThread "Signal Dispatcher" daemon [_thread_blocked, id=13612, stack(0x00000012b8700000,0x00000012b8800000)]
  0x00000168fe75a800 JavaThread "Finalizer" daemon [_thread_blocked, id=13368, stack(0x00000012b8600000,0x00000012b8700000)]
  0x00000168fe759000 JavaThread "Reference Handler" daemon [_thread_blocked, id=13360, stack(0x00000012b8500000,0x00000012b8600000)]
  0x00000168f6cd4800 JavaThread "main" [_thread_in_native, id=12316, stack(0x00000012b7b00000,0x00000012b7c00000)]

Other Threads:
  0x00000168fe732000 VMThread [stack: 0x00000012b8400000,0x00000012b8500000] [id=13000]
  0x00000168fe7ec000 WatcherThread [stack: 0x00000012b8e00000,0x00000012b8f00000] [id=13768]

VM state:not at safepoint (normal execution)

VM Mutex/Monitor currently owned by a thread: None

heap address: 0x0000000083200000, size: 1998 MB, Compressed Oops mode: 32-bit
Narrow klass base: 0x0000000000000000, Narrow klass shift: 3
Compressed class space size: 1073741824 Address: 0x0000000100000000

Heap:
 PSYoungGen      total 37888K, used 23537K [0x00000000d6600000, 0x00000000db000000, 0x0000000100000000)
  eden space 32768K, 56% used [0x00000000d6600000,0x00000000d7800a58,0x00000000d8600000)
  from space 5120K, 99% used [0x00000000d8b00000,0x00000000d8ffbbe0,0x00000000d9000000)
  to   space 5120K, 0% used [0x00000000d8600000,0x00000000d8600000,0x00000000d8b00000)
 ParOldGen       total 86016K, used 1822K [0x0000000083200000, 0x0000000088600000, 0x00000000d6600000)
  object space 86016K, 2% used [0x0000000083200000,0x00000000833c7b70,0x0000000088600000)
 Metaspace       used 13794K, capacity 14040K, committed 14208K, reserved 1064960K
  class space    used 1717K, capacity 1812K, committed 1920K, reserved 1048576K

Card table byte_map: [0x00000168f8950000,0x00000168f8d40000] byte_map_base: 0x00000168f8537000

Marking Bits: (ParMarkBitMap*) 0x0000000061687fe0
 Begin Bits: [0x00000168f8fe0000, 0x00000168faf18000)
 End Bits:   [0x00000168faf18000, 0x00000168fce50000)

Polling page: 0x00000168f6f30000

CodeCache: size=245760Kb used=5405Kb max_used=5416Kb free=240354Kb
 bounds [0x0000016880000000, 0x0000016880550000, 0x000001688f000000]
 total_blobs=1924 nmethods=1587 adapters=249
 compilation: enabled

Compilation events (10 events):
Event: 8.855 Thread 0x00000168fe7e7000 nmethod 1584 0x0000016880546210 code [0x0000016880546360, 0x0000016880546478]
Event: 8.863 Thread 0x00000168fe785800 nmethod 1582 0x000001688054b9d0 code [0x000001688054bb40, 0x000001688054c028]
Event: 8.863 Thread 0x00000168fe7e7000 1585       3       java.lang.System::getProperty (25 bytes)
Event: 8.863 Thread 0x00000168fe7e7000 nmethod 1585 0x0000016880548dd0 code [0x0000016880548fa0, 0x0000016880549610]
Event: 9.093 Thread 0x00000168fe7e7000 1586       3       java.util.Arrays::hashCode (56 bytes)
Event: 9.093 Thread 0x00000168fe7e7000 nmethod 1586 0x0000016880548550 code [0x00000168805486c0, 0x0000016880548a50]
Event: 9.250 Thread 0x00000168fe78a800 1588       4       java.lang.Class::cast (27 bytes)
Event: 9.252 Thread 0x00000168fe78a800 nmethod 1588 0x000001688054a010 code [0x000001688054a140, 0x000001688054a238]
Event: 9.331 Thread 0x00000168fe7e7000 1589       3       java.lang.String::codePointAt (36 bytes)
Event: 9.332 Thread 0x00000168fe7e7000 nmethod 1589 0x000001688054b250 code [0x000001688054b3e0, 0x000001688054b6a0]

GC Heap History (4 events):
Event: 4.992 GC heap before
{Heap before GC invocations=1 (full 0):
 PSYoungGen      total 37888K, used 32768K [0x00000000d6600000, 0x00000000d9000000, 0x0000000100000000)
  eden space 32768K, 100% used [0x00000000d6600000,0x00000000d8600000,0x00000000d8600000)
  from space 5120K, 0% used [0x00000000d8b00000,0x00000000d8b00000,0x00000000d9000000)
  to   space 5120K, 0% used [0x00000000d8600000,0x00000000d8600000,0x00000000d8b00000)
 ParOldGen       total 86016K, used 0K [0x0000000083200000, 0x0000000088600000, 0x00000000d6600000)
  object space 86016K, 0% used [0x0000000083200000,0x0000000083200000,0x0000000088600000)
 Metaspace       used 8308K, capacity 8464K, committed 8576K, reserved 1056768K
  class space    used 1003K, capacity 1080K, committed 1152K, reserved 1048576K
Event: 5.006 GC heap after
Heap after GC invocations=1 (full 0):
 PSYoungGen      total 37888K, used 5117K [0x00000000d6600000, 0x00000000d9000000, 0x0000000100000000)
  eden space 32768K, 0% used [0x00000000d6600000,0x00000000d6600000,0x00000000d8600000)
  from space 5120K, 99% used [0x00000000d8600000,0x00000000d8aff7d0,0x00000000d8b00000)
  to   space 5120K, 0% used [0x00000000d8b00000,0x00000000d8b00000,0x00000000d9000000)
 ParOldGen       total 86016K, used 250K [0x0000000083200000, 0x0000000088600000, 0x00000000d6600000)
  object space 86016K, 0% used [0x0000000083200000,0x000000008323e868,0x0000000088600000)
 Metaspace       used 8308K, capacity 8464K, committed 8576K, reserved 1056768K
  class space    used 1003K, capacity 1080K, committed 1152K, reserved 1048576K
}
Event: 6.861 GC heap before
{Heap before GC invocations=2 (full 0):
 PSYoungGen      total 37888K, used 37885K [0x00000000d6600000, 0x00000000d9000000, 0x0000000100000000)
  eden space 32768K, 100% used [0x00000000d6600000,0x00000000d8600000,0x00000000d8600000)
  from space 5120K, 99% used [0x00000000d8600000,0x00000000d8aff7d0,0x00000000d8b00000)
  to   space 5120K, 0% used [0x00000000d8b00000,0x00000000d8b00000,0x00000000d9000000)
 ParOldGen       total 86016K, used 250K [0x0000000083200000, 0x0000000088600000, 0x00000000d6600000)
  object space 86016K, 0% used [0x0000000083200000,0x000000008323e868,0x0000000088600000)
 Metaspace       used 11522K, capacity 11696K, committed 11776K, reserved 1058816K
  class space    used 1422K, capacity 1511K, committed 1536K, reserved 1048576K
Event: 7.162 GC heap after
Heap after GC invocations=2 (full 0):
 PSYoungGen      total 37888K, used 5102K [0x00000000d6600000, 0x00000000db000000, 0x0000000100000000)
  eden space 32768K, 0% used [0x00000000d6600000,0x00000000d6600000,0x00000000d8600000)
  from space 5120K, 99% used [0x00000000d8b00000,0x00000000d8ffbbe0,0x00000000d9000000)
  to   space 5120K, 0% used [0x00000000d8600000,0x00000000d8600000,0x00000000d8b00000)
 ParOldGen       total 86016K, used 1822K [0x0000000083200000, 0x0000000088600000, 0x00000000d6600000)
  object space 86016K, 2% used [0x0000000083200000,0x00000000833c7b70,0x0000000088600000)
 Metaspace       used 11522K, capacity 11696K, committed 11776K, reserved 1058816K
  class space    used 1422K, capacity 1511K, committed 1536K, reserved 1048576K
}

Deoptimization events (6 events):
Event: 2.656 Thread 0x00000168f6cd4800 Uncommon trap: reason=unstable_if action=reinterpret pc=0x000001688017e450 method=java.lang.String.indexOf([CII[CIII)I @ 3
Event: 4.324 Thread 0x00000168f6cd4800 Uncommon trap: reason=unstable_if action=reinterpret pc=0x00000168802c33b8 method=org.codehaus.plexus.util.xml.pull.MXParser.nextImpl()I @ 241
Event: 4.956 Thread 0x00000168f6cd4800 Uncommon trap: reason=unstable_if action=reinterpret pc=0x0000016880278840 method=java.util.HashMap.getNode(ILjava/lang/Object;)Ljava/util/HashMap$Node; @ 129
Event: 4.956 Thread 0x00000168f6cd4800 Uncommon trap: reason=unstable_if action=reinterpret pc=0x000001688026f178 method=java.util.HashMap.getNode(ILjava/lang/Object;)Ljava/util/HashMap$Node; @ 129
Event: 4.976 Thread 0x00000168f6cd4800 Uncommon trap: reason=range_check action=make_not_entrant pc=0x000001688031e560 method=sun.reflect.generics.parser.SignatureParser.current()C @ 34
Event: 8.603 Thread 0x00000168f6cd4800 Uncommon trap: reason=unstable_if action=reinterpret pc=0x0000016880515310 method=org.eclipse.sisu.inject.InjectorBindings.isAssignableFrom(Lcom/google/inject/TypeLiteral;Lcom/google/inject/Binding;)Z @ 14

Classes redefined (0 events):
No events

Internal exceptions (10 events):
Event: 4.976 Thread 0x00000168f6cd4800 Exception <a 'java/lang/ArrayIndexOutOfBoundsException': 66> (0x00000000d85d9e18) thrown at [C:\jenkins\workspace\8-2-build-windows-amd64-cygwin\jdk8u291\1294\hotspot\src\share\vm\interpreter\interpreterRuntime.cpp, line 371]
Event: 7.946 Thread 0x00000168f6cd4800 Exception <a 'java/lang/NoClassDefFoundError': com/google/inject/servlet/ServletModuleTargetVisitor> (0x00000000d6fa7738) thrown at [C:\jenkins\workspace\8-2-build-windows-amd64-cygwin\jdk8u291\1294\hotspot\src\share\vm\classfile\systemDictionary.cpp, lin
Event: 7.946 Thread 0x00000168f6cd4800 Exception <a 'java/lang/NoClassDefFoundError'> (0x00000000d6fa7738) thrown at [C:\jenkins\workspace\8-2-build-windows-amd64-cygwin\jdk8u291\1294\hotspot\src\share\vm\prims\jvm.cpp, line 1527]
Event: 7.946 Thread 0x00000168f6cd4800 Exception <a 'java/lang/NoClassDefFoundError': javax/annotation/Priority> (0x00000000d6fac7a8) thrown at [C:\jenkins\workspace\8-2-build-windows-amd64-cygwin\jdk8u291\1294\hotspot\src\share\vm\classfile\systemDictionary.cpp, line 201]
Event: 9.105 Thread 0x00000168f6cd4800 Exception <a 'java/lang/NullPointerException'> (0x00000000d76fc980) thrown at [C:\jenkins\workspace\8-2-build-windows-amd64-cygwin\jdk8u291\1294\hotspot\src\share\vm\interpreter\linkResolver.cpp, line 1185]
Event: 9.105 Thread 0x00000168f6cd4800 Exception <a 'java/lang/NullPointerException'> (0x00000000d76fcb98) thrown at [C:\jenkins\workspace\8-2-build-windows-amd64-cygwin\jdk8u291\1294\hotspot\src\share\vm\interpreter\linkResolver.cpp, line 1185]
Event: 9.105 Thread 0x00000168f6cd4800 Exception <a 'java/lang/NullPointerException'> (0x00000000d76fcdb0) thrown at [C:\jenkins\workspace\8-2-build-windows-amd64-cygwin\jdk8u291\1294\hotspot\src\share\vm\interpreter\linkResolver.cpp, line 1185]
Event: 9.106 Thread 0x00000168f6cd4800 Exception <a 'java/lang/NullPointerException'> (0x00000000d77053b0) thrown at [C:\jenkins\workspace\8-2-build-windows-amd64-cygwin\jdk8u291\1294\hotspot\src\share\vm\interpreter\linkResolver.cpp, line 1185]
Event: 9.106 Thread 0x00000168f6cd4800 Exception <a 'java/lang/NullPointerException'> (0x00000000d77055c8) thrown at [C:\jenkins\workspace\8-2-build-windows-amd64-cygwin\jdk8u291\1294\hotspot\src\share\vm\interpreter\linkResolver.cpp, line 1185]
Event: 9.106 Thread 0x00000168f6cd4800 Exception <a 'java/lang/NullPointerException'> (0x00000000d77057e0) thrown at [C:\jenkins\workspace\8-2-build-windows-amd64-cygwin\jdk8u291\1294\hotspot\src\share\vm\interpreter\linkResolver.cpp, line 1185]

Events (10 events):
Event: 9.139 loading class org/eclipse/aether/util/repository/DefaultAuthenticationSelector
Event: 9.139 loading class org/eclipse/aether/util/repository/DefaultAuthenticationSelector done
Event: 9.140 loading class org/apache/maven/internal/aether/LoggingRepositoryListener
Event: 9.140 loading class org/apache/maven/internal/aether/LoggingRepositoryListener done
Event: 9.140 loading class org/eclipse/aether/AbstractRepositoryListener
Event: 9.140 loading class org/eclipse/aether/AbstractRepositoryListener done
Event: 9.141 loading class org/apache/maven/eventspy/internal/EventSpyRepositoryListener
Event: 9.141 loading class org/apache/maven/eventspy/internal/EventSpyRepositoryListener done
Event: 9.251 loading class org/eclipse/aether/repository/RemoteRepository$Builder
Event: 9.251 loading class org/eclipse/aether/repository/RemoteRepository$Builder done


Dynamic libraries:
0x00007ff696500000 - 0x00007ff696547000 	C:\Program Files\Java\jdk1.8.0_291\bin\java.exe
0x00007ffc72c30000 - 0x00007ffc72e25000 	C:\WINDOWS\SYSTEM32\ntdll.dll
0x00007ffc71fc0000 - 0x00007ffc7207d000 	C:\WINDOWS\System32\KERNEL32.DLL
0x00007ffc704c0000 - 0x00007ffc7078d000 	C:\WINDOWS\System32\KERNELBASE.dll
0x00007ffc71860000 - 0x00007ffc7190e000 	C:\WINDOWS\System32\ADVAPI32.dll
0x00007ffc72080000 - 0x00007ffc7211e000 	C:\WINDOWS\System32\msvcrt.dll
0x00007ffc726b0000 - 0x00007ffc7274c000 	C:\WINDOWS\System32\sechost.dll
0x00007ffc715a0000 - 0x00007ffc716c5000 	C:\WINDOWS\System32\RPCRT4.dll
0x00007ffc71e20000 - 0x00007ffc71fc0000 	C:\WINDOWS\System32\USER32.dll
0x00007ffc70490000 - 0x00007ffc704b2000 	C:\WINDOWS\System32\win32u.dll
0x00007ffc724d0000 - 0x00007ffc724fa000 	C:\WINDOWS\System32\GDI32.dll
0x00007ffc70980000 - 0x00007ffc70a8b000 	C:\WINDOWS\System32\gdi32full.dll
0x00007ffc70a90000 - 0x00007ffc70b2d000 	C:\WINDOWS\System32\msvcp_win.dll
0x00007ffc70b80000 - 0x00007ffc70c80000 	C:\WINDOWS\System32\ucrtbase.dll
0x00007ffc57ca0000 - 0x00007ffc57f3a000 	C:\WINDOWS\WinSxS\amd64_microsoft.windows.common-controls_6595b64144ccf1df_6.0.19041.1110_none_60b5254171f9507e\COMCTL32.dll
0x00007ffc71df0000 - 0x00007ffc71e20000 	C:\WINDOWS\System32\IMM32.DLL
0x00007ffc67de0000 - 0x00007ffc67df5000 	C:\Program Files\Java\jdk1.8.0_291\jre\bin\vcruntime140.dll
0x00007ffc2bbc0000 - 0x00007ffc2bc5b000 	C:\Program Files\Java\jdk1.8.0_291\jre\bin\msvcp140.dll
0x0000000060ea0000 - 0x0000000061700000 	C:\Program Files\Java\jdk1.8.0_291\jre\bin\server\jvm.dll
0x00007ffc71590000 - 0x00007ffc71598000 	C:\WINDOWS\System32\PSAPI.DLL
0x00007ffc652b0000 - 0x00007ffc652d7000 	C:\WINDOWS\SYSTEM32\WINMM.dll
0x00007ffc62330000 - 0x00007ffc6233a000 	C:\WINDOWS\SYSTEM32\VERSION.dll
0x00007ffc67dd0000 - 0x00007ffc67dd9000 	C:\WINDOWS\SYSTEM32\WSOCK32.dll
0x00007ffc72120000 - 0x00007ffc7218b000 	C:\WINDOWS\System32\WS2_32.dll
0x00007ffc6e240000 - 0x00007ffc6e252000 	C:\WINDOWS\SYSTEM32\kernel.appcore.dll
0x00007ffc67d80000 - 0x00007ffc67d90000 	C:\Program Files\Java\jdk1.8.0_291\jre\bin\verify.dll
0x00007ffc67d50000 - 0x00007ffc67d7b000 	C:\Program Files\Java\jdk1.8.0_291\jre\bin\java.dll
0x00007ffc67d30000 - 0x00007ffc67d48000 	C:\Program Files\Java\jdk1.8.0_291\jre\bin\zip.dll
0x00007ffc70c80000 - 0x00007ffc713c4000 	C:\WINDOWS\System32\SHELL32.dll
0x00007ffc6e440000 - 0x00007ffc6ebd4000 	C:\WINDOWS\SYSTEM32\windows.storage.dll
0x00007ffc72750000 - 0x00007ffc72aa4000 	C:\WINDOWS\System32\combase.dll
0x00007ffc6fda0000 - 0x00007ffc6fdcc000 	C:\WINDOWS\SYSTEM32\Wldp.dll
0x00007ffc71750000 - 0x00007ffc717fd000 	C:\WINDOWS\System32\SHCORE.dll
0x00007ffc71d90000 - 0x00007ffc71de5000 	C:\WINDOWS\System32\shlwapi.dll
0x00007ffc70280000 - 0x00007ffc7029f000 	C:\WINDOWS\SYSTEM32\profapi.dll
0x00007ffc67320000 - 0x00007ffc6732a000 	C:\Program Files\NetBeans-12.4\netbeans\java\maven\lib\jansi-native\windows64\jansi.dll

VM Arguments:
jvm_args: -Dclassworlds.conf=C:\Program Files\NetBeans-12.4\netbeans\java\maven\bin\..\bin\m2.conf -Dmaven.home=C:\Program Files\NetBeans-12.4\netbeans\java\maven\bin\.. -Dlibrary.jansi.path=C:\Program Files\NetBeans-12.4\netbeans\java\maven\bin\..\lib\jansi-native -Dmaven.multiModuleProjectDirectory=D:\FPT-AptechSem4\3.IASF\Java_IASF_Baitap\login.upload 
java_command: org.codehaus.plexus.classworlds.launcher.Launcher -Dspring-boot.run.jvmArguments=-noverify -XX:TieredStopAtLevel=1 -Dspring-boot.run.mainClass=vn.aptech.login.LoginApplication -Dexec.vmArgs= -Dexec.appArgs= -Dmaven.ext.class.path=C:\Program Files\NetBeans-12.4\netbeans\java\maven-nblib\netbeans-eventspy.jar -Dfile.encoding=UTF-8 spring-boot:run
java_class_path (initial): C:\Program Files\NetBeans-12.4\netbeans\java\maven\bin\..\boot\plexus-classworlds-2.6.0.jar
Launcher Type: SUN_STANDARD

Environment Variables:
JAVA_HOME=C:\Program Files\Java\jdk1.8.0_291
PATH=C:\Program Files (x86)\Common Files\Oracle\Java\javapath;C:\WINDOWS\system32;C:\WINDOWS;C:\WINDOWS\System32\Wbem;C:\WINDOWS\System32\WindowsPowerShell\v1.0\;C:\WINDOWS\System32\OpenSSH\;C:\Program Files\Microsoft SQL Server\Client SDK\ODBC\170\Tools\Binn\;C:\Program Files (x86)\Microsoft SQL Server\150\Tools\Binn\;C:\Program Files\Microsoft SQL Server\150\Tools\Binn\;C:\Program Files\Microsoft SQL Server\150\DTS\Binn\;C:\Program Files (x86)\Microsoft SQL Server\150\DTS\Binn\;C:\Program Files\Azure Data Studio\bin;D:\PHP_FPT\php;C:\Program Files\dotnet\;C:\Program Files\Microsoft SQL Server\130\Tools\Binn\;D:\PHP_FPT_xampp\php;C:\ProgramData\ComposerSetup\bin;C:\Program Files\nodejs\;C:\Users\Thanh Sang\AppData\Local\Microsoft\WindowsApps;C:\Users\Thanh Sang\AppData\Local\Programs\Microsoft VS Code\bin;C:\Program Files\Azure Data Studio\bin;C:\Program Files\Java\jdk-16\bin;C:\Users\Thanh Sang\AppData\Local\GitHubDesktop\bin;C:\Users\Thanh Sang\.dotnet\tools;C:\Users\Thanh Sang\AppData\Roaming\Composer\vendor\bin;C:\Users\Thanh Sang\AppData\Roaming\npm
USERNAME=Thanh Sang
OS=Windows_NT
PROCESSOR_IDENTIFIER=Intel64 Family 6 Model 60 Stepping 3, GenuineIntel



---------------  S Y S T E M  ---------------

OS: Windows 10.0 , 64 bit Build 19041 (10.0.19041.1706)

CPU:total 8 (initial active 8) (4 cores per cpu, 2 threads per core) family 6 model 60 stepping 3, cmov, cx8, fxsr, mmx, sse, sse2, sse3, ssse3, sse4.1, sse4.2, popcnt, avx, avx2, aes, clmul, erms, lzcnt, ht, tsc, tscinvbit, bmi1, bmi2

Memory: 4k page, physical 8182124k(559708k free), swap 14530184k(992k free)

vm_info: Java HotSpot(TM) 64-Bit Server VM (25.291-b10) for windows-amd64 JRE (1.8.0_291-b10), built on Apr  9 2021 00:02:00 by "java_re" with MS VC++ 15.9 (VS2017)

time: Thu May 12 18:24:08 2022
timezone: SE Asia Standard Time
elapsed time: 9.354797 seconds (0d 0h 0m 9s)

