#
# There is insufficient memory for the Java Runtime Environment to continue.
# Native memory allocation (malloc) failed to allocate 1048576 bytes for AllocateHeap
# Possible reasons:
#   The system is out of physical RAM or swap space
#   The process is running with CompressedOops enabled, and the Java Heap may be blocking the growth of the native heap
# Possible solutions:
#   Reduce memory load on the system
#   Increase physical memory or swap space
#   Check if swap backing store is full
#   Decrease Java heap size (-Xmx/-Xms)
#   Decrease number of Java threads
#   Decrease Java thread stack sizes (-Xss)
#   Set larger code cache with -XX:ReservedCodeCacheSize=
#   JVM is running with Unscaled Compressed Oops mode in which the Java heap is
#     placed in the first 4GB address space. The Java Heap base address is the
#     maximum limit for the native heap growth. Please use -XX:HeapBaseMinAddress
#     to set the Java Heap base and to place the Java Heap above 4GB virtual address.
# This output file may be truncated or incomplete.
#
#  Out of Memory Error (memory/allocation.inline.hpp:61), pid=3504, tid=0x00000000000037a4
#
# JRE version:  (8.0_291-b10) (build )
# Java VM: Java HotSpot(TM) 64-Bit Server VM (25.291-b10 mixed mode windows-amd64 compressed oops)
# Failed to write core dump. Minidumps are not enabled by default on client versions of Windows
#

---------------  T H R E A D  ---------------

Current thread (0x0000029e1c564800):  JavaThread "Unknown thread" [_thread_in_vm, id=14244, stack(0x000000e9c0f00000,0x000000e9c1000000)]

Stack: [0x000000e9c0f00000,0x000000e9c1000000]
Native frames: (J=compiled Java code, j=interpreted, Vv=VM code, C=native code)
V  [jvm.dll+0x32ea19]
V  [jvm.dll+0x275462]
V  [jvm.dll+0x27610d]
V  [jvm.dll+0x26cb45]
V  [jvm.dll+0x509d]
V  [jvm.dll+0x3c9b4c]
V  [jvm.dll+0x3c5ec7]
V  [jvm.dll+0xfcaff]
V  [jvm.dll+0x209dfb]
V  [jvm.dll+0x238827]
V  [jvm.dll+0x1625b6]
C  [java.exe+0x2312]
C  [java.exe+0x15f54]
C  [KERNEL32.DLL+0x17034]
C  [ntdll.dll+0x52651]


---------------  P R O C E S S  ---------------

Java Threads: ( => current thread )

Other Threads:

=>0x0000029e1c564800 (exited) JavaThread "Unknown thread" [_thread_in_vm, id=14244, stack(0x000000e9c0f00000,0x000000e9c1000000)]

VM state:not at safepoint (normal execution)

VM Mutex/Monitor currently owned by a thread: None

heap address: 0x0000000083200000, size: 1998 MB, Compressed Oops mode: 32-bit
Narrow klass base: 0x0000000000000000, Narrow klass shift: 3
Compressed class space size: 1073741824 Address: 0x0000000100000000

Heap:
 PSYoungGen      total 37888K, used 655K [0x00000000d6600000, 0x00000000d9000000, 0x0000000100000000)
  eden space 32768K, 2% used [0x00000000d6600000,0x00000000d66a3d80,0x00000000d8600000)
  from space 5120K, 0% used [0x00000000d8b00000,0x00000000d8b00000,0x00000000d9000000)
  to   space 5120K, 0% used [0x00000000d8600000,0x00000000d8600000,0x00000000d8b00000)
 ParOldGen       total 86016K, used 0K [0x0000000083200000, 0x0000000088600000, 0x00000000d6600000)
  object space 86016K, 0% used [0x0000000083200000,0x0000000083200000,0x0000000088600000)
 Metaspace       used 778K, capacity 4480K, committed 4480K, reserved 1056768K
  class space    used 76K, capacity 384K, committed 384K, reserved 1048576K

Card table byte_map: [0x0000029e2d210000,0x0000029e2d600000] byte_map_base: 0x0000029e2cdf7000

Marking Bits: (ParMarkBitMap*) 0x0000000061687fe0
 Begin Bits: [0x0000029e2d8a0000, 0x0000029e2f7d8000)
 End Bits:   [0x0000029e2f7d8000, 0x0000029e31710000)

Polling page: 0x0000029e1de20000

CodeCache: size=245760Kb used=328Kb max_used=328Kb free=245431Kb
 bounds [0x0000029e1de50000, 0x0000029e1e0c0000, 0x0000029e2ce50000]
 total_blobs=58 nmethods=0 adapters=38
 compilation: enabled

Compilation events (0 events):
No events

GC Heap History (0 events):
No events

Deoptimization events (0 events):
No events

Classes redefined (0 events):
No events

Internal exceptions (0 events):
No events

Events (10 events):
Event: 0.038 loading class java/lang/Short
Event: 0.038 loading class java/lang/Short done
Event: 0.038 loading class java/lang/Integer
Event: 0.038 loading class java/lang/Integer done
Event: 0.038 loading class java/lang/Long
Event: 0.038 loading class java/lang/Long done
Event: 0.057 loading class java/lang/NullPointerException
Event: 0.057 loading class java/lang/NullPointerException done
Event: 0.057 loading class java/lang/ArithmeticException
Event: 0.057 loading class java/lang/ArithmeticException done


Dynamic libraries:
0x00007ff696500000 - 0x00007ff696547000 	C:\Program Files\Java\jdk1.8.0_291\bin\java.exe
0x00007ffc72c30000 - 0x00007ffc72e25000 	C:\WINDOWS\SYSTEM32\ntdll.dll
0x00007ffc71fc0000 - 0x00007ffc7207d000 	C:\WINDOWS\System32\KERNEL32.DLL
0x00007ffc704c0000 - 0x00007ffc7078d000 	C:\WINDOWS\System32\KERNELBASE.dll
0x00007ffc71860000 - 0x00007ffc7190e000 	C:\WINDOWS\System32\ADVAPI32.dll
0x00007ffc72080000 - 0x00007ffc7211e000 	C:\WINDOWS\System32\msvcrt.dll
0x00007ffc726b0000 - 0x00007ffc7274c000 	C:\WINDOWS\System32\sechost.dll
0x00007ffc715a0000 - 0x00007ffc716c5000 	C:\WINDOWS\System32\RPCRT4.dll
0x00007ffc71e20000 - 0x00007ffc71fc0000 	C:\WINDOWS\System32\USER32.dll
0x00007ffc70490000 - 0x00007ffc704b2000 	C:\WINDOWS\System32\win32u.dll
0x00007ffc724d0000 - 0x00007ffc724fa000 	C:\WINDOWS\System32\GDI32.dll
0x00007ffc70980000 - 0x00007ffc70a8b000 	C:\WINDOWS\System32\gdi32full.dll
0x00007ffc70a90000 - 0x00007ffc70b2d000 	C:\WINDOWS\System32\msvcp_win.dll
0x00007ffc70b80000 - 0x00007ffc70c80000 	C:\WINDOWS\System32\ucrtbase.dll
0x00007ffc57ca0000 - 0x00007ffc57f3a000 	C:\WINDOWS\WinSxS\amd64_microsoft.windows.common-controls_6595b64144ccf1df_6.0.19041.1110_none_60b5254171f9507e\COMCTL32.dll
0x00007ffc71df0000 - 0x00007ffc71e20000 	C:\WINDOWS\System32\IMM32.DLL
0x00007ffc67de0000 - 0x00007ffc67df5000 	C:\Program Files\Java\jdk1.8.0_291\jre\bin\vcruntime140.dll
0x00007ffc2bbc0000 - 0x00007ffc2bc5b000 	C:\Program Files\Java\jdk1.8.0_291\jre\bin\msvcp140.dll
0x0000000060ea0000 - 0x0000000061700000 	C:\Program Files\Java\jdk1.8.0_291\jre\bin\server\jvm.dll
0x00007ffc71590000 - 0x00007ffc71598000 	C:\WINDOWS\System32\PSAPI.DLL
0x00007ffc67dd0000 - 0x00007ffc67dd9000 	C:\WINDOWS\SYSTEM32\WSOCK32.dll
0x00007ffc72120000 - 0x00007ffc7218b000 	C:\WINDOWS\System32\WS2_32.dll
0x00007ffc652b0000 - 0x00007ffc652d7000 	C:\WINDOWS\SYSTEM32\WINMM.dll
0x00007ffc62330000 - 0x00007ffc6233a000 	C:\WINDOWS\SYSTEM32\VERSION.dll
0x00007ffc6e240000 - 0x00007ffc6e252000 	C:\WINDOWS\SYSTEM32\kernel.appcore.dll
0x00007ffc67d80000 - 0x00007ffc67d90000 	C:\Program Files\Java\jdk1.8.0_291\jre\bin\verify.dll
0x00007ffc67d50000 - 0x00007ffc67d7b000 	C:\Program Files\Java\jdk1.8.0_291\jre\bin\java.dll
0x00007ffc67d30000 - 0x00007ffc67d48000 	C:\Program Files\Java\jdk1.8.0_291\jre\bin\zip.dll
0x00007ffc631f0000 - 0x00007ffc633d4000 	C:\WINDOWS\SYSTEM32\dbghelp.dll
0x00007ffc70790000 - 0x00007ffc70812000 	C:\WINDOWS\System32\bcryptPrimitives.dll

VM Arguments:
jvm_args: -Dclassworlds.conf=C:\Program Files\NetBeans-12.4\netbeans\java\maven\bin\..\bin\m2.conf -Dmaven.home=C:\Program Files\NetBeans-12.4\netbeans\java\maven\bin\.. -Dlibrary.jansi.path=C:\Program Files\NetBeans-12.4\netbeans\java\maven\bin\..\lib\jansi-native -Dmaven.multiModuleProjectDirectory=D:\FPT-AptechSem4\3.IASF\Java_IASF_Baitap\login.upload 
java_command: org.codehaus.plexus.classworlds.launcher.Launcher -Dspring-boot.run.jvmArguments=-noverify -XX:TieredStopAtLevel=1 -Dspring-boot.run.mainClass=vn.aptech.login.LoginApplication -Dexec.vmArgs= -Dexec.appArgs= -Dmaven.ext.class.path=C:\Program Files\NetBeans-12.4\netbeans\java\maven-nblib\netbeans-eventspy.jar -Dfile.encoding=UTF-8 spring-boot:run
java_class_path (initial): C:\Program Files\NetBeans-12.4\netbeans\java\maven\bin\..\boot\plexus-classworlds-2.6.0.jar
Launcher Type: SUN_STANDARD

Environment Variables:
JAVA_HOME=C:\Program Files\Java\jdk1.8.0_291
PATH=C:\Program Files (x86)\Common Files\Oracle\Java\javapath;C:\WINDOWS\system32;C:\WINDOWS;C:\WINDOWS\System32\Wbem;C:\WINDOWS\System32\WindowsPowerShell\v1.0\;C:\WINDOWS\System32\OpenSSH\;C:\Program Files\Microsoft SQL Server\Client SDK\ODBC\170\Tools\Binn\;C:\Program Files (x86)\Microsoft SQL Server\150\Tools\Binn\;C:\Program Files\Microsoft SQL Server\150\Tools\Binn\;C:\Program Files\Microsoft SQL Server\150\DTS\Binn\;C:\Program Files (x86)\Microsoft SQL Server\150\DTS\Binn\;C:\Program Files\Azure Data Studio\bin;D:\PHP_FPT\php;C:\Program Files\dotnet\;C:\Program Files\Microsoft SQL Server\130\Tools\Binn\;D:\PHP_FPT_xampp\php;C:\ProgramData\ComposerSetup\bin;C:\Program Files\nodejs\;C:\Users\Thanh Sang\AppData\Local\Microsoft\WindowsApps;C:\Users\Thanh Sang\AppData\Local\Programs\Microsoft VS Code\bin;C:\Program Files\Azure Data Studio\bin;C:\Program Files\Java\jdk-16\bin;C:\Users\Thanh Sang\AppData\Local\GitHubDesktop\bin;C:\Users\Thanh Sang\.dotnet\tools;C:\Users\Thanh Sang\AppData\Roaming\Composer\vendor\bin;C:\Users\Thanh Sang\AppData\Roaming\npm
USERNAME=Thanh Sang
OS=Windows_NT
PROCESSOR_IDENTIFIER=Intel64 Family 6 Model 60 Stepping 3, GenuineIntel



---------------  S Y S T E M  ---------------

OS: Windows 10.0 , 64 bit Build 19041 (10.0.19041.1706)

CPU:total 8 (initial active 8) (4 cores per cpu, 2 threads per core) family 6 model 60 stepping 3, cmov, cx8, fxsr, mmx, sse, sse2, sse3, ssse3, sse4.1, sse4.2, popcnt, avx, avx2, aes, clmul, erms, lzcnt, ht, tsc, tscinvbit, bmi1, bmi2

Memory: 4k page, physical 8182124k(1414820k free), swap 14530184k(8600k free)

vm_info: Java HotSpot(TM) 64-Bit Server VM (25.291-b10) for windows-amd64 JRE (1.8.0_291-b10), built on Apr  9 2021 00:02:00 by "java_re" with MS VC++ 15.9 (VS2017)

time: Thu May 12 18:24:03 2022
timezone: SE Asia Standard Time
elapsed time: 1.117418 seconds (0d 0h 0m 1s)

