#
# There is insufficient memory for the Java Runtime Environment to continue.
# Native memory allocation (malloc) failed to allocate 32744 bytes for ChunkPool::allocate
# Possible reasons:
#   The system is out of physical RAM or swap space
#   The process is running with CompressedOops enabled, and the Java Heap may be blocking the growth of the native heap
# Possible solutions:
#   Reduce memory load on the system
#   Increase physical memory or swap space
#   Check if swap backing store is full
#   Decrease Java heap size (-Xmx/-Xms)
#   Decrease number of Java threads
#   Decrease Java thread stack sizes (-Xss)
#   Set larger code cache with -XX:ReservedCodeCacheSize=
#   JVM is running with Unscaled Compressed Oops mode in which the Java heap is
#     placed in the first 4GB address space. The Java Heap base address is the
#     maximum limit for the native heap growth. Please use -XX:HeapBaseMinAddress
#     to set the Java Heap base and to place the Java Heap above 4GB virtual address.
# This output file may be truncated or incomplete.
#
#  Out of Memory Error (allocation.cpp:272), pid=10696, tid=0x0000000000002b28
#
# JRE version: Java(TM) SE Runtime Environment (8.0_291-b10) (build 1.8.0_291-b10)
# Java VM: Java HotSpot(TM) 64-Bit Server VM (25.291-b10 mixed mode windows-amd64 compressed oops)
# Failed to write core dump. Minidumps are not enabled by default on client versions of Windows
#

---------------  T H R E A D  ---------------

Current thread (0x000002478ff30800):  JavaThread "C1 CompilerThread3" daemon [_thread_in_vm, id=11048, stack(0x000000b765100000,0x000000b765200000)]

Stack: [0x000000b765100000,0x000000b765200000]
Native frames: (J=compiled Java code, j=interpreted, Vv=VM code, C=native code)
V  [jvm.dll+0x32ea19]
V  [jvm.dll+0x275462]
V  [jvm.dll+0x27610d]
V  [jvm.dll+0x26cb45]
V  [jvm.dll+0xd56ed]
V  [jvm.dll+0xd5a4c]
V  [jvm.dll+0x26e875]
V  [jvm.dll+0x4791c]
V  [jvm.dll+0x33bd4]
V  [jvm.dll+0xabdfa]
V  [jvm.dll+0xaa54b]
V  [jvm.dll+0x23db02]
V  [jvm.dll+0x29210c]
C  [ucrtbase.dll+0x21bb2]
C  [KERNEL32.DLL+0x17034]
C  [ntdll.dll+0x52651]


Current CompileTask:
C1:  44954 4391       3       java.util.RegularEnumSet::iterator (9 bytes)


---------------  P R O C E S S  ---------------

Java Threads: ( => current thread )
  0x00000247912a1000 JavaThread "Service Thread" daemon [_thread_blocked, id=11052, stack(0x000000b765200000,0x000000b765300000)]
=>0x000002478ff30800 JavaThread "C1 CompilerThread3" daemon [_thread_in_vm, id=11048, stack(0x000000b765100000,0x000000b765200000)]
  0x000002478fee1000 JavaThread "C2 CompilerThread2" daemon [_thread_in_native, id=11044, stack(0x000000b765000000,0x000000b765100000)]
  0x000002478fedd000 JavaThread "C2 CompilerThread1" daemon [_thread_in_native, id=11040, stack(0x000000b764f00000,0x000000b765000000)]
  0x000002478fed6800 JavaThread "C2 CompilerThread0" daemon [_thread_in_native, id=11036, stack(0x000000b764e00000,0x000000b764f00000)]
  0x000002478fed5000 JavaThread "Attach Listener" daemon [_thread_blocked, id=11032, stack(0x000000b764d00000,0x000000b764e00000)]
  0x000002478fed3800 JavaThread "Signal Dispatcher" daemon [_thread_blocked, id=11028, stack(0x000000b764c00000,0x000000b764d00000)]
  0x00000247ffa8a000 JavaThread "Finalizer" daemon [_thread_blocked, id=11024, stack(0x000000b764b00000,0x000000b764c00000)]
  0x000002478feaa000 JavaThread "Reference Handler" daemon [_thread_blocked, id=11020, stack(0x000000b764a00000,0x000000b764b00000)]
  0x00000247f9428000 JavaThread "main" [_thread_blocked, id=10964, stack(0x000000b763f00000,0x000000b764000000)]

Other Threads:
  0x000002478fe83800 VMThread [stack: 0x000000b764900000,0x000000b764a00000] [id=11016]
  0x000002478ff5e800 WatcherThread [stack: 0x000000b765300000,0x000000b765400000] [id=11056]

VM state:synchronizing (normal execution)

VM Mutex/Monitor currently owned by a thread:  ([mutex/lock_event])
[0x00000247f94202a0] Threads_lock - owner thread: 0x000002478fe83800

heap address: 0x0000000083200000, size: 1998 MB, Compressed Oops mode: 32-bit
Narrow klass base: 0x0000000000000000, Narrow klass shift: 3
Compressed class space size: 1073741824 Address: 0x0000000100000000

Heap:
 PSYoungGen      total 256000K, used 45068K [0x00000000d6600000, 0x00000000e8780000, 0x0000000100000000)
  eden space 239616K, 11% used [0x00000000d6600000,0x00000000d820f228,0x00000000e5000000)
  from space 16384K, 99% used [0x00000000e7780000,0x00000000e8774118,0x00000000e8780000)
  to   space 20480K, 0% used [0x00000000e5f80000,0x00000000e5f80000,0x00000000e7380000)
 ParOldGen       total 65024K, used 14957K [0x0000000083200000, 0x0000000087180000, 0x00000000d6600000)
  object space 65024K, 23% used [0x0000000083200000,0x000000008409b498,0x0000000087180000)
 Metaspace       used 24612K, capacity 25320K, committed 25648K, reserved 1071104K
  class space    used 2860K, capacity 3044K, committed 3120K, reserved 1048576K

Card table byte_map: [0x00000247fb070000,0x00000247fb460000] byte_map_base: 0x00000247fac57000

Marking Bits: (ParMarkBitMap*) 0x0000000061687fe0
 Begin Bits: [0x00000247fb700000, 0x00000247fd638000)
 End Bits:   [0x00000247fd638000, 0x00000247ff570000)

Polling page: 0x00000247f93d0000

CodeCache: size=245760Kb used=14419Kb max_used=15467Kb free=231340Kb
 bounds [0x0000024780000000, 0x0000024780f30000, 0x000002478f000000]
 total_blobs=4432 nmethods=4008 adapters=336
 compilation: enabled

Compilation events (10 events):
Event: 41.687 Thread 0x000002478ff30800 nmethod 4383 0x00000247801e0350 code [0x00000247801e04c0, 0x00000247801e06f0]
Event: 41.687 Thread 0x000002478ff30800 4382       3       com.sun.tools.javac.tree.JCTree$JCMethodDecl::accept (6 bytes)
Event: 41.688 Thread 0x000002478ff30800 nmethod 4382 0x000002478032d650 code [0x000002478032d7c0, 0x000002478032d9f0]
Event: 41.705 Thread 0x000002478ff30800 4389   !   3       com.sun.tools.javac.comp.Enter::classEnter (64 bytes)
Event: 41.705 Thread 0x000002478ff30800 nmethod 4389 0x00000247801d5d10 code [0x00000247801d5ea0, 0x00000247801d6300]
Event: 41.705 Thread 0x000002478ff30800 4390       3       com.sun.tools.javac.comp.Enter::visitTree (6 bytes)
Event: 41.705 Thread 0x000002478ff30800 nmethod 4390 0x00000247803c4810 code [0x00000247803c4960, 0x00000247803c4ad8]
Event: 41.771 Thread 0x000002478fedd000 nmethod 4372 0x00000247802e23d0 code [0x00000247802e28a0, 0x00000247802e42c8]
Event: 41.771 Thread 0x000002478fedd000 4373   !   4       lombok.javac.JavacAST::drill (146 bytes)
Event: 41.851 Thread 0x000002478ff30800 4391       3       java.util.RegularEnumSet::iterator (9 bytes)

GC Heap History (10 events):
Event: 11.917 GC heap before
{Heap before GC invocations=3 (full 0):
 PSYoungGen      total 70656K, used 70642K [0x00000000d6600000, 0x00000000db000000, 0x0000000100000000)
  eden space 65536K, 100% used [0x00000000d6600000,0x00000000da600000,0x00000000da600000)
  from space 5120K, 99% used [0x00000000dab00000,0x00000000daffc848,0x00000000db000000)
  to   space 5120K, 0% used [0x00000000da600000,0x00000000da600000,0x00000000dab00000)
 ParOldGen       total 86016K, used 1641K [0x0000000083200000, 0x0000000088600000, 0x00000000d6600000)
  object space 86016K, 1% used [0x0000000083200000,0x000000008339a7a8,0x0000000088600000)
 Metaspace       used 15562K, capacity 15806K, committed 16128K, reserved 1062912K
  class space    used 1861K, capacity 1948K, committed 2048K, reserved 1048576K
Event: 11.994 GC heap after
Heap after GC invocations=3 (full 0):
 PSYoungGen      total 70656K, used 5104K [0x00000000d6600000, 0x00000000df000000, 0x0000000100000000)
  eden space 65536K, 0% used [0x00000000d6600000,0x00000000d6600000,0x00000000da600000)
  from space 5120K, 99% used [0x00000000da600000,0x00000000daafc030,0x00000000dab00000)
  to   space 5120K, 0% used [0x00000000deb00000,0x00000000deb00000,0x00000000df000000)
 ParOldGen       total 86016K, used 8289K [0x0000000083200000, 0x0000000088600000, 0x00000000d6600000)
  object space 86016K, 9% used [0x0000000083200000,0x0000000083a186d8,0x0000000088600000)
 Metaspace       used 15562K, capacity 15806K, committed 16128K, reserved 1062912K
  class space    used 1861K, capacity 1948K, committed 2048K, reserved 1048576K
}
Event: 15.984 GC heap before
{Heap before GC invocations=4 (full 0):
 PSYoungGen      total 70656K, used 67425K [0x00000000d6600000, 0x00000000df000000, 0x0000000100000000)
  eden space 65536K, 95% used [0x00000000d6600000,0x00000000da2dc4e0,0x00000000da600000)
  from space 5120K, 99% used [0x00000000da600000,0x00000000daafc030,0x00000000dab00000)
  to   space 5120K, 0% used [0x00000000deb00000,0x00000000deb00000,0x00000000df000000)
 ParOldGen       total 86016K, used 8289K [0x0000000083200000, 0x0000000088600000, 0x00000000d6600000)
  object space 86016K, 9% used [0x0000000083200000,0x0000000083a186d8,0x0000000088600000)
 Metaspace       used 17196K, capacity 17632K, committed 17792K, reserved 1064960K
  class space    used 1996K, capacity 2123K, committed 2176K, reserved 1048576K
Event: 16.008 GC heap after
Heap after GC invocations=4 (full 0):
 PSYoungGen      total 136192K, used 5088K [0x00000000d6600000, 0x00000000df000000, 0x0000000100000000)
  eden space 131072K, 0% used [0x00000000d6600000,0x00000000d6600000,0x00000000de600000)
  from space 5120K, 99% used [0x00000000deb00000,0x00000000deff8020,0x00000000df000000)
  to   space 5120K, 0% used [0x00000000de600000,0x00000000de600000,0x00000000deb00000)
 ParOldGen       total 86016K, used 20171K [0x0000000083200000, 0x0000000088600000, 0x00000000d6600000)
  object space 86016K, 23% used [0x0000000083200000,0x00000000845b2f48,0x0000000088600000)
 Metaspace       used 17196K, capacity 17632K, committed 17792K, reserved 1064960K
  class space    used 1996K, capacity 2123K, committed 2176K, reserved 1048576K
}
Event: 17.283 GC heap before
{Heap before GC invocations=5 (full 0):
 PSYoungGen      total 136192K, used 87587K [0x00000000d6600000, 0x00000000df000000, 0x0000000100000000)
  eden space 131072K, 62% used [0x00000000d6600000,0x00000000db690fc8,0x00000000de600000)
  from space 5120K, 99% used [0x00000000deb00000,0x00000000deff8020,0x00000000df000000)
  to   space 5120K, 0% used [0x00000000de600000,0x00000000de600000,0x00000000deb00000)
 ParOldGen       total 86016K, used 20171K [0x0000000083200000, 0x0000000088600000, 0x00000000d6600000)
  object space 86016K, 23% used [0x0000000083200000,0x00000000845b2f48,0x0000000088600000)
 Metaspace       used 20692K, capacity 21184K, committed 21296K, reserved 1069056K
  class space    used 2441K, capacity 2587K, committed 2608K, reserved 1048576K
Event: 17.363 GC heap after
Heap after GC invocations=5 (full 0):
 PSYoungGen      total 136192K, used 5088K [0x00000000d6600000, 0x00000000e8900000, 0x0000000100000000)
  eden space 131072K, 0% used [0x00000000d6600000,0x00000000d6600000,0x00000000de600000)
  from space 5120K, 99% used [0x00000000de600000,0x00000000deaf8020,0x00000000deb00000)
  to   space 17920K, 0% used [0x00000000e7780000,0x00000000e7780000,0x00000000e8900000)
 ParOldGen       total 86016K, used 23061K [0x0000000083200000, 0x0000000088600000, 0x00000000d6600000)
  object space 86016K, 26% used [0x0000000083200000,0x0000000084885430,0x0000000088600000)
 Metaspace       used 20692K, capacity 21184K, committed 21296K, reserved 1069056K
  class space    used 2441K, capacity 2587K, committed 2608K, reserved 1048576K
}
Event: 17.364 GC heap before
{Heap before GC invocations=6 (full 1):
 PSYoungGen      total 136192K, used 5088K [0x00000000d6600000, 0x00000000e8900000, 0x0000000100000000)
  eden space 131072K, 0% used [0x00000000d6600000,0x00000000d6600000,0x00000000de600000)
  from space 5120K, 99% used [0x00000000de600000,0x00000000deaf8020,0x00000000deb00000)
  to   space 17920K, 0% used [0x00000000e7780000,0x00000000e7780000,0x00000000e8900000)
 ParOldGen       total 86016K, used 23061K [0x0000000083200000, 0x0000000088600000, 0x00000000d6600000)
  object space 86016K, 26% used [0x0000000083200000,0x0000000084885430,0x0000000088600000)
 Metaspace       used 20692K, capacity 21184K, committed 21296K, reserved 1069056K
  class space    used 2441K, capacity 2587K, committed 2608K, reserved 1048576K
Event: 17.571 GC heap after
Heap after GC invocations=6 (full 1):
 PSYoungGen      total 136192K, used 0K [0x00000000d6600000, 0x00000000e8900000, 0x0000000100000000)
  eden space 131072K, 0% used [0x00000000d6600000,0x00000000d6600000,0x00000000de600000)
  from space 5120K, 0% used [0x00000000de600000,0x00000000de600000,0x00000000deb00000)
  to   space 17920K, 0% used [0x00000000e7780000,0x00000000e7780000,0x00000000e8900000)
 ParOldGen       total 65024K, used 14949K [0x0000000083200000, 0x0000000087180000, 0x00000000d6600000)
  object space 65024K, 22% used [0x0000000083200000,0x0000000084099498,0x0000000087180000)
 Metaspace       used 20692K, capacity 21184K, committed 21296K, reserved 1069056K
  class space    used 2441K, capacity 2587K, committed 2608K, reserved 1048576K
}
Event: 40.561 GC heap before
{Heap before GC invocations=7 (full 1):
 PSYoungGen      total 136192K, used 131072K [0x00000000d6600000, 0x00000000e8900000, 0x0000000100000000)
  eden space 131072K, 100% used [0x00000000d6600000,0x00000000de600000,0x00000000de600000)
  from space 5120K, 0% used [0x00000000de600000,0x00000000de600000,0x00000000deb00000)
  to   space 17920K, 0% used [0x00000000e7780000,0x00000000e7780000,0x00000000e8900000)
 ParOldGen       total 65024K, used 14949K [0x0000000083200000, 0x0000000087180000, 0x00000000d6600000)
  object space 65024K, 22% used [0x0000000083200000,0x0000000084099498,0x0000000087180000)
 Metaspace       used 24304K, capacity 24944K, committed 25008K, reserved 1071104K
  class space    used 2814K, capacity 2985K, committed 2992K, reserved 1048576K
Event: 40.579 GC heap after
Heap after GC invocations=7 (full 1):
 PSYoungGen      total 256000K, used 16336K [0x00000000d6600000, 0x00000000e8780000, 0x0000000100000000)
  eden space 239616K, 0% used [0x00000000d6600000,0x00000000d6600000,0x00000000e5000000)
  from space 16384K, 99% used [0x00000000e7780000,0x00000000e8774118,0x00000000e8780000)
  to   space 20480K, 0% used [0x00000000e5f80000,0x00000000e5f80000,0x00000000e7380000)
 ParOldGen       total 65024K, used 14957K [0x0000000083200000, 0x0000000087180000, 0x00000000d6600000)
  object space 65024K, 23% used [0x0000000083200000,0x000000008409b498,0x0000000087180000)
 Metaspace       used 24304K, capacity 24944K, committed 25008K, reserved 1071104K
  class space    used 2814K, capacity 2985K, committed 2992K, reserved 1048576K
}

Deoptimization events (10 events):
Event: 40.111 Thread 0x00000247f9428000 Uncommon trap: reason=class_check action=maybe_recompile pc=0x0000024780753d40 method=java.util.Collections$UnmodifiableMap$UnmodifiableEntrySet$UnmodifiableEntry.getKey()Ljava/lang/Object; @ 4
Event: 40.111 Thread 0x00000247f9428000 Uncommon trap: reason=class_check action=maybe_recompile pc=0x0000024780753ac0 method=java.util.Collections$UnmodifiableMap$UnmodifiableEntrySet$UnmodifiableEntry.getValue()Ljava/lang/Object; @ 4
Event: 40.111 Thread 0x00000247f9428000 Uncommon trap: reason=class_check action=maybe_recompile pc=0x000002478071c68c method=java.util.Collections$UnmodifiableMap$UnmodifiableEntrySet$1.hasNext()Z @ 4
Event: 40.111 Thread 0x00000247f9428000 Uncommon trap: reason=class_check action=maybe_recompile pc=0x0000024780743628 method=java.util.Collections$UnmodifiableMap$UnmodifiableEntrySet$1.next()Ljava/util/Map$Entry; @ 8
Event: 40.111 Thread 0x00000247f9428000 Uncommon trap: reason=class_check action=maybe_recompile pc=0x0000024780753d40 method=java.util.Collections$UnmodifiableMap$UnmodifiableEntrySet$UnmodifiableEntry.getKey()Ljava/lang/Object; @ 4
Event: 40.111 Thread 0x00000247f9428000 Uncommon trap: reason=class_check action=maybe_recompile pc=0x0000024780753ac0 method=java.util.Collections$UnmodifiableMap$UnmodifiableEntrySet$UnmodifiableEntry.getValue()Ljava/lang/Object; @ 4
Event: 40.111 Thread 0x00000247f9428000 Uncommon trap: reason=class_check action=maybe_recompile pc=0x000002478071c68c method=java.util.Collections$UnmodifiableMap$UnmodifiableEntrySet$1.hasNext()Z @ 4
Event: 40.111 Thread 0x00000247f9428000 Uncommon trap: reason=class_check action=maybe_recompile pc=0x0000024780743628 method=java.util.Collections$UnmodifiableMap$UnmodifiableEntrySet$1.next()Ljava/util/Map$Entry; @ 8
Event: 40.111 Thread 0x00000247f9428000 Uncommon trap: reason=class_check action=maybe_recompile pc=0x0000024780753d40 method=java.util.Collections$UnmodifiableMap$UnmodifiableEntrySet$UnmodifiableEntry.getKey()Ljava/lang/Object; @ 4
Event: 40.111 Thread 0x00000247f9428000 Uncommon trap: reason=class_check action=maybe_recompile pc=0x0000024780753ac0 method=java.util.Collections$UnmodifiableMap$UnmodifiableEntrySet$UnmodifiableEntry.getValue()Ljava/lang/Object; @ 4

Classes redefined (0 events):
No events

Internal exceptions (10 events):
Event: 9.121 Thread 0x00000247f9428000 Implicit null exception at 0x00000247806ae875 to 0x00000247806aeb1d
Event: 9.121 Thread 0x00000247f9428000 Implicit null exception at 0x00000247806aaee4 to 0x00000247806ab845
Event: 9.121 Thread 0x00000247f9428000 Implicit null exception at 0x00000247803c5695 to 0x00000247803c586d
Event: 9.121 Thread 0x00000247f9428000 Implicit null exception at 0x00000247803a645b to 0x00000247803a68e1
Event: 12.507 Thread 0x00000247f9428000 Implicit null exception at 0x000002478089c12c to 0x000002478089d455
Event: 13.222 Thread 0x00000247f9428000 Implicit null exception at 0x00000247804702af to 0x0000024780470319
Event: 15.731 Thread 0x00000247f9428000 Implicit null exception at 0x0000024780996d01 to 0x0000024780997131
Event: 16.954 Thread 0x00000247f9428000 Exception <a 'java/lang/ClassNotFoundException': com/sun/tools/javac/api/JavacTool> (0x00000000dac38fb0) thrown at [C:\jenkins\workspace\8-2-build-windows-amd64-cygwin\jdk8u291\1294\hotspot\src\share\vm\classfile\systemDictionary.cpp, line 212]
Event: 18.387 Thread 0x00000247f9428000 Exception <a 'java/io/FileNotFoundException'> (0x00000000d9877a50) thrown at [C:\jenkins\workspace\8-2-build-windows-amd64-cygwin\jdk8u291\1294\hotspot\src\share\vm\prims\jni.cpp, line 710]
Event: 18.392 Thread 0x00000247f9428000 Exception <a 'java/io/FileNotFoundException'> (0x00000000d98d0bf8) thrown at [C:\jenkins\workspace\8-2-build-windows-amd64-cygwin\jdk8u291\1294\hotspot\src\share\vm\prims\jni.cpp, line 710]

Events (10 events):
Event: 41.595 Thread 0x000002478ff30800 flushing nmethod 0x000002478074fb10
Event: 41.595 Thread 0x000002478ff30800 flushing nmethod 0x0000024780768fd0
Event: 41.595 Thread 0x000002478ff30800 flushing nmethod 0x0000024780798610
Event: 41.596 Thread 0x000002478ff30800 flushing nmethod 0x00000247807b9c10
Event: 41.597 Thread 0x000002478ff30800 flushing nmethod 0x000002478083eed0
Event: 41.597 Thread 0x000002478ff30800 flushing nmethod 0x000002478085d590
Event: 41.597 Thread 0x000002478ff30800 flushing nmethod 0x00000247808840d0
Event: 41.597 Thread 0x000002478ff30800 flushing nmethod 0x000002478089bbd0
Event: 41.680 loading class lombok/launch/AnnotationProcessorHider$ClaimingProcessor
Event: 41.680 loading class lombok/launch/AnnotationProcessorHider$ClaimingProcessor done


Dynamic libraries:
0x00007ff696500000 - 0x00007ff696547000 	C:\Program Files\Java\jdk1.8.0_291\bin\java.exe
0x00007ffc72c30000 - 0x00007ffc72e25000 	C:\WINDOWS\SYSTEM32\ntdll.dll
0x00007ffc71fc0000 - 0x00007ffc7207d000 	C:\WINDOWS\System32\KERNEL32.DLL
0x00007ffc704c0000 - 0x00007ffc7078d000 	C:\WINDOWS\System32\KERNELBASE.dll
0x00007ffc71860000 - 0x00007ffc7190e000 	C:\WINDOWS\System32\ADVAPI32.dll
0x00007ffc72080000 - 0x00007ffc7211e000 	C:\WINDOWS\System32\msvcrt.dll
0x00007ffc726b0000 - 0x00007ffc7274c000 	C:\WINDOWS\System32\sechost.dll
0x00007ffc715a0000 - 0x00007ffc716c5000 	C:\WINDOWS\System32\RPCRT4.dll
0x00007ffc71e20000 - 0x00007ffc71fc0000 	C:\WINDOWS\System32\USER32.dll
0x00007ffc70490000 - 0x00007ffc704b2000 	C:\WINDOWS\System32\win32u.dll
0x00007ffc724d0000 - 0x00007ffc724fa000 	C:\WINDOWS\System32\GDI32.dll
0x00007ffc70980000 - 0x00007ffc70a8b000 	C:\WINDOWS\System32\gdi32full.dll
0x00007ffc70a90000 - 0x00007ffc70b2d000 	C:\WINDOWS\System32\msvcp_win.dll
0x00007ffc70b80000 - 0x00007ffc70c80000 	C:\WINDOWS\System32\ucrtbase.dll
0x00007ffc57ca0000 - 0x00007ffc57f3a000 	C:\WINDOWS\WinSxS\amd64_microsoft.windows.common-controls_6595b64144ccf1df_6.0.19041.1110_none_60b5254171f9507e\COMCTL32.dll
0x00007ffc71df0000 - 0x00007ffc71e20000 	C:\WINDOWS\System32\IMM32.DLL
0x00007ffc67de0000 - 0x00007ffc67df5000 	C:\Program Files\Java\jdk1.8.0_291\jre\bin\vcruntime140.dll
0x00007ffc2bbc0000 - 0x00007ffc2bc5b000 	C:\Program Files\Java\jdk1.8.0_291\jre\bin\msvcp140.dll
0x0000000060ea0000 - 0x0000000061700000 	C:\Program Files\Java\jdk1.8.0_291\jre\bin\server\jvm.dll
0x00007ffc71590000 - 0x00007ffc71598000 	C:\WINDOWS\System32\PSAPI.DLL
0x00007ffc67dd0000 - 0x00007ffc67dd9000 	C:\WINDOWS\SYSTEM32\WSOCK32.dll
0x00007ffc72120000 - 0x00007ffc7218b000 	C:\WINDOWS\System32\WS2_32.dll
0x00007ffc652b0000 - 0x00007ffc652d7000 	C:\WINDOWS\SYSTEM32\WINMM.dll
0x00007ffc62330000 - 0x00007ffc6233a000 	C:\WINDOWS\SYSTEM32\VERSION.dll
0x00007ffc6e240000 - 0x00007ffc6e252000 	C:\WINDOWS\SYSTEM32\kernel.appcore.dll
0x00007ffc67d80000 - 0x00007ffc67d90000 	C:\Program Files\Java\jdk1.8.0_291\jre\bin\verify.dll
0x00007ffc67d50000 - 0x00007ffc67d7b000 	C:\Program Files\Java\jdk1.8.0_291\jre\bin\java.dll
0x00007ffc67d30000 - 0x00007ffc67d48000 	C:\Program Files\Java\jdk1.8.0_291\jre\bin\zip.dll
0x00007ffc70c80000 - 0x00007ffc713c4000 	C:\WINDOWS\System32\SHELL32.dll
0x00007ffc6e440000 - 0x00007ffc6ebd4000 	C:\WINDOWS\SYSTEM32\windows.storage.dll
0x00007ffc72750000 - 0x00007ffc72aa4000 	C:\WINDOWS\System32\combase.dll
0x00007ffc6fda0000 - 0x00007ffc6fdcc000 	C:\WINDOWS\SYSTEM32\Wldp.dll
0x00007ffc71750000 - 0x00007ffc717fd000 	C:\WINDOWS\System32\SHCORE.dll
0x00007ffc71d90000 - 0x00007ffc71de5000 	C:\WINDOWS\System32\shlwapi.dll
0x00007ffc70280000 - 0x00007ffc7029f000 	C:\WINDOWS\SYSTEM32\profapi.dll
0x00007ffc67320000 - 0x00007ffc6732a000 	C:\Program Files\NetBeans-12.4\netbeans\java\maven\lib\jansi-native\windows64\jansi.dll
0x00007ffc67cf0000 - 0x00007ffc67d0c000 	C:\Program Files\Java\jdk1.8.0_291\jre\bin\net.dll
0x00007ffc6fb00000 - 0x00007ffc6fb6a000 	C:\WINDOWS\system32\mswsock.dll
0x00007ffc67cd0000 - 0x00007ffc67ce3000 	C:\Program Files\Java\jdk1.8.0_291\jre\bin\nio.dll
0x00007ffc631f0000 - 0x00007ffc633d4000 	C:\WINDOWS\SYSTEM32\dbghelp.dll
0x00007ffc70790000 - 0x00007ffc70812000 	C:\WINDOWS\System32\bcryptPrimitives.dll

VM Arguments:
jvm_args: -Dclassworlds.conf=C:\Program Files\NetBeans-12.4\netbeans\java\maven\bin\..\bin\m2.conf -Dmaven.home=C:\Program Files\NetBeans-12.4\netbeans\java\maven\bin\.. -Dlibrary.jansi.path=C:\Program Files\NetBeans-12.4\netbeans\java\maven\bin\..\lib\jansi-native -Dmaven.multiModuleProjectDirectory=D:\FPT-AptechSem4\3.IASF\Java_IASF_Baitap\login.upload 
java_command: org.codehaus.plexus.classworlds.launcher.Launcher -Dspring-boot.run.jvmArguments=-noverify -XX:TieredStopAtLevel=1 -Dspring-boot.run.mainClass=vn.aptech.login.LoginApplication -Dexec.vmArgs= -Dexec.appArgs= -Dmaven.ext.class.path=C:\Program Files\NetBeans-12.4\netbeans\java\maven-nblib\netbeans-eventspy.jar -Dfile.encoding=UTF-8 spring-boot:run
java_class_path (initial): C:\Program Files\NetBeans-12.4\netbeans\java\maven\bin\..\boot\plexus-classworlds-2.6.0.jar
Launcher Type: SUN_STANDARD

Environment Variables:
JAVA_HOME=C:\Program Files\Java\jdk1.8.0_291
PATH=C:\Program Files (x86)\Common Files\Oracle\Java\javapath;C:\WINDOWS\system32;C:\WINDOWS;C:\WINDOWS\System32\Wbem;C:\WINDOWS\System32\WindowsPowerShell\v1.0\;C:\WINDOWS\System32\OpenSSH\;C:\Program Files\Microsoft SQL Server\Client SDK\ODBC\170\Tools\Binn\;C:\Program Files (x86)\Microsoft SQL Server\150\Tools\Binn\;C:\Program Files\Microsoft SQL Server\150\Tools\Binn\;C:\Program Files\Microsoft SQL Server\150\DTS\Binn\;C:\Program Files (x86)\Microsoft SQL Server\150\DTS\Binn\;C:\Program Files\Azure Data Studio\bin;D:\PHP_FPT\php;C:\Program Files\dotnet\;C:\Program Files\Microsoft SQL Server\130\Tools\Binn\;D:\PHP_FPT_xampp\php;C:\ProgramData\ComposerSetup\bin;C:\Program Files\nodejs\;C:\Users\Thanh Sang\AppData\Local\Microsoft\WindowsApps;C:\Users\Thanh Sang\AppData\Local\Programs\Microsoft VS Code\bin;C:\Program Files\Azure Data Studio\bin;C:\Program Files\Java\jdk-16\bin;C:\Users\Thanh Sang\AppData\Local\GitHubDesktop\bin;C:\Users\Thanh Sang\.dotnet\tools;C:\Users\Thanh Sang\AppData\Roaming\Composer\vendor\bin;C:\Users\Thanh Sang\AppData\Roaming\npm
USERNAME=Thanh Sang
OS=Windows_NT
PROCESSOR_IDENTIFIER=Intel64 Family 6 Model 60 Stepping 3, GenuineIntel



---------------  S Y S T E M  ---------------

OS: Windows 10.0 , 64 bit Build 19041 (10.0.19041.1706)

CPU:total 8 (initial active 8) (4 cores per cpu, 2 threads per core) family 6 model 60 stepping 3, cmov, cx8, fxsr, mmx, sse, sse2, sse3, ssse3, sse4.1, sse4.2, popcnt, avx, avx2, aes, clmul, erms, lzcnt, ht, tsc, tscinvbit, bmi1, bmi2

Memory: 4k page, physical 8182124k(196664k free), swap 14316000k(59736k free)

vm_info: Java HotSpot(TM) 64-Bit Server VM (25.291-b10) for windows-amd64 JRE (1.8.0_291-b10), built on Apr  9 2021 00:02:00 by "java_re" with MS VC++ 15.9 (VS2017)

time: Thu May 12 18:22:29 2022
timezone: SE Asia Standard Time
elapsed time: 45.003398 seconds (0d 0h 0m 45s)

